[BEGIN] 26/06/2017 03:03:02 PM
[26/06/2017 03:03:02 PM] Connecting to 10.119.211.75
[26/06/2017 03:03:02 PM] USER[1007033524], PC[10.119.236.192], TARGET[10.119.211.75]
[26/06/2017 03:03:02 PM] Warning: your password will expire in 1 day
[26/06/2017 03:03:02 PM] Last login: Mon Jun 26 07:56:11 2017 from 10.119.200.44
[26/06/2017 03:03:02 PM] 
[26/06/2017 03:03:02 PM] INFORMATION: This session will expire after 8144 hours and 56 minutes.
[26/06/2017 03:03:16 PM] [xtmplsk@LGDEBWHUBH1 ~]$ su -
[26/06/2017 03:03:18 PM] Password: 
[26/06/2017 03:03:34 PM] [root@LGDEBWHUBH1 ~]# useradd xadmlvd
[26/06/2017 03:03:42 PM] [root@LGDEBWHUBH1 ~]# passwd xadmlvd
[26/06/2017 03:03:42 PM] Changing password for user xadmlvd.
[26/06/2017 03:03:55 PM] New password:  
[26/06/2017 03:03:56 PM] Retype new password: 
[26/06/2017 03:03:56 PM] passwd: all authentication tokens updated successfully.
[26/06/2017 03:04:07 PM] [root@LGDEBWHUBH1 ~]# exit
[26/06/2017 03:04:07 PM] logout
[26/06/2017 03:04:09 PM] [xtmplsk@LGDEBWHUBH1 ~]$ 
[26/06/2017 03:04:09 PM] Connection closed by foreign host.

[END] 26/06/2017 03:04:09 PM
