[BEGIN] 6/21/2017 01:30:23 PM
[6/21/2017 01:30:23 PM] Connecting to 10.119.211.179
[6/21/2017 01:30:23 PM] USER[1007033524], PC[10.119.236.192], TARGET[10.119.211.179]
[6/21/2017 01:30:23 PM] Last successful login:       Wed Jun 21 08:58:40 TST 2017 10.119.200.44  
[6/21/2017 01:30:23 PM] Last authentication failure: Tue Jun 20 17:34:18 TST 2017 lgdabuh3  
[6/21/2017 01:30:23 PM] Last login: Wed Jun 21 08:58:40 2017 from 10.119.200.44
[6/21/2017 01:30:23 PM] Warning!! Authorized users only. All activity may be monitored and reported.
[6/21/2017 01:30:23 PM] 
[6/21/2017 01:30:23 PM] 
[6/21/2017 01:30:23 PM] INFORMATION: This session will expire after 8266 hours and 29 minutes.
[6/21/2017 01:30:23 PM] (c)Copyright 1983-2006 Hewlett-Packard Development Company, L.P.
[6/21/2017 01:30:23 PM] (c)Copyright 1979, 1980, 1983, 1985-1993 The Regents of the Univ. of California
[6/21/2017 01:30:23 PM] (c)Copyright 1980, 1984, 1986 Novell, Inc.
[6/21/2017 01:30:23 PM] (c)Copyright 1986-2000 Sun Microsystems, Inc.
[6/21/2017 01:30:23 PM] (c)Copyright 1985, 1986, 1988 Massachusetts Institute of Technology
[6/21/2017 01:30:23 PM] (c)Copyright 1989-1993  The Open Software Foundation, Inc.
[6/21/2017 01:30:23 PM] (c)Copyright 1990 Motorola, Inc.
[6/21/2017 01:30:23 PM] (c)Copyright 1990, 1991, 1992 Cornell University
[6/21/2017 01:30:23 PM] (c)Copyright 1989-1991 The University of Maryland
[6/21/2017 01:30:23 PM] (c)Copyright 1988 Carnegie Mellon University
[6/21/2017 01:30:23 PM] (c)Copyright 1991-2006 Mentat Inc.
[6/21/2017 01:30:23 PM] (c)Copyright 1996 Morning Star Technologies, Inc.
[6/21/2017 01:30:23 PM] (c)Copyright 1996 Progressive Systems, Inc.
[6/21/2017 01:30:23 PM] 
[6/21/2017 01:30:23 PM] Confidential computer software. Valid license from HP required for
[6/21/2017 01:30:23 PM] possession, use or copying.  Consistent with FAR 12.211 and 12.212,
[6/21/2017 01:30:23 PM] Commercial Computer Software, Computer Software Documentation, and
[6/21/2017 01:30:23 PM] Technical Data for Commercial Items are licensed to the U.S. Government
[6/21/2017 01:30:23 PM] under vendor's standard commercial license.
[6/21/2017 01:30:23 PM] 
[6/21/2017 01:30:23 PM] Warning!! Authorized users only. All activity may be monitored and reported.
[6/21/2017 01:30:23 PM] 
[6/21/2017 01:30:24 PM] ll
[6/21/2017 01:30:37 PM] LGDABUH2:/home/sysadm01>cd ~mesdep02                                                                                                                                                    
[6/21/2017 01:30:38 PM] LGDABUH2:/home/mesdep02>ll
[6/21/2017 01:30:38 PM] total 1992064
[6/21/2017 01:30:38 PM] -rw-r--r--   1 mesdep02   mesdep02   26810376 Jun  2 11:27 AAPsvr
[6/21/2017 01:30:38 PM] -rw-r--r--   1 mesdep02   mesdep02   86777696 Jun  2 11:28 APCsvr
[6/21/2017 01:30:38 PM] -rw-r--r--   1 mesdep02   mesdep02   76285472 Jun  2 11:28 APSsvr
[6/21/2017 01:30:38 PM] -rw-r--r--   1 mesdep02   mesdep02   5587824 Jun  2 11:28 ARCapp
[6/21/2017 01:30:38 PM] -rw-r--r--   1 mesdep02   mesdep02   5511336 Jun  2 11:28 ARCapp_MULTIFAB
[6/21/2017 01:30:38 PM] -rw-r--r--   1 mesdep02   mesdep02   4061720 Jun  2 11:28 DLSsvr
[6/21/2017 01:30:38 PM] -rw-r--r--   1 mesdep02   mesdep02   18583440 Jun  2 11:28 DLYsvr
[6/21/2017 01:30:38 PM] -rw-r--r--   1 mesdep02   mesdep02   126495216 Jun 21 09:22 EDPsvr
[6/21/2017 01:30:38 PM] -rw-r--r--   1 mesdep02   mesdep02   13408536 Jun  2 11:29 EDSsvr
[6/21/2017 01:30:38 PM] -rw-r--r--   1 mesdep02   mesdep02   4822496 Jun  2 11:29 EIFsvr
[6/21/2017 01:30:38 PM] -rw-r--r--   1 mesdep02   mesdep02   87182880 Jun  2 11:30 EPPsvr
[6/21/2017 01:30:38 PM] -rw-r--r--   1 mesdep02   mesdep02   202737432 Jun 21 13:27 GUIsvr
[6/21/2017 01:30:38 PM] -rw-r--r--   1 mesdep02   mesdep02        17 Jun  2 11:31 JEUS_boot
[6/21/2017 01:30:38 PM] -rw-r--r--   1 mesdep02   mesdep02        17 Jun  2 11:31 JEUS_down
[6/21/2017 01:30:38 PM] -rw-r--r--   1 mesdep02   mesdep02   4347712 Jun  2 11:31 LOGsvr
[6/21/2017 01:30:38 PM] -rw-r--r--   1 mesdep02   mesdep02   19391320 Jun 21 09:20 MAILapp
[6/21/2017 01:30:38 PM] -rw-r--r--   1 mesdep02   mesdep02   5250464 Jun  2 11:32 MAILsvr
[6/21/2017 01:30:38 PM] -rw-r--r--   1 mesdep02   mesdep02   57310368 Jun  2 13:55 MATsvr
[6/21/2017 01:30:38 PM] -rw-r--r--   1 mesdep02   mesdep02   11323880 Jun  2 11:32 MDLsvr
[6/21/2017 01:30:38 PM] -rw-r--r--   1 mesdep02   mesdep02   2659184 Jun  2 11:32 MPSsvr
[6/21/2017 01:30:38 PM] -rw-r--r--   1 mesdep02   mesdep02   8602896 Jun  2 11:32 PPCsvr
[6/21/2017 01:30:38 PM] -rw-r--r--   1 mesdep02   mesdep02   4347448 Jun  2 11:32 PROsvr
[6/21/2017 01:30:38 PM] -rw-r--r--   1 mesdep02   mesdep02   5867976 Jun  2 11:32 PRSsvr
[6/21/2017 01:30:38 PM] -rw-r--r--   1 mesdep02   mesdep02   15247712 Jun  2 11:32 PTFsvr
[6/21/2017 01:30:38 PM] -rw-r--r--   1 mesdep02   mesdep02   15182824 Jun  2 11:32 PTFsvr_MULTIFAB
[6/21/2017 01:30:38 PM] -rw-r--r--   1 mesdep02   mesdep02   80360528 Jun  2 11:33 RCPsvr
[6/21/2017 01:30:38 PM] -rw-r--r--   1 mesdep02   mesdep02   10401304 Jun  2 11:33 RDXsvr
[6/21/2017 01:30:38 PM] -rw-r--r--   1 mesdep02   mesdep02   6125088 Jun  2 11:33 RTREVPsvr
[6/21/2017 01:30:39 PM] -rw-r--r--   1 mesdep02   mesdep02   9337288 Jun  2 11:33 RTRsvr
[6/21/2017 01:30:39 PM] -rw-r--r--   1 mesdep02   mesdep02   4829832 Jun  2 11:33 SMSsvr
[6/21/2017 01:30:39 PM] -rw-r--r--   1 mesdep02   mesdep02   2462304 Jun  2 11:33 SQLsvr
[6/21/2017 01:30:39 PM] -rw-r--r--   1 mesdep02   mesdep02   87250456 Jun 21 13:30 TAPsvr
[6/21/2017 01:30:39 PM] -rw-r--r--   1 mesdep02   mesdep02   4476120 Jun  2 11:34 TIMsvr
[6/21/2017 01:30:39 PM] -rw-r--r--   1 mesdep02   mesdep02   4823624 Jun  2 11:34 UIFsvr
[6/21/2017 01:30:39 PM] -rw-r--r--   1 mesdep02   mesdep02   5160232 Jun  2 11:34 USRRsvr
[6/21/2017 01:30:39 PM] -rwxr-xr-x   1 mesdep02   mesdep02      1141 Jun  2 11:27 copy_bin_all
[6/21/2017 01:30:39 PM] -rwxr-xr-x   1 mesdep02   mesdep02       100 Jun  2 11:13 copy_bin_mesdevp2
[6/21/2017 01:30:39 PM] drwxr-xr-x   2 mesdep02   mesdep02        96 Jun  1 18:14 deploy_rep
[6/21/2017 01:31:44 PM] LGDABUH2:/home/mesdep02>ll          
[6/21/2017 01:31:47 PM] LGDABUH2:/home/mesdep02>ls -l
[6/21/2017 01:31:47 PM] total 1999168
[6/21/2017 01:31:47 PM] -rw-r--r--   1 mesdep02   mesdep02   27205864 Jun 21 13:31 AAPsvr
[6/21/2017 01:31:47 PM] -rw-r--r--   1 mesdep02   mesdep02   86777696 Jun  2 11:28 APCsvr
[6/21/2017 01:31:47 PM] -rw-r--r--   1 mesdep02   mesdep02   76285472 Jun  2 11:28 APSsvr
[6/21/2017 01:31:47 PM] -rw-r--r--   1 mesdep02   mesdep02   5587824 Jun  2 11:28 ARCapp
[6/21/2017 01:31:47 PM] -rw-r--r--   1 mesdep02   mesdep02   5511336 Jun  2 11:28 ARCapp_MULTIFAB
[6/21/2017 01:31:47 PM] -rw-r--r--   1 mesdep02   mesdep02   4061720 Jun  2 11:28 DLSsvr
[6/21/2017 01:31:47 PM] -rw-r--r--   1 mesdep02   mesdep02   18583440 Jun  2 11:28 DLYsvr
[6/21/2017 01:31:47 PM] -rw-r--r--   1 mesdep02   mesdep02   126495216 Jun 21 09:22 EDPsvr
[6/21/2017 01:31:47 PM] -rw-r--r--   1 mesdep02   mesdep02   13408536 Jun  2 11:29 EDSsvr
[6/21/2017 01:31:47 PM] -rw-r--r--   1 mesdep02   mesdep02   4822496 Jun  2 11:29 EIFsvr
[6/21/2017 01:31:47 PM] -rw-r--r--   1 mesdep02   mesdep02   87182880 Jun  2 11:30 EPPsvr
[6/21/2017 01:31:47 PM] -rw-r--r--   1 mesdep02   mesdep02   202737432 Jun 21 13:27 GUIsvr
[6/21/2017 01:31:47 PM] -rw-r--r--   1 mesdep02   mesdep02        17 Jun  2 11:31 JEUS_boot
[6/21/2017 01:31:47 PM] -rw-r--r--   1 mesdep02   mesdep02        17 Jun  2 11:31 JEUS_down
[6/21/2017 01:31:47 PM] -rw-r--r--   1 mesdep02   mesdep02   4347712 Jun  2 11:31 LOGsvr
[6/21/2017 01:31:47 PM] -rw-r--r--   1 mesdep02   mesdep02   19391320 Jun 21 09:20 MAILapp
[6/21/2017 01:31:47 PM] -rw-r--r--   1 mesdep02   mesdep02   5250464 Jun  2 11:32 MAILsvr
[6/21/2017 01:31:47 PM] -rw-r--r--   1 mesdep02   mesdep02   57310368 Jun  2 13:55 MATsvr
[6/21/2017 01:31:47 PM] -rw-r--r--   1 mesdep02   mesdep02   11323880 Jun  2 11:32 MDLsvr
[6/21/2017 01:31:47 PM] -rw-r--r--   1 mesdep02   mesdep02   2659184 Jun  2 11:32 MPSsvr
[6/21/2017 01:31:47 PM] -rw-r--r--   1 mesdep02   mesdep02   8602896 Jun  2 11:32 PPCsvr
[6/21/2017 01:31:47 PM] -rw-r--r--   1 mesdep02   mesdep02   4347448 Jun  2 11:32 PROsvr
[6/21/2017 01:31:47 PM] -rw-r--r--   1 mesdep02   mesdep02   5867976 Jun  2 11:32 PRSsvr
[6/21/2017 01:31:47 PM] -rw-r--r--   1 mesdep02   mesdep02   15247712 Jun  2 11:32 PTFsvr
[6/21/2017 01:31:47 PM] -rw-r--r--   1 mesdep02   mesdep02   15182824 Jun  2 11:32 PTFsvr_MULTIFAB
[6/21/2017 01:31:47 PM] -rw-r--r--   1 mesdep02   mesdep02   80360528 Jun  2 11:33 RCPsvr
[6/21/2017 01:31:47 PM] -rw-r--r--   1 mesdep02   mesdep02   10401304 Jun  2 11:33 RDXsvr
[6/21/2017 01:31:47 PM] -rw-r--r--   1 mesdep02   mesdep02   6125088 Jun  2 11:33 RTREVPsvr
[6/21/2017 01:31:47 PM] -rw-r--r--   1 mesdep02   mesdep02   9337288 Jun  2 11:33 RTRsvr
[6/21/2017 01:31:47 PM] -rw-r--r--   1 mesdep02   mesdep02   4829832 Jun  2 11:33 SMSsvr
[6/21/2017 01:31:47 PM] -rw-r--r--   1 mesdep02   mesdep02   2462304 Jun  2 11:33 SQLsvr
[6/21/2017 01:31:47 PM] -rw-r--r--   1 mesdep02   mesdep02   87250456 Jun 21 13:30 TAPsvr
[6/21/2017 01:31:47 PM] -rw-r--r--   1 mesdep02   mesdep02   4476120 Jun  2 11:34 TIMsvr
[6/21/2017 01:31:47 PM] -rw-r--r--   1 mesdep02   mesdep02   4823624 Jun  2 11:34 UIFsvr
[6/21/2017 01:31:47 PM] -rw-r--r--   1 mesdep02   mesdep02   5160232 Jun  2 11:34 USRRsvr
[6/21/2017 01:31:47 PM] -rwxr-xr-x   1 mesdep02   mesdep02      1141 Jun  2 11:27 copy_bin_all
[6/21/2017 01:31:47 PM] -rwxr-xr-x   1 mesdep02   mesdep02       100 Jun  2 11:13 copy_bin_mesdevp2
[6/21/2017 01:31:47 PM] drwxr-xr-x   2 mesdep02   mesdep02        96 Jun  1 18:14 deploy_rep
[6/21/2017 01:31:56 PM] LGDABUH2:/home/mesdep02>type ll
[6/21/2017 01:31:56 PM] ll is /usr/bin/ll
[6/21/2017 01:32:01 PM] LGDABUH2:/home/mesdep02>ll
[6/21/2017 01:32:01 PM] total 1999168
[6/21/2017 01:32:01 PM] -rw-r--r--   1 mesdep02   mesdep02   27205864 Jun 21 13:31 AAPsvr
[6/21/2017 01:32:01 PM] -rw-r--r--   1 mesdep02   mesdep02   86777696 Jun  2 11:28 APCsvr
[6/21/2017 01:32:01 PM] -rw-r--r--   1 mesdep02   mesdep02   76285472 Jun  2 11:28 APSsvr
[6/21/2017 01:32:01 PM] -rw-r--r--   1 mesdep02   mesdep02   5587824 Jun  2 11:28 ARCapp
[6/21/2017 01:32:01 PM] -rw-r--r--   1 mesdep02   mesdep02   5511336 Jun  2 11:28 ARCapp_MULTIFAB
[6/21/2017 01:32:01 PM] -rw-r--r--   1 mesdep02   mesdep02   4061720 Jun  2 11:28 DLSsvr
[6/21/2017 01:32:01 PM] -rw-r--r--   1 mesdep02   mesdep02   18583440 Jun  2 11:28 DLYsvr
[6/21/2017 01:32:01 PM] -rw-r--r--   1 mesdep02   mesdep02   126495216 Jun 21 09:22 EDPsvr
[6/21/2017 01:32:01 PM] -rw-r--r--   1 mesdep02   mesdep02   13408536 Jun  2 11:29 EDSsvr
[6/21/2017 01:32:01 PM] -rw-r--r--   1 mesdep02   mesdep02   4822496 Jun  2 11:29 EIFsvr
[6/21/2017 01:32:01 PM] -rw-r--r--   1 mesdep02   mesdep02   87182880 Jun  2 11:30 EPPsvr
[6/21/2017 01:32:01 PM] -rw-r--r--   1 mesdep02   mesdep02   202737432 Jun 21 13:27 GUIsvr
[6/21/2017 01:32:01 PM] -rw-r--r--   1 mesdep02   mesdep02        17 Jun  2 11:31 JEUS_boot
[6/21/2017 01:32:01 PM] -rw-r--r--   1 mesdep02   mesdep02        17 Jun  2 11:31 JEUS_down
[6/21/2017 01:32:01 PM] -rw-r--r--   1 mesdep02   mesdep02   4347712 Jun  2 11:31 LOGsvr
[6/21/2017 01:32:01 PM] -rw-r--r--   1 mesdep02   mesdep02   19391320 Jun 21 09:20 MAILapp
[6/21/2017 01:32:01 PM] -rw-r--r--   1 mesdep02   mesdep02   5250464 Jun  2 11:32 MAILsvr
[6/21/2017 01:32:01 PM] -rw-r--r--   1 mesdep02   mesdep02   57310368 Jun  2 13:55 MATsvr
[6/21/2017 01:32:01 PM] -rw-r--r--   1 mesdep02   mesdep02   11323880 Jun  2 11:32 MDLsvr
[6/21/2017 01:32:01 PM] -rw-r--r--   1 mesdep02   mesdep02   2659184 Jun  2 11:32 MPSsvr
[6/21/2017 01:32:01 PM] -rw-r--r--   1 mesdep02   mesdep02   8602896 Jun  2 11:32 PPCsvr
[6/21/2017 01:32:01 PM] -rw-r--r--   1 mesdep02   mesdep02   4347448 Jun  2 11:32 PROsvr
[6/21/2017 01:32:01 PM] -rw-r--r--   1 mesdep02   mesdep02   5867976 Jun  2 11:32 PRSsvr
[6/21/2017 01:32:01 PM] -rw-r--r--   1 mesdep02   mesdep02   15247712 Jun  2 11:32 PTFsvr
[6/21/2017 01:32:01 PM] -rw-r--r--   1 mesdep02   mesdep02   15182824 Jun  2 11:32 PTFsvr_MULTIFAB
[6/21/2017 01:32:01 PM] -rw-r--r--   1 mesdep02   mesdep02   80360528 Jun  2 11:33 RCPsvr
[6/21/2017 01:32:01 PM] -rw-r--r--   1 mesdep02   mesdep02   10401304 Jun  2 11:33 RDXsvr
[6/21/2017 01:32:01 PM] -rw-r--r--   1 mesdep02   mesdep02   6125088 Jun  2 11:33 RTREVPsvr
[6/21/2017 01:32:01 PM] -rw-r--r--   1 mesdep02   mesdep02   9337288 Jun  2 11:33 RTRsvr
[6/21/2017 01:32:01 PM] -rw-r--r--   1 mesdep02   mesdep02   4829832 Jun  2 11:33 SMSsvr
[6/21/2017 01:32:01 PM] -rw-r--r--   1 mesdep02   mesdep02   2462304 Jun  2 11:33 SQLsvr
[6/21/2017 01:32:01 PM] -rw-r--r--   1 mesdep02   mesdep02   87250456 Jun 21 13:30 TAPsvr
[6/21/2017 01:32:01 PM] -rw-r--r--   1 mesdep02   mesdep02   4476120 Jun  2 11:34 TIMsvr
[6/21/2017 01:32:01 PM] -rw-r--r--   1 mesdep02   mesdep02   4823624 Jun  2 11:34 UIFsvr
[6/21/2017 01:32:01 PM] -rw-r--r--   1 mesdep02   mesdep02   5160232 Jun  2 11:34 USRRsvr
[6/21/2017 01:32:01 PM] -rwxr-xr-x   1 mesdep02   mesdep02      1141 Jun  2 11:27 copy_bin_all
[6/21/2017 01:32:01 PM] -rwxr-xr-x   1 mesdep02   mesdep02       100 Jun  2 11:13 copy_bin_mesdevp2
[6/21/2017 01:32:01 PM] drwxr-xr-x   2 mesdep02   mesdep02        96 Jun  1 18:14 deploy_rep
[6/21/2017 01:32:21 PM] LGDABUH2:/home/mesdep02>ll | grep A
[6/21/2017 01:32:21 PM] -rw-r--r--   1 mesdep02   mesdep02   27205864 Jun 21 13:31 AAPsvr
[6/21/2017 01:32:21 PM] -rw-r--r--   1 mesdep02   mesdep02   86777696 Jun  2 11:28 APCsvr
[6/21/2017 01:32:21 PM] -rw-r--r--   1 mesdep02   mesdep02   76285472 Jun  2 11:28 APSsvr
[6/21/2017 01:32:21 PM] -rw-r--r--   1 mesdep02   mesdep02   5587824 Jun  2 11:28 ARCapp
[6/21/2017 01:32:21 PM] -rw-r--r--   1 mesdep02   mesdep02   5511336 Jun  2 11:28 ARCapp_MULTIFAB
[6/21/2017 01:32:21 PM] -rw-r--r--   1 mesdep02   mesdep02   19391320 Jun 21 09:20 MAILapp
[6/21/2017 01:32:21 PM] -rw-r--r--   1 mesdep02   mesdep02   5250464 Jun  2 11:32 MAILsvr
[6/21/2017 01:32:21 PM] -rw-r--r--   1 mesdep02   mesdep02   57310368 Jun  2 13:55 MATsvr
[6/21/2017 01:32:21 PM] -rw-r--r--   1 mesdep02   mesdep02   15182824 Jun  2 11:32 PTFsvr_MULTIFAB
[6/21/2017 01:32:21 PM] -rw-r--r--   1 mesdep02   mesdep02   87250456 Jun 21 13:30 TAPsvr
[6/21/2017 01:32:26 PM] LGDABUH2:/home/mesdep02>ls
[6/21/2017 01:32:26 PM] AAPsvr             ARCapp_MULTIFAB    EDSsvr             JEUS_boot          MAILsvr            PPCsvr             PTFsvr_MULTIFAB    RTRsvr             TIMsvr             copy_bin_mesdevp2
[6/21/2017 01:32:26 PM] APCsvr             DLSsvr             EIFsvr             JEUS_down          MATsvr             PROsvr             RCPsvr             SMSsvr             UIFsvr             deploy_rep
[6/21/2017 01:32:26 PM] APSsvr             DLYsvr             EPPsvr             LOGsvr             MDLsvr             PRSsvr             RDXsvr             SQLsvr             USRRsvr
[6/21/2017 01:32:26 PM] ARCapp             EDPsvr             GUIsvr             MAILapp            MPSsvr             PTFsvr             RTREVPsvr          TAPsvr             copy_bin_all
[6/21/2017 01:33:15 PM] LGDABUH2:/home/mesdep02>ll | grep A*
[6/21/2017 01:43:44 PM] LGDABUH2:/home/mesdep02>ll | grep A 
[6/21/2017 01:43:44 PM] -rw-r--r--   1 mesdep02   mesdep02   27205864 Jun 21 13:31 AAPsvr
[6/21/2017 01:43:44 PM] -rw-r--r--   1 mesdep02   mesdep02   87018208 Jun 21 13:34 APCsvr
[6/21/2017 01:43:44 PM] -rw-r--r--   1 mesdep02   mesdep02   76285472 Jun  2 11:28 APSsvr
[6/21/2017 01:43:44 PM] -rw-r--r--   1 mesdep02   mesdep02   5587824 Jun  2 11:28 ARCapp
[6/21/2017 01:43:44 PM] -rw-r--r--   1 mesdep02   mesdep02   5511336 Jun  2 11:28 ARCapp_MULTIFAB
[6/21/2017 01:43:44 PM] -rw-r--r--   1 mesdep02   mesdep02   19391320 Jun 21 09:20 MAILapp
[6/21/2017 01:43:44 PM] -rw-r--r--   1 mesdep02   mesdep02   5250464 Jun  2 11:32 MAILsvr
[6/21/2017 01:43:44 PM] -rw-r--r--   1 mesdep02   mesdep02   57310368 Jun  2 13:55 MATsvr
[6/21/2017 01:43:44 PM] -rw-r--r--   1 mesdep02   mesdep02   15182824 Jun  2 11:32 PTFsvr_MULTIFAB
[6/21/2017 01:43:44 PM] -rw-r--r--   1 mesdep02   mesdep02   87250456 Jun 21 13:30 TAPsvr
[6/21/2017 02:10:16 PM] LGDABUH2:/home/mesdep02>exit
[6/21/2017 02:10:16 PM] logout
[6/21/2017 02:10:16 PM] 
[6/21/2017 02:10:16 PM] Connection closed by foreign host.

[END] 6/21/2017 02:10:16 PM
