[BEGIN] 26/06/2017 04:34:33 PM
[26/06/2017 04:34:33 PM] Connecting to 10.119.211.172
[26/06/2017 04:34:33 PM] USER[1007033524], PC[10.119.236.192], TARGET[10.119.211.172]
[26/06/2017 04:34:33 PM] Last successful login:       Mon Jun 19 16:56:39 TST 2017 LGDCEDH2  
[26/06/2017 04:34:33 PM] Last authentication failure: Tue Jun 13 14:01:05 TST 2017 LGDCEDH2  
[26/06/2017 04:34:33 PM] Last login: Thu Jun  1 11:27:49 2017
[26/06/2017 04:34:33 PM] 
[26/06/2017 04:34:33 PM] INFORMATION: This session will expire after 8143 hours and 25 minutes.
[26/06/2017 04:34:33 PM] Warning!! Authorized users only. All activity may be monitored and reported.
[26/06/2017 04:34:33 PM] 
[26/06/2017 04:34:33 PM] (c)Copyright 1983-2006 Hewlett-Packard Development Company, L.P.
[26/06/2017 04:34:33 PM] (c)Copyright 1979, 1980, 1983, 1985-1993 The Regents of the Univ. of California
[26/06/2017 04:34:33 PM] (c)Copyright 1980, 1984, 1986 Novell, Inc.
[26/06/2017 04:34:33 PM] (c)Copyright 1986-2000 Sun Microsystems, Inc.
[26/06/2017 04:34:33 PM] (c)Copyright 1985, 1986, 1988 Massachusetts Institute of Technology
[26/06/2017 04:34:33 PM] (c)Copyright 1989-1993  The Open Software Foundation, Inc.
[26/06/2017 04:34:33 PM] (c)Copyright 1990 Motorola, Inc.
[26/06/2017 04:34:33 PM] (c)Copyright 1990, 1991, 1992 Cornell University
[26/06/2017 04:34:33 PM] (c)Copyright 1989-1991 The University of Maryland
[26/06/2017 04:34:33 PM] (c)Copyright 1988 Carnegie Mellon University
[26/06/2017 04:34:33 PM] (c)Copyright 1991-2006 Mentat Inc.
[26/06/2017 04:34:33 PM] (c)Copyright 1996 Morning Star Technologies, Inc.
[26/06/2017 04:34:33 PM] (c)Copyright 1996 Progressive Systems, Inc.
[26/06/2017 04:34:33 PM] 
[26/06/2017 04:34:33 PM] Confidential computer software. Valid license from HP required for
[26/06/2017 04:34:33 PM] possession, use or copying.  Consistent with FAR 12.211 and 12.212,
[26/06/2017 04:34:33 PM] Commercial Computer Software, Computer Software Documentation, and
[26/06/2017 04:34:33 PM] Technical Data for Commercial Items are licensed to the U.S. Government
[26/06/2017 04:34:33 PM] under vendor's standard commercial license.
[26/06/2017 04:34:33 PM] 
[26/06/2017 04:34:33 PM] Warning!! Authorized users only. All activity may be monitored and reported.
[26/06/2017 04:34:33 PM] 
[26/06/2017 04:34:33 PM] You have mail.
[26/06/2017 04:34:34 PM]                                                                                                                                         
[26/06/2017 04:34:34 PM] Value of TERM has been set to "vt100". 
[26/06/2017 04:34:34 PM] WARNING:  YOU ARE SUPERUSER !!
[26/06/2017 04:34:34 PM] 
[26/06/2017 04:34:54 PM] LGDCEDH2:/>e
[26/06/2017 04:34:54 PM] Connection closed by foreign host.

[END] 26/06/2017 04:34:54 PM
