[BEGIN] 26/06/2017 03:00:36 PM
[26/06/2017 03:00:36 PM] Disconnected from remote host(VH Module DFS #1 (LGDFMODFSH1)) at 14:59:37.
Type `help' to learn how to use Xshell prompt.
[e:\~]$ 
Looking up proxy server '10.119.200.44'...
Host '10.119.200.44' resolved to 10.119.200.44.
Connecting to 10.119.200.44:21080...
Connection established.
To escape to local shell, press 'Ctrl+Alt+]'.
Connecting to 10.119.211.157
[26/06/2017 03:00:37 PM] USER[1007033524], PC[10.119.236.192], TARGET[10.119.211.157]
[26/06/2017 03:00:37 PM] Last successful login:       Sat Jun 24 11:39:44 TST 2017 10.119.200.44  
[26/06/2017 03:00:37 PM] Last authentication failure: Thu Jun 15 19:10:02 TST 2017 ::ffff:10.119.200.45  
[26/06/2017 03:00:37 PM] Last login: Sat Jun 24 11:39:44 2017 from 10.119.200.44
[26/06/2017 03:00:37 PM] Warning!! Authorized users only. All activity may be monitored and reported.
[26/06/2017 03:00:37 PM] 
[26/06/2017 03:00:37 PM] 
[26/06/2017 03:00:37 PM] INFORMATION: This session will expire after 8144 hours and 59 minutes.
[26/06/2017 03:00:37 PM] (c)Copyright 1983-2006 Hewlett-Packard Development Company, L.P.
[26/06/2017 03:00:37 PM] (c)Copyright 1979, 1980, 1983, 1985-1993 The Regents of the Univ. of California
[26/06/2017 03:00:37 PM] (c)Copyright 1980, 1984, 1986 Novell, Inc.
[26/06/2017 03:00:37 PM] (c)Copyright 1986-2000 Sun Microsystems, Inc.
[26/06/2017 03:00:37 PM] (c)Copyright 1985, 1986, 1988 Massachusetts Institute of Technology
[26/06/2017 03:00:37 PM] (c)Copyright 1989-1993  The Open Software Foundation, Inc.
[26/06/2017 03:00:37 PM] (c)Copyright 1990 Motorola, Inc.
[26/06/2017 03:00:37 PM] (c)Copyright 1990, 1991, 1992 Cornell University
[26/06/2017 03:00:37 PM] (c)Copyright 1989-1991 The University of Maryland
[26/06/2017 03:00:37 PM] (c)Copyright 1988 Carnegie Mellon University
[26/06/2017 03:00:37 PM] (c)Copyright 1991-2006 Mentat Inc.
[26/06/2017 03:00:37 PM] (c)Copyright 1996 Morning Star Technologies, Inc.
[26/06/2017 03:00:37 PM] (c)Copyright 1996 Progressive Systems, Inc.
[26/06/2017 03:00:37 PM] 
[26/06/2017 03:00:37 PM] Confidential computer software. Valid license from HP required for
[26/06/2017 03:00:37 PM] possession, use or copying.  Consistent with FAR 12.211 and 12.212,
[26/06/2017 03:00:37 PM] Commercial Computer Software, Computer Software Documentation, and
[26/06/2017 03:00:37 PM] Technical Data for Commercial Items are licensed to the U.S. Government
[26/06/2017 03:00:37 PM] under vendor's standard commercial license.
[26/06/2017 03:00:37 PM] 
[26/06/2017 03:00:37 PM] Warning!! Authorized users only. All activity may be monitored and reported.
[26/06/2017 03:00:37 PM] 
[26/06/2017 03:00:44 PM] LGDDMEH3:/home/sysadm01>cat /etc/passwd                                                                                                                                                 
[26/06/2017 03:00:44 PM] root:x:0:3::/:/sbin/sh
[26/06/2017 03:00:44 PM] daemon:x:1:5::/:/sbin/sh
[26/06/2017 03:00:44 PM] bin:x:2:2::/usr/bin:/sbin/sh
[26/06/2017 03:00:44 PM] sys:x:3:3::/:
[26/06/2017 03:00:44 PM] adm:x:4:4::/var/adm:/sbin/sh
[26/06/2017 03:00:44 PM] uucp:x:5:3::/var/spool/uucppublic:/usr/lbin/uucp/uucico
[26/06/2017 03:00:44 PM] lp:x:9:7::/var/spool/lp:/sbin/sh
[26/06/2017 03:00:44 PM] nuucp:x:11:11::/var/spool/uucppublic:/usr/lbin/uucp/uucico
[26/06/2017 03:00:44 PM] hpdb:x:27:1:ALLBASE:/:/sbin/sh
[26/06/2017 03:00:44 PM] nobody:x:-2:-2::/:
[26/06/2017 03:00:44 PM] www:x:30:1::/:
[26/06/2017 03:00:44 PM] cimsrvr:x:101:101:WBEM Services:/var/opt/wbem:/sbin/sh
[26/06/2017 03:00:44 PM] smbnull:x:102:102:DO NOT USE OR DELETE - needed by Samba:/var/opt/samba/nologin:/bin/false
[26/06/2017 03:00:44 PM] opc_op:x:777:177:OVO default operator:/home/opc_op:/sbin/sh
[26/06/2017 03:00:44 PM] tftp:x:103:103:Trivial FTP user:/home/tftp:/usr/bin/false
[26/06/2017 03:00:44 PM] hpsmh:x:104:104:System Management Homepage:/var/opt/hpsmh:/sbin/sh
[26/06/2017 03:00:44 PM] sfmdb:x:105:20::/home/sfmdb:/sbin/sh
[26/06/2017 03:00:44 PM] sshd:x:106:105:sshd privsep:/var/empty:/bin/false
[26/06/2017 03:00:44 PM] iwww:x:107:1::/home/iwww:/sbin/sh
[26/06/2017 03:00:44 PM] owww:x:108:1::/home/owww:/sbin/sh
[26/06/2017 03:00:44 PM] orasvc01:x:2000:2000:Module MES Oracle DBMS Service Account:/engn1h1/orasvc01:/usr/bin/ksh
[26/06/2017 03:00:44 PM] shpsvc01:x:2010:2010:Module MES Sherpa Service Account:/engn1h1/shpsvc01:/usr/bin/ksh
[26/06/2017 03:00:44 PM] orasvc02:x:2500:2500:Panel MES Oracle DBMS Service Account:/engn2h1/orasvc02:/usr/bin/ksh
[26/06/2017 03:00:44 PM] shpsvc02:x:2510:2510:Panel MES Sherpa Service Account:/engn2h1/shpsvc02:/usr/bin/ksh
[26/06/2017 03:00:44 PM] messvcht:x:4010:4010:HT MES Cron Execution User Account:/engn1h1/messvcht:/usr/bin/ksh
[26/06/2017 03:00:44 PM] messvchm:x:4030:4030:HM MES Cron Execution User Account:/engn1h1/messvchm:/usr/bin/ksh
[26/06/2017 03:00:44 PM] messvcd5:x:4510:4510:D5 MES Cron Execution User Account:/engn2h1/messvcd5:/usr/bin/ksh
[26/06/2017 03:00:44 PM] eposvc01:x:3020:3020:Module MES EPO Agent Service Account:/engn1h1/eposvc01:/usr/bin/ksh
[26/06/2017 03:00:44 PM] eposvc02:x:3520:3520:Panel MES EPO Agent Service Account:/engn2h1/eposvc02:/usr/bin/ksh
[26/06/2017 03:00:44 PM] sysadm01:x:5000:5000:System Admin General Account:/home/sysadm01:/usr/bin/ksh
[26/06/2017 03:02:11 PM] LGDDMEH3:/home/sysadm01>exit
[26/06/2017 03:02:11 PM] logout
[26/06/2017 03:02:11 PM] 
[26/06/2017 03:02:11 PM] Connection closed by foreign host.

[END] 26/06/2017 03:02:11 PM
