[BEGIN] 6/21/2017 02:51:48 PM
[6/21/2017 02:51:48 PM] Connecting to 10.119.211.156
[6/21/2017 02:51:48 PM] USER[1007033524], PC[10.119.236.192], TARGET[10.119.211.156]
[6/21/2017 02:51:49 PM] Last successful login:       Wed Jun 21 14:46:43 TST 2017 10.119.200.44  
[6/21/2017 02:51:49 PM] Last login: Wed Jun 21 14:46:43 2017 from 10.119.200.44
[6/21/2017 02:51:49 PM] Warning!! Authorized users only. All activity may be monitored and reported.
[6/21/2017 02:51:49 PM] 
[6/21/2017 02:51:49 PM] 
[6/21/2017 02:51:49 PM] INFORMATION: This session will expire after 8265 hours and 8 minutes.
[6/21/2017 02:51:49 PM] (c)Copyright 1983-2006 Hewlett-Packard Development Company, L.P.
[6/21/2017 02:51:49 PM] (c)Copyright 1979, 1980, 1983, 1985-1993 The Regents of the Univ. of California
[6/21/2017 02:51:49 PM] (c)Copyright 1980, 1984, 1986 Novell, Inc.
[6/21/2017 02:51:49 PM] (c)Copyright 1986-2000 Sun Microsystems, Inc.
[6/21/2017 02:51:49 PM] (c)Copyright 1985, 1986, 1988 Massachusetts Institute of Technology
[6/21/2017 02:51:49 PM] (c)Copyright 1989-1993  The Open Software Foundation, Inc.
[6/21/2017 02:51:49 PM] (c)Copyright 1990 Motorola, Inc.
[6/21/2017 02:51:49 PM] (c)Copyright 1990, 1991, 1992 Cornell University
[6/21/2017 02:51:49 PM] (c)Copyright 1989-1991 The University of Maryland
[6/21/2017 02:51:49 PM] (c)Copyright 1988 Carnegie Mellon University
[6/21/2017 02:51:49 PM] (c)Copyright 1991-2006 Mentat Inc.
[6/21/2017 02:51:49 PM] (c)Copyright 1996 Morning Star Technologies, Inc.
[6/21/2017 02:51:49 PM] (c)Copyright 1996 Progressive Systems, Inc.
[6/21/2017 02:51:49 PM] 
[6/21/2017 02:51:49 PM] Confidential computer software. Valid license from HP required for
[6/21/2017 02:51:49 PM] possession, use or copying.  Consistent with FAR 12.211 and 12.212,
[6/21/2017 02:51:49 PM] Commercial Computer Software, Computer Software Documentation, and
[6/21/2017 02:51:49 PM] Technical Data for Commercial Items are licensed to the U.S. Government
[6/21/2017 02:51:49 PM] under vendor's standard commercial license.
[6/21/2017 02:51:49 PM] 
[6/21/2017 02:51:49 PM] Warning!! Authorized users only. All activity may be monitored and reported.
[6/21/2017 02:51:49 PM] 
[6/21/2017 02:51:54 PM] LGDDMEH2:/home/sysadm01>su - messvcd5                                                                                                                                                   
[6/21/2017 02:51:54 PM] Password: 
[6/21/2017 02:51:54 PM] (c)Copyright 1983-2006 Hewlett-Packard Development Company, L.P.
[6/21/2017 02:51:54 PM] (c)Copyright 1979, 1980, 1983, 1985-1993 The Regents of the Univ. of California
[6/21/2017 02:51:54 PM] (c)Copyright 1980, 1984, 1986 Novell, Inc.
[6/21/2017 02:51:54 PM] (c)Copyright 1986-2000 Sun Microsystems, Inc.
[6/21/2017 02:51:54 PM] (c)Copyright 1985, 1986, 1988 Massachusetts Institute of Technology
[6/21/2017 02:51:54 PM] (c)Copyright 1989-1993  The Open Software Foundation, Inc.
[6/21/2017 02:51:54 PM] (c)Copyright 1990 Motorola, Inc.
[6/21/2017 02:51:54 PM] (c)Copyright 1990, 1991, 1992 Cornell University
[6/21/2017 02:51:54 PM] (c)Copyright 1989-1991 The University of Maryland
[6/21/2017 02:51:54 PM] (c)Copyright 1988 Carnegie Mellon University
[6/21/2017 02:51:54 PM] (c)Copyright 1991-2006 Mentat Inc.
[6/21/2017 02:51:54 PM] (c)Copyright 1996 Morning Star Technologies, Inc.
[6/21/2017 02:51:54 PM] (c)Copyright 1996 Progressive Systems, Inc.
[6/21/2017 02:51:54 PM] 
[6/21/2017 02:51:54 PM] Confidential computer software. Valid license from HP required for
[6/21/2017 02:51:54 PM] possession, use or copying.  Consistent with FAR 12.211 and 12.212,
[6/21/2017 02:51:54 PM] Commercial Computer Software, Computer Software Documentation, and
[6/21/2017 02:51:54 PM] Technical Data for Commercial Items are licensed to the U.S. Government
[6/21/2017 02:51:54 PM] under vendor's standard commercial license.
[6/21/2017 02:51:54 PM] 
[6/21/2017 02:51:54 PM] Warning!! Authorized users only. All activity may be monitored and reported.
[6/21/2017 02:51:54 PM] 
[6/21/2017 02:51:54 PM] You have mail.
[6/21/2017 02:51:55 PM]                                                                                                                                                                                         
[6/21/2017 02:51:55 PM] Value of TERM has been set to "vt100". 
[6/21/2017 02:52:25 PM] LGDDMEH2:/engn2h1/messvcd5] exit
[6/21/2017 02:52:25 PM] logout
[6/21/2017 02:52:28 PM] LGDDMEH2:/home/sysadm01>exit
[6/21/2017 02:52:28 PM] logout
[6/21/2017 02:52:28 PM] 
[6/21/2017 02:52:28 PM] Connection closed by foreign host.

[END] 6/21/2017 02:52:28 PM
