[BEGIN] 6/21/2017 10:32:18 AM
[6/21/2017 10:32:18 AM] Disconnected from remote host(VH MES AP #3 (LGDAMEH3)) at 10:32:07.
Type `help' to learn how to use Xshell prompt.
[e:\~]$ 
Looking up proxy server '10.119.200.44'...
Host '10.119.200.44' resolved to 10.119.200.44.
Connecting to 10.119.200.44:21080...
Connection established.
To escape to local shell, press 'Ctrl+Alt+]'.
Connecting to 10.119.211.153
[6/21/2017 10:32:19 AM] USER[1007033524], PC[10.119.236.192], TARGET[10.119.211.153]
[6/21/2017 10:32:22 AM] Last successful login:       Wed Jun 21 10:30:38 TST 2017 10.119.200.44  
[6/21/2017 10:32:22 AM] Last login: Wed Jun 21 10:30:39 2017 from 10.119.200.44
[6/21/2017 10:32:22 AM] Warning!! Authorized users only. All activity may be monitored and reported.
[6/21/2017 10:32:22 AM] 
[6/21/2017 10:32:22 AM] 
[6/21/2017 10:32:22 AM] INFORMATION: This session will expire after 8269 hours and 27 minutes.
[6/21/2017 10:32:22 AM] (c)Copyright 1983-2006 Hewlett-Packard Development Company, L.P.
[6/21/2017 10:32:22 AM] (c)Copyright 1979, 1980, 1983, 1985-1993 The Regents of the Univ. of California
[6/21/2017 10:32:22 AM] (c)Copyright 1980, 1984, 1986 Novell, Inc.
[6/21/2017 10:32:22 AM] (c)Copyright 1986-2000 Sun Microsystems, Inc.
[6/21/2017 10:32:22 AM] (c)Copyright 1985, 1986, 1988 Massachusetts Institute of Technology
[6/21/2017 10:32:22 AM] (c)Copyright 1989-1993  The Open Software Foundation, Inc.
[6/21/2017 10:32:22 AM] (c)Copyright 1990 Motorola, Inc.
[6/21/2017 10:32:22 AM] (c)Copyright 1990, 1991, 1992 Cornell University
[6/21/2017 10:32:22 AM] (c)Copyright 1989-1991 The University of Maryland
[6/21/2017 10:32:22 AM] (c)Copyright 1988 Carnegie Mellon University
[6/21/2017 10:32:22 AM] (c)Copyright 1991-2006 Mentat Inc.
[6/21/2017 10:32:22 AM] (c)Copyright 1996 Morning Star Technologies, Inc.
[6/21/2017 10:32:22 AM] (c)Copyright 1996 Progressive Systems, Inc.
[6/21/2017 10:32:22 AM] 
[6/21/2017 10:32:22 AM] Confidential computer software. Valid license from HP required for
[6/21/2017 10:32:22 AM] possession, use or copying.  Consistent with FAR 12.211 and 12.212,
[6/21/2017 10:32:22 AM] Commercial Computer Software, Computer Software Documentation, and
[6/21/2017 10:32:22 AM] Technical Data for Commercial Items are licensed to the U.S. Government
[6/21/2017 10:32:22 AM] under vendor's standard commercial license.
[6/21/2017 10:32:22 AM] 
[6/21/2017 10:32:22 AM] Warning!! Authorized users only. All activity may be monitored and reported.
[6/21/2017 10:32:22 AM] 
[6/21/2017 10:32:22 AM] You have mail.
[6/21/2017 10:32:36 AM] LGDAMEH3:/home/sysadm01>                                                                                                                                                                
[6/21/2017 10:34:38 AM] LGDAMEH3:/home/sysadm01>exit
[6/21/2017 10:34:38 AM] logout
[6/21/2017 10:34:38 AM] 
[6/21/2017 10:34:38 AM] Connection closed by foreign host.

[END] 6/21/2017 10:34:38 AM
