[BEGIN] 6/21/2017 10:30:37 AM
[6/21/2017 10:30:37 AM] Connecting to 10.119.211.153
[6/21/2017 10:30:38 AM] USER[1007033524], PC[10.119.236.192], TARGET[10.119.211.153]
[6/21/2017 10:30:39 AM] Last successful login:       Wed Jun 21 10:20:52 TST 2017 10.119.200.44  
[6/21/2017 10:30:39 AM] Last login: Wed Jun 21 10:20:54 2017 from 10.119.200.44
[6/21/2017 10:30:39 AM] Warning!! Authorized users only. All activity may be monitored and reported.
[6/21/2017 10:30:39 AM] 
[6/21/2017 10:30:40 AM] 
[6/21/2017 10:30:40 AM] INFORMATION: This session will expire after 8269 hours and 29 minutes.
[6/21/2017 10:30:40 AM] (c)Copyright 1983-2006 Hewlett-Packard Development Company, L.P.
[6/21/2017 10:30:40 AM] (c)Copyright 1979, 1980, 1983, 1985-1993 The Regents of the Univ. of California
[6/21/2017 10:30:40 AM] (c)Copyright 1980, 1984, 1986 Novell, Inc.
[6/21/2017 10:30:40 AM] (c)Copyright 1986-2000 Sun Microsystems, Inc.
[6/21/2017 10:30:40 AM] (c)Copyright 1985, 1986, 1988 Massachusetts Institute of Technology
[6/21/2017 10:30:40 AM] (c)Copyright 1989-1993  The Open Software Foundation, Inc.
[6/21/2017 10:30:40 AM] (c)Copyright 1990 Motorola, Inc.
[6/21/2017 10:30:40 AM] (c)Copyright 1990, 1991, 1992 Cornell University
[6/21/2017 10:30:40 AM] (c)Copyright 1989-1991 The University of Maryland
[6/21/2017 10:30:40 AM] (c)Copyright 1988 Carnegie Mellon University
[6/21/2017 10:30:40 AM] (c)Copyright 1991-2006 Mentat Inc.
[6/21/2017 10:30:40 AM] (c)Copyright 1996 Morning Star Technologies, Inc.
[6/21/2017 10:30:40 AM] (c)Copyright 1996 Progressive Systems, Inc.
[6/21/2017 10:30:40 AM] 
[6/21/2017 10:30:40 AM] Confidential computer software. Valid license from HP required for
[6/21/2017 10:30:40 AM] possession, use or copying.  Consistent with FAR 12.211 and 12.212,
[6/21/2017 10:30:40 AM] Commercial Computer Software, Computer Software Documentation, and
[6/21/2017 10:30:40 AM] Technical Data for Commercial Items are licensed to the U.S. Government
[6/21/2017 10:30:40 AM] under vendor's standard commercial license.
[6/21/2017 10:30:40 AM] 
[6/21/2017 10:30:40 AM] Warning!! Authorized users only. All activity may be monitored and reported.
[6/21/2017 10:30:40 AM] 
[6/21/2017 10:30:55 AM] LGDAMEH3:/home/sysadm01>cd /engn0h1/messvcd5/cfg                                                                                                                                        
[6/21/2017 10:31:27 AM] LGDAMEH3:/engn0h1/messvcd5/cfg>ll | grep UIFMSG.CFG
[6/21/2017 10:31:27 AM] -rw-r--r--   1 messvcd5   messvcd5     29745 May 25 13:59 UIFMSG.CFG
[6/21/2017 10:32:07 AM] LGDAMEH3:/engn0h1/messvcd5/cfg>chmod 
[6/21/2017 10:32:07 AM] Connection closed.

[END] 6/21/2017 10:32:07 AM
