[BEGIN] 26/06/2017 05:03:00 PM
[26/06/2017 05:03:00 PM] Disconnected from remote host(VH Backup BCV (LGDABUH2) - root) at 16:54:50.
Type `help' to learn how to use Xshell prompt.
[e:\~]$ 
Looking up proxy server '10.119.200.44'...
Host '10.119.200.44' resolved to 10.119.200.44.
Connecting to 10.119.200.44:21080...
Connection established.
To escape to local shell, press 'Ctrl+Alt+]'.
Connecting to 10.119.211.180
USER[1007033524], PC[10.119.236.192], TARGET[10.119.211.180]
Last successful login:       Sat Jun 24 10:23:33 2017 LGDAIGH1  
Last authentication failure: Sat Jun 24 10:23:11 2017 LGDAIGH1  
Last login: Thu May 18 21:56:48 2017 from 10.119.200.45
Warning!! Authorized users only. All activity may be monitored and reported.
INFORMATION: This session will expire after 8143 hours and 4 minutes.
(c)Copyright 1983-2006 Hewlett-Packard Development Company, L.P.
(c)Copyright 1979, 1980, 1983, 1985-1993 The Regents of the Univ. of California
(c)Copyright 1980, 1984, 1986 Novell, Inc.
(c)Copyright 1986-2000 Sun Microsystems, Inc.
(c)Copyright 1985, 1986, 1988 Massachusetts Institute of Technology
(c)Copyright 1989-1993  The Open Software Foundation, Inc.
(c)Copyright 1990 Motorola, Inc.
(c)Copyright 1990, 1991, 1992 Cornell University
(c)Copyright 1989-1991 The University of Maryland
(c)Copyright 1988 Carnegie Mellon University
(c)Copyright 1991-2006 Mentat Inc.
(c)Copyright 1996 Morning Star Technologies, Inc.
(c)Copyright 1996 Progressive Systems, Inc.
Confidential computer software. Valid license from HP required for
possession, use or copying.  Consistent with FAR 12.211 and 12.212,
Commercial Computer Software, Computer Software Documentation, and
Technical Data for Commercial Items are licensed to the U.S. Government
under vendor's standard commercial license.
Warning!! Authorized users only. All activity may be monitored and reported.
You have mail.
                                                                                                                                                                                        
Value of TERM has been set to "vt100". 
WARNING:  YOU ARE SUPERUSER !!
LGDAIGH1:/>exit
logout root
Connection closed by foreign host.
Disconnected from remote host(VH Backup Ignite (LGDAIGH1) - root) at 16:55:27.
Type `help' to learn how to use Xshell prompt.
[e:\~]$ 
Looking up proxy server '10.119.200.44'...
Host '10.119.200.44' resolved to 10.119.200.44.
Connecting to 10.119.200.44:21080...
Connection established.
To escape to local shell, press 'Ctrl+Alt+]'.
Connecting to 10.119.211.155
[26/06/2017 05:03:00 PM] USER[1007033524], PC[10.119.236.192], TARGET[10.119.211.155]
[26/06/2017 05:03:00 PM] Last successful login:       Mon Jun 19 17:02:17 TST 2017 LGDDMEH1  
[26/06/2017 05:03:00 PM] Last authentication failure: Tue May 23 14:46:05 TST 2017 LGDDMEH1  
[26/06/2017 05:03:00 PM] Last login: Thu May 18 22:02:31 2017 from 10.119.200.45
[26/06/2017 05:03:00 PM] 
[26/06/2017 05:03:00 PM] INFORMATION: This session will expire after 8142 hours and 56 minutes.
[26/06/2017 05:03:00 PM] Warning!! Authorized users only. All activity may be monitored and reported.
[26/06/2017 05:03:00 PM] 
[26/06/2017 05:03:00 PM] (c)Copyright 1983-2006 Hewlett-Packard Development Company, L.P.
[26/06/2017 05:03:00 PM] (c)Copyright 1979, 1980, 1983, 1985-1993 The Regents of the Univ. of California
[26/06/2017 05:03:00 PM] (c)Copyright 1980, 1984, 1986 Novell, Inc.
[26/06/2017 05:03:00 PM] (c)Copyright 1986-2000 Sun Microsystems, Inc.
[26/06/2017 05:03:00 PM] (c)Copyright 1985, 1986, 1988 Massachusetts Institute of Technology
[26/06/2017 05:03:00 PM] (c)Copyright 1989-1993  The Open Software Foundation, Inc.
[26/06/2017 05:03:00 PM] (c)Copyright 1990 Motorola, Inc.
[26/06/2017 05:03:00 PM] (c)Copyright 1990, 1991, 1992 Cornell University
[26/06/2017 05:03:00 PM] (c)Copyright 1989-1991 The University of Maryland
[26/06/2017 05:03:00 PM] (c)Copyright 1988 Carnegie Mellon University
[26/06/2017 05:03:00 PM] (c)Copyright 1991-2006 Mentat Inc.
[26/06/2017 05:03:00 PM] (c)Copyright 1996 Morning Star Technologies, Inc.
[26/06/2017 05:03:00 PM] (c)Copyright 1996 Progressive Systems, Inc.
[26/06/2017 05:03:00 PM] 
[26/06/2017 05:03:00 PM] Confidential computer software. Valid license from HP required for
[26/06/2017 05:03:00 PM] possession, use or copying.  Consistent with FAR 12.211 and 12.212,
[26/06/2017 05:03:00 PM] Commercial Computer Software, Computer Software Documentation, and
[26/06/2017 05:03:00 PM] Technical Data for Commercial Items are licensed to the U.S. Government
[26/06/2017 05:03:00 PM] under vendor's standard commercial license.
[26/06/2017 05:03:00 PM] 
[26/06/2017 05:03:00 PM] Warning!! Authorized users only. All activity may be monitored and reported.
[26/06/2017 05:03:00 PM] 
[26/06/2017 05:03:00 PM] You have mail.
[26/06/2017 05:03:01 PM]                                                                                                                                                                                         
[26/06/2017 05:03:01 PM] Value of TERM has been set to "vt100". 
[26/06/2017 05:03:01 PM] WARNING:  YOU ARE SUPERUSER !!
[26/06/2017 05:03:01 PM] 
[26/06/2017 05:03:07 PM] LGDDMEH1:/>exit
[26/06/2017 05:03:07 PM] logout root
[26/06/2017 05:03:07 PM] 
[26/06/2017 05:03:07 PM] Connection closed by foreign host.

[END] 26/06/2017 05:03:07 PM
