[BEGIN] 6/21/2017 02:46:42 PM
[6/21/2017 02:46:42 PM] Connecting to 10.119.211.156
[6/21/2017 02:46:43 PM] USER[1007033524], PC[10.119.236.192], TARGET[10.119.211.156]
[6/21/2017 02:46:43 PM] Last successful login:       Wed Jun 21 08:03:33 TST 2017 10.119.200.44  
[6/21/2017 02:46:43 PM] Last login: Wed Jun 21 08:03:33 2017 from 10.119.200.44
[6/21/2017 02:46:43 PM] 
[6/21/2017 02:46:43 PM] INFORMATION: This session will expire after 8265 hours and 13 minutes.
[6/21/2017 02:46:43 PM] Warning!! Authorized users only. All activity may be monitored and reported.
[6/21/2017 02:46:43 PM] 
[6/21/2017 02:46:43 PM] (c)Copyright 1983-2006 Hewlett-Packard Development Company, L.P.
[6/21/2017 02:46:43 PM] (c)Copyright 1979, 1980, 1983, 1985-1993 The Regents of the Univ. of California
[6/21/2017 02:46:43 PM] (c)Copyright 1980, 1984, 1986 Novell, Inc.
[6/21/2017 02:46:43 PM] (c)Copyright 1986-2000 Sun Microsystems, Inc.
[6/21/2017 02:46:43 PM] (c)Copyright 1985, 1986, 1988 Massachusetts Institute of Technology
[6/21/2017 02:46:43 PM] (c)Copyright 1989-1993  The Open Software Foundation, Inc.
[6/21/2017 02:46:43 PM] (c)Copyright 1990 Motorola, Inc.
[6/21/2017 02:46:43 PM] (c)Copyright 1990, 1991, 1992 Cornell University
[6/21/2017 02:46:43 PM] (c)Copyright 1989-1991 The University of Maryland
[6/21/2017 02:46:43 PM] (c)Copyright 1988 Carnegie Mellon University
[6/21/2017 02:46:43 PM] (c)Copyright 1991-2006 Mentat Inc.
[6/21/2017 02:46:43 PM] (c)Copyright 1996 Morning Star Technologies, Inc.
[6/21/2017 02:46:43 PM] (c)Copyright 1996 Progressive Systems, Inc.
[6/21/2017 02:46:43 PM] 
[6/21/2017 02:46:43 PM] Confidential computer software. Valid license from HP required for
[6/21/2017 02:46:43 PM] possession, use or copying.  Consistent with FAR 12.211 and 12.212,
[6/21/2017 02:46:43 PM] Commercial Computer Software, Computer Software Documentation, and
[6/21/2017 02:46:43 PM] Technical Data for Commercial Items are licensed to the U.S. Government
[6/21/2017 02:46:43 PM] under vendor's standard commercial license.
[6/21/2017 02:46:43 PM] 
[6/21/2017 02:46:43 PM] Warning!! Authorized users only. All activity may be monitored and reported.
[6/21/2017 02:46:43 PM] 
[6/21/2017 02:47:14 PM] LGDDMEH2:/home/sysadm01>su - messvcd5                                                                                                                                                   
[6/21/2017 02:47:14 PM] Password: 
[6/21/2017 02:47:14 PM] (c)Copyright 1983-2006 Hewlett-Packard Development Company, L.P.
[6/21/2017 02:47:14 PM] (c)Copyright 1979, 1980, 1983, 1985-1993 The Regents of the Univ. of California
[6/21/2017 02:47:14 PM] (c)Copyright 1980, 1984, 1986 Novell, Inc.
[6/21/2017 02:47:14 PM] (c)Copyright 1986-2000 Sun Microsystems, Inc.
[6/21/2017 02:47:14 PM] (c)Copyright 1985, 1986, 1988 Massachusetts Institute of Technology
[6/21/2017 02:47:14 PM] (c)Copyright 1989-1993  The Open Software Foundation, Inc.
[6/21/2017 02:47:14 PM] (c)Copyright 1990 Motorola, Inc.
[6/21/2017 02:47:14 PM] (c)Copyright 1990, 1991, 1992 Cornell University
[6/21/2017 02:47:14 PM] (c)Copyright 1989-1991 The University of Maryland
[6/21/2017 02:47:14 PM] (c)Copyright 1988 Carnegie Mellon University
[6/21/2017 02:47:14 PM] (c)Copyright 1991-2006 Mentat Inc.
[6/21/2017 02:47:14 PM] (c)Copyright 1996 Morning Star Technologies, Inc.
[6/21/2017 02:47:14 PM] (c)Copyright 1996 Progressive Systems, Inc.
[6/21/2017 02:47:14 PM] 
[6/21/2017 02:47:14 PM] Confidential computer software. Valid license from HP required for
[6/21/2017 02:47:14 PM] possession, use or copying.  Consistent with FAR 12.211 and 12.212,
[6/21/2017 02:47:14 PM] Commercial Computer Software, Computer Software Documentation, and
[6/21/2017 02:47:14 PM] Technical Data for Commercial Items are licensed to the U.S. Government
[6/21/2017 02:47:14 PM] under vendor's standard commercial license.
[6/21/2017 02:47:14 PM] 
[6/21/2017 02:47:14 PM] Warning!! Authorized users only. All activity may be monitored and reported.
[6/21/2017 02:47:14 PM] 
[6/21/2017 02:47:14 PM] You have mail.
[6/21/2017 02:47:15 PM]                                                                                                                                                                                         
[6/21/2017 02:47:15 PM] Value of TERM has been set to "vt100". 
[6/21/2017 02:47:41 PM] LGDDMEH2:/engn2h1/messvcd5] ls
[6/21/2017 02:47:41 PM] cron                  crontab_20170602.txt  messvcd5_profile
[6/21/2017 02:47:44 PM] LGDDMEH2:/engn2h1/messvcd5] cd cron
[6/21/2017 02:47:49 PM] LGDDMEH2:/engn2h1/messvcd5/cron] ls
[6/21/2017 02:47:49 PM] batch_job_monitoring.ksh     findfile.dat                 gls_to_mdw.ksh               mes_fmcc_batch.ksh           prod_to_mdw.ksh              to_wip_batch_scrap.ksh
[6/21/2017 02:47:49 PM] bm_sms_batch.ksh             from_cf_receiving.ksh        group_to_mdw.ksh             mes_pid.ksh                  scm_pnch.ksh                 to_wip_batch_shop_inout.ksh
[6/21/2017 02:47:49 PM] bm_to_ems.ksh                from_eci_batch.ksh           inv_to_mdw.ksh               mes_rpt_date.ksh             scm_scrap.ksh                to_wip_batch_shop_move.ksh
[6/21/2017 02:47:49 PM] change_word.ksh              from_ems_batch.ksh           lot_to_mdw.ksh               monitoring_batch.ksh         ship_status.ksh              to_wip_batch_wo_in.ksh
[6/21/2017 02:47:49 PM] client_monitoring.ksh        from_fp_batch.ksh            mask_intlock.ksh             mtl_sum_batch.ksh            to_erp_batch.ksh             trouble_to_mdw.ksh
[6/21/2017 02:47:49 PM] cst_info_to_mdw.ksh          from_fp_batch_plan.ksh       mask_to_ems.ksh              mtl_to_erp.ksh               to_fp_batch.ksh              wo_to_scm.ksh
[6/21/2017 02:47:49 PM] DB.cfg                       from_hm_batch.ksh            mdw_rts_batch.ksh            old_20170602                 to_fp_wip.ksh
[6/21/2017 02:47:49 PM] delete_if_temp_data.ksh      from_mmd_if.ksh              mdw_rts_batch_01.ksh         other_factory_ship.ksh       to_rms_batch.ksh
[6/21/2017 02:47:49 PM] delete_serial_id.ksh         from_owms_batch.ksh          messvcd5_cron                panel_to_mod.ksh             to_rts_batch.ksh
[6/21/2017 02:47:49 PM] depos_moving.ksh             from_pds_if.ksh              messvcd5_cron_20170602       pnch_from_inv.ksh            to_wip_batch.ksh
[6/21/2017 02:47:49 PM] eqp_to_mdw.ksh               from_pds_if_01.ksh           mes_apd_batch.ksh            pnch_to_inv.ksh              to_wip_batch_misc.ksh
[6/21/2017 02:48:12 PM] LGDDMEH2:/engn2h1/messvcd5/cron] ls | grep to
[6/21/2017 02:48:12 PM] batch_job_monitoring.ksh
[6/21/2017 02:48:12 PM] bm_to_ems.ksh
[6/21/2017 02:48:12 PM] client_monitoring.ksh
[6/21/2017 02:48:12 PM] cst_info_to_mdw.ksh
[6/21/2017 02:48:12 PM] eqp_to_mdw.ksh
[6/21/2017 02:48:12 PM] gls_to_mdw.ksh
[6/21/2017 02:48:12 PM] group_to_mdw.ksh
[6/21/2017 02:48:12 PM] inv_to_mdw.ksh
[6/21/2017 02:48:12 PM] lot_to_mdw.ksh
[6/21/2017 02:48:12 PM] mask_to_ems.ksh
[6/21/2017 02:48:12 PM] monitoring_batch.ksh
[6/21/2017 02:48:12 PM] mtl_to_erp.ksh
[6/21/2017 02:48:12 PM] other_factory_ship.ksh
[6/21/2017 02:48:12 PM] panel_to_mod.ksh
[6/21/2017 02:48:12 PM] pnch_to_inv.ksh
[6/21/2017 02:48:12 PM] prod_to_mdw.ksh
[6/21/2017 02:48:12 PM] to_erp_batch.ksh
[6/21/2017 02:48:12 PM] to_fp_batch.ksh
[6/21/2017 02:48:12 PM] to_fp_wip.ksh
[6/21/2017 02:48:12 PM] to_rms_batch.ksh
[6/21/2017 02:48:12 PM] to_rts_batch.ksh
[6/21/2017 02:48:12 PM] to_wip_batch.ksh
[6/21/2017 02:48:12 PM] to_wip_batch_misc.ksh
[6/21/2017 02:48:12 PM] to_wip_batch_scrap.ksh
[6/21/2017 02:48:12 PM] to_wip_batch_shop_inout.ksh
[6/21/2017 02:48:12 PM] to_wip_batch_shop_move.ksh
[6/21/2017 02:48:12 PM] to_wip_batch_wo_in.ksh
[6/21/2017 02:48:12 PM] trouble_to_mdw.ksh
[6/21/2017 02:48:12 PM] wo_to_scm.ksh
[6/21/2017 02:48:27 PM] LGDDMEH2:/engn2h1/messvcd5/cron] ls | grep to_rts
[6/21/2017 02:48:28 PM] to_rts_batch.ksh
[6/21/2017 02:49:09 PM] LGDDMEH2:/engn2h1/messvcd5/cron] cat to_rts_batch.ksh 
[6/21/2017 02:49:09 PM] . ~messvcd5/messvcd5_profile
[6/21/2017 02:49:09 PM] 
[6/21/2017 02:49:09 PM] sleep 10
[6/21/2017 02:49:09 PM] 
[6/21/2017 02:49:09 PM] #Get DB Config.
[6/21/2017 02:49:09 PM] user=`cat $CRONcfg/DB.cfg | grep DB_USER | sed 's/DB_USER   = //g'`
[6/21/2017 02:49:09 PM] pass=`cat $CRONcfg/DB.cfg | grep DB_PASSWD | sed 's/DB_PASSWD = //g'`
[6/21/2017 02:49:09 PM] sid=`cat $CRONcfg/DB.cfg | grep DB_REMOTE | sed 's/DB_REMOTE = //g'`
[6/21/2017 02:49:09 PM]  
[6/21/2017 02:49:09 PM] #Connect Oracle Server
[6/21/2017 02:49:09 PM] sqlplus -s /nolog << EOF
[6/21/2017 02:49:09 PM] connect $user/$pass@$sid
[6/21/2017 02:49:09 PM]    
[6/21/2017 02:49:09 PM] EXEC SP_MES_IFO_PDS_EXPN_HEAD
[6/21/2017 02:49:09 PM] EXEC SP_MES_IFO_PDS_EXPN_BASE
[6/21/2017 02:49:09 PM] EXEC SP_MES_IFO_PDS_EXPN_OP_APPR
[6/21/2017 02:49:09 PM] EXEC SP_MES_IFO_PDS_EXPN_OPER 
[6/21/2017 02:49:09 PM] EXEC SP_MES_IFO_LOT_INPUT_PRIORITY
[6/21/2017 02:49:09 PM] EXEC SP_MES_IFO_USE_BAS_COUNT_STAT
[6/21/2017 02:49:09 PM] EXEC SP_MES_IFO_RTS_EXPN_SWP
[6/21/2017 02:49:09 PM] EXEC SP_MES_IFO_RTS_EXPN_HEAD
[6/21/2017 02:49:09 PM] EXEC SP_MES_IFO_RTS_EXPN_BASE
[6/21/2017 02:49:09 PM] EXEC SP_MES_IFO_RTS_EXPN_OPER
[6/21/2017 02:49:09 PM] EXEC SP_MES_IFO_RTS_EXPN_MASK_PR
[6/21/2017 02:49:09 PM] EXEC SP_MES_IFO_RTS_EXPN_SPLIT
[6/21/2017 02:49:09 PM] EXEC SP_MES_IFO_RTS_MEMO_ITEM
[6/21/2017 02:49:09 PM] EXEC SP_MES_IFI_RTS_INPUT_PLAN
[6/21/2017 02:49:09 PM] EXEC SP_MES_IFO_MDL_CHG_SETUP_BAS_I
[6/21/2017 02:49:09 PM] EXEC SP_MES_IFO_LOT_SPEC
[6/21/2017 02:49:09 PM] EXEC SP_MES_IFO_PDS_LOTHISTORY_I
[6/21/2017 02:50:21 PM] LGDDMEH2:/engn2h1/messvcd5/cron]  to_rts_batch.ksh   
[6/21/2017 02:52:14 PM] "/tmp/sh12741.1" 1 line, 21 characters 
cat to_rts_batch.ksh
~
~
~
~
~
~
~
~
~
~
~
~
~
~
~
~
~
~
~
~
~
~
~
~
~
~
~
~
~
~
~
:q
[6/21/2017 02:52:14 PM] cat to_rts_batch.ksh
[6/21/2017 02:52:14 PM] . ~messvcd5/messvcd5_profile
[6/21/2017 02:52:14 PM] 
[6/21/2017 02:52:14 PM] sleep 10
[6/21/2017 02:52:14 PM] 
[6/21/2017 02:52:14 PM] #Get DB Config.
[6/21/2017 02:52:14 PM] user=`cat $CRONcfg/DB.cfg | grep DB_USER | sed 's/DB_USER   = //g'`
[6/21/2017 02:52:14 PM] pass=`cat $CRONcfg/DB.cfg | grep DB_PASSWD | sed 's/DB_PASSWD = //g'`
[6/21/2017 02:52:14 PM] sid=`cat $CRONcfg/DB.cfg | grep DB_REMOTE | sed 's/DB_REMOTE = //g'`
[6/21/2017 02:52:14 PM]  
[6/21/2017 02:52:14 PM] #Connect Oracle Server
[6/21/2017 02:52:14 PM] sqlplus -s /nolog << EOF
[6/21/2017 02:52:14 PM] connect $user/$pass@$sid
[6/21/2017 02:52:14 PM]    
[6/21/2017 02:52:14 PM] EXEC SP_MES_IFO_PDS_EXPN_HEAD
[6/21/2017 02:52:14 PM] EXEC SP_MES_IFO_PDS_EXPN_BASE
[6/21/2017 02:52:14 PM] EXEC SP_MES_IFO_PDS_EXPN_OP_APPR
[6/21/2017 02:52:14 PM] EXEC SP_MES_IFO_PDS_EXPN_OPER 
[6/21/2017 02:52:14 PM] EXEC SP_MES_IFO_LOT_INPUT_PRIORITY
[6/21/2017 02:52:14 PM] EXEC SP_MES_IFO_USE_BAS_COUNT_STAT
[6/21/2017 02:52:14 PM] EXEC SP_MES_IFO_RTS_EXPN_SWP
[6/21/2017 02:52:14 PM] EXEC SP_MES_IFO_RTS_EXPN_HEAD
[6/21/2017 02:52:14 PM] EXEC SP_MES_IFO_RTS_EXPN_BASE
[6/21/2017 02:52:14 PM] EXEC SP_MES_IFO_RTS_EXPN_OPER
[6/21/2017 02:52:14 PM] EXEC SP_MES_IFO_RTS_EXPN_MASK_PR
[6/21/2017 02:52:14 PM] EXEC SP_MES_IFO_RTS_EXPN_SPLIT
[6/21/2017 02:52:14 PM] EXEC SP_MES_IFO_RTS_MEMO_ITEM
[6/21/2017 02:52:14 PM] EXEC SP_MES_IFI_RTS_INPUT_PLAN
[6/21/2017 02:52:14 PM] EXEC SP_MES_IFO_MDL_CHG_SETUP_BAS_I
[6/21/2017 02:52:14 PM] EXEC SP_MES_IFO_LOT_SPEC
[6/21/2017 02:52:14 PM] EXEC SP_MES_IFO_PDS_LOTHISTORY_I
[6/21/2017 02:56:40 PM] LGDDMEH2:/engn2h1/messvcd5/cron] vi to_rts_batch.ksh^C
[6/21/2017 02:56:48 PM] LGDDMEH2:/engn2h1/messvcd5/cron] grep SP_MES_IFO_DEV_RUN_VLD_RSLT to_rts_batch.ksh
[6/21/2017 02:56:55 PM] LGDDMEH2:/engn2h1/messvcd5/cron] grep SP_MES_IFO_DEV_LYR_TRVL_EXP to_rts_batch.ksh
[6/21/2017 03:01:40 PM] LGDDMEH2:/engn2h1/messvcd5/cron] vi to_rts_batch.ksh
[6/21/2017 03:02:03 PM] "to_rts_batch.ksh" 30 lines, 874 characters 
. ~messvcd5/messvcd5_profile
sleep 10
#Get DB Config.
user=`cat $CRONcfg/DB.cfg | grep DB_USER | sed 's/DB_USER   = //g'`
pass=`cat $CRONcfg/DB.cfg | grep DB_PASSWD | sed 's/DB_PASSWD = //g'`
sid=`cat $CRONcfg/DB.cfg | grep DB_REMOTE | sed 's/DB_REMOTE = //g'`
#Connect Oracle Server
sqlplus -s /nolog << EOF
connect $user/$pass@$sid
EXEC SP_MES_IFO_PDS_EXPN_HEAD
EXEC SP_MES_IFO_PDS_EXPN_BASE
EXEC SP_MES_IFO_PDS_EXPN_OP_APPR
EXEC SP_MES_IFO_PDS_EXPN_OPER
EXEC SP_MES_IFO_LOT_INPUT_PRIORITY
EXEC SP_MES_IFO_USE_BAS_COUNT_STAT
EXEC SP_MES_IFO_RTS_EXPN_SWP
EXEC SP_MES_IFO_RTS_EXPN_HEAD
EXEC SP_MES_IFO_RTS_EXPN_BASE
EXEC SP_MES_IFO_RTS_EXPN_OPER
EXEC SP_MES_IFO_RTS_EXPN_MASK_PR
EXEC SP_MES_IFO_RTS_EXPN_SPLIT
EXEC SP_MES_IFO_RTS_MEMO_ITEM
EXEC SP_MES_IFI_RTS_INPUT_PLAN
EXEC SP_MES_IFO_MDL_CHG_SETUP_BAS_I
EXEC SP_MES_IFO_LOT_SPEC
EXEC SP_MES_IFO_PDS_LOTHISTORY_I
EXEC SP_MES_IFO_DEV_RUN_VLD_RSLT
EXEC SP_MES_IFO_DEV_LYR_TRVL_EXP
"to_rts_batch.ksh" 30 lines, 874 characters
. ~messvcd5/messvcd5_profile
sleep 10
#Get DB Config.
user=`cat $CRONcfg/DB.cfg | grep DB_USER | sed 's/DB_USER   = //g'`
pass=`cat $CRONcfg/DB.cfg | grep DB_PASSWD | sed 's/DB_PASSWD = //g'`
sid=`cat $CRONcfg/DB.cfg | grep DB_REMOTE | sed 's/DB_REMOTE = //g'`
#Connect Oracle Server
sqlplus -s /nolog << EOF
connect $user/$pass@$sid
EXEC SP_MES_IFO_PDS_EXPN_HEAD
EXEC SP_MES_IFO_PDS_EXPN_BASE
EXEC SP_MES_IFO_PDS_EXPN_OP_APPR
EXEC SP_MES_IFO_PDS_EXPN_OPER
EXEC SP_MES_IFO_LOT_INPUT_PRIORITY
EXEC SP_MES_IFO_USE_BAS_COUNT_STAT
EXEC SP_MES_IFO_RTS_EXPN_SWP
EXEC SP_MES_IFO_RTS_EXPN_HEAD
EXEC SP_MES_IFO_RTS_EXPN_BASE
EXEC SP_MES_IFO_RTS_EXPN_OPER
EXEC SP_MES_IFO_RTS_EXPN_MASK_PR
EXEC SP_MES_IFO_RTS_EXPN_SPLIT
EXEC SP_MES_IFO_RTS_MEMO_ITEM
EXEC SP_MES_IFI_RTS_INPUT_PLAN
EXEC SP_MES_IFO_MDL_CHG_SETUP_BAS_I
EXEC SP_MES_IFO_LOT_SPEC
EXEC SP_MES_IFO_PDS_LOTHISTORY_I
EXEC SP_MES_IFO_DEV_RUN_VLD_RSLT
EXEC SP_MES_IFO_DEV_LYR_TRVL_EXP
"to_rts_batch.ksh" 32 lines, 940 characters 
[6/21/2017 03:02:16 PM] LGDDMEH2:/engn2h1/messvcd5/cron] grep SP_MES_IFO_DEV_RUN_VLD_RSLT to_rts_batch.ksh
[6/21/2017 03:02:16 PM] EXEC SP_MES_IFO_DEV_RUN_VLD_RSLT
[6/21/2017 03:02:22 PM] LGDDMEH2:/engn2h1/messvcd5/cron] grep SP_MES_IFO_DEV_LYR_TRVL_EXP to_rts_batch.ksh
[6/21/2017 03:02:22 PM] EXEC SP_MES_IFO_DEV_LYR_TRVL_EXP
[6/21/2017 03:43:33 PM] LGDDMEH2:/engn2h1/messvcd5/cron] exit
[6/21/2017 03:43:33 PM] logout
[6/21/2017 03:43:35 PM] LGDDMEH2:/home/sysadm01>exit
[6/21/2017 03:43:35 PM] logout
[6/21/2017 03:43:35 PM] 
[6/21/2017 03:43:35 PM] Connection closed by foreign host.

[END] 6/21/2017 03:43:35 PM
