[BEGIN] 6/21/2017 11:37:59 AM
[6/21/2017 11:37:59 AM] Connecting to 10.119.211.151
[6/21/2017 11:37:59 AM] USER[1007033524], PC[10.119.236.192], TARGET[10.119.211.151]
[6/21/2017 11:38:01 AM] Last successful login:       Wed Jun 21 09:58:06 TST 2017 10.119.200.44  
[6/21/2017 11:38:01 AM] Last authentication failure: Fri May 19 17:05:18 TST 2017 10.119.200.45  
[6/21/2017 11:38:01 AM] Last login: Wed Jun 21 09:58:08 2017 from 10.119.200.44
[6/21/2017 11:38:01 AM] Warning!! Authorized users only. All activity may be monitored and reported.
[6/21/2017 11:38:01 AM] 
[6/21/2017 11:38:01 AM] 
[6/21/2017 11:38:01 AM] INFORMATION: This session will expire after 8268 hours and 22 minutes.
[6/21/2017 11:38:01 AM] (c)Copyright 1983-2006 Hewlett-Packard Development Company, L.P.
[6/21/2017 11:38:01 AM] (c)Copyright 1979, 1980, 1983, 1985-1993 The Regents of the Univ. of California
[6/21/2017 11:38:01 AM] (c)Copyright 1980, 1984, 1986 Novell, Inc.
[6/21/2017 11:38:01 AM] (c)Copyright 1986-2000 Sun Microsystems, Inc.
[6/21/2017 11:38:01 AM] (c)Copyright 1985, 1986, 1988 Massachusetts Institute of Technology
[6/21/2017 11:38:01 AM] (c)Copyright 1989-1993  The Open Software Foundation, Inc.
[6/21/2017 11:38:01 AM] (c)Copyright 1990 Motorola, Inc.
[6/21/2017 11:38:01 AM] (c)Copyright 1990, 1991, 1992 Cornell University
[6/21/2017 11:38:01 AM] (c)Copyright 1989-1991 The University of Maryland
[6/21/2017 11:38:01 AM] (c)Copyright 1988 Carnegie Mellon University
[6/21/2017 11:38:01 AM] (c)Copyright 1991-2006 Mentat Inc.
[6/21/2017 11:38:01 AM] (c)Copyright 1996 Morning Star Technologies, Inc.
[6/21/2017 11:38:01 AM] (c)Copyright 1996 Progressive Systems, Inc.
[6/21/2017 11:38:01 AM] 
[6/21/2017 11:38:01 AM] Confidential computer software. Valid license from HP required for
[6/21/2017 11:38:01 AM] possession, use or copying.  Consistent with FAR 12.211 and 12.212,
[6/21/2017 11:38:01 AM] Commercial Computer Software, Computer Software Documentation, and
[6/21/2017 11:38:01 AM] Technical Data for Commercial Items are licensed to the U.S. Government
[6/21/2017 11:38:01 AM] under vendor's standard commercial license.
[6/21/2017 11:38:01 AM] 
[6/21/2017 11:38:01 AM] Warning!! Authorized users only. All activity may be monitored and reported.
[6/21/2017 11:38:01 AM] 
[6/21/2017 11:38:59 AM] LGDAMEH1:/home/sysadm01>su - messvcd5                                                                                                                                                   
[6/21/2017 11:38:59 AM] Password: 
[6/21/2017 11:38:59 AM] (c)Copyright 1983-2006 Hewlett-Packard Development Company, L.P.
[6/21/2017 11:38:59 AM] (c)Copyright 1979, 1980, 1983, 1985-1993 The Regents of the Univ. of California
[6/21/2017 11:38:59 AM] (c)Copyright 1980, 1984, 1986 Novell, Inc.
[6/21/2017 11:38:59 AM] (c)Copyright 1986-2000 Sun Microsystems, Inc.
[6/21/2017 11:38:59 AM] (c)Copyright 1985, 1986, 1988 Massachusetts Institute of Technology
[6/21/2017 11:38:59 AM] (c)Copyright 1989-1993  The Open Software Foundation, Inc.
[6/21/2017 11:38:59 AM] (c)Copyright 1990 Motorola, Inc.
[6/21/2017 11:38:59 AM] (c)Copyright 1990, 1991, 1992 Cornell University
[6/21/2017 11:38:59 AM] (c)Copyright 1989-1991 The University of Maryland
[6/21/2017 11:38:59 AM] (c)Copyright 1988 Carnegie Mellon University
[6/21/2017 11:38:59 AM] (c)Copyright 1991-2006 Mentat Inc.
[6/21/2017 11:38:59 AM] (c)Copyright 1996 Morning Star Technologies, Inc.
[6/21/2017 11:38:59 AM] (c)Copyright 1996 Progressive Systems, Inc.
[6/21/2017 11:38:59 AM] 
[6/21/2017 11:38:59 AM] Confidential computer software. Valid license from HP required for
[6/21/2017 11:38:59 AM] possession, use or copying.  Consistent with FAR 12.211 and 12.212,
[6/21/2017 11:38:59 AM] Commercial Computer Software, Computer Software Documentation, and
[6/21/2017 11:38:59 AM] Technical Data for Commercial Items are licensed to the U.S. Government
[6/21/2017 11:38:59 AM] under vendor's standard commercial license.
[6/21/2017 11:38:59 AM] 
[6/21/2017 11:38:59 AM] Warning!! Authorized users only. All activity may be monitored and reported.
[6/21/2017 11:38:59 AM] 
[6/21/2017 11:38:59 AM] You have mail.
[6/21/2017 11:39:00 AM]                                                                                                                                                                                         
[6/21/2017 11:39:00 AM] Value of TERM has been set to "vt100". 
[6/21/2017 11:39:21 AM] LGDAMEH1:/engn0h1/messvcd5] su -
[6/21/2017 11:39:21 AM] ksh: su: cannot execute
[6/21/2017 11:39:37 AM] LGDAMEH1:/engn0h1/messvcd5] su -
[6/21/2017 11:39:37 AM] ksh: su: cannot execute
[6/21/2017 11:39:51 AM] LGDAMEH1:/engn0h1/messvcd5] exit
[6/21/2017 11:39:51 AM] logout
[6/21/2017 11:40:06 AM] LGDAMEH1:/home/sysadm01>su -
[6/21/2017 11:40:06 AM] Password: 
[6/21/2017 11:40:06 AM] (c)Copyright 1983-2006 Hewlett-Packard Development Company, L.P.
[6/21/2017 11:40:06 AM] (c)Copyright 1979, 1980, 1983, 1985-1993 The Regents of the Univ. of California
[6/21/2017 11:40:06 AM] (c)Copyright 1980, 1984, 1986 Novell, Inc.
[6/21/2017 11:40:06 AM] (c)Copyright 1986-2000 Sun Microsystems, Inc.
[6/21/2017 11:40:06 AM] (c)Copyright 1985, 1986, 1988 Massachusetts Institute of Technology
[6/21/2017 11:40:06 AM] (c)Copyright 1989-1993  The Open Software Foundation, Inc.
[6/21/2017 11:40:06 AM] (c)Copyright 1990 Motorola, Inc.
[6/21/2017 11:40:06 AM] (c)Copyright 1990, 1991, 1992 Cornell University
[6/21/2017 11:40:06 AM] (c)Copyright 1989-1991 The University of Maryland
[6/21/2017 11:40:06 AM] (c)Copyright 1988 Carnegie Mellon University
[6/21/2017 11:40:06 AM] (c)Copyright 1991-2006 Mentat Inc.
[6/21/2017 11:40:07 AM] (c)Copyright 1996 Morning Star Technologies, Inc.
[6/21/2017 11:40:07 AM] (c)Copyright 1996 Progressive Systems, Inc.
[6/21/2017 11:40:07 AM] 
[6/21/2017 11:40:07 AM] Confidential computer software. Valid license from HP required for
[6/21/2017 11:40:07 AM] possession, use or copying.  Consistent with FAR 12.211 and 12.212,
[6/21/2017 11:40:07 AM] Commercial Computer Software, Computer Software Documentation, and
[6/21/2017 11:40:07 AM] Technical Data for Commercial Items are licensed to the U.S. Government
[6/21/2017 11:40:07 AM] under vendor's standard commercial license.
[6/21/2017 11:40:07 AM] 
[6/21/2017 11:40:07 AM] Warning!! Authorized users only. All activity may be monitored and reported.
[6/21/2017 11:40:07 AM] 
[6/21/2017 11:40:07 AM] You have mail.
[6/21/2017 11:40:07 AM]                                                                                                                                                                                         
[6/21/2017 11:40:07 AM] Value of TERM has been set to "vt100". 
[6/21/2017 11:40:07 AM] WARNING:  YOU ARE SUPERUSER !!
[6/21/2017 11:40:07 AM] 
[6/21/2017 11:40:14 AM] LGDAMEH1:/>su - messvcd5
[6/21/2017 11:40:15 AM] (c)Copyright 1983-2006 Hewlett-Packard Development Company, L.P.
[6/21/2017 11:40:15 AM] (c)Copyright 1979, 1980, 1983, 1985-1993 The Regents of the Univ. of California
[6/21/2017 11:40:15 AM] (c)Copyright 1980, 1984, 1986 Novell, Inc.
[6/21/2017 11:40:15 AM] (c)Copyright 1986-2000 Sun Microsystems, Inc.
[6/21/2017 11:40:15 AM] (c)Copyright 1985, 1986, 1988 Massachusetts Institute of Technology
[6/21/2017 11:40:15 AM] (c)Copyright 1989-1993  The Open Software Foundation, Inc.
[6/21/2017 11:40:15 AM] (c)Copyright 1990 Motorola, Inc.
[6/21/2017 11:40:15 AM] (c)Copyright 1990, 1991, 1992 Cornell University
[6/21/2017 11:40:15 AM] (c)Copyright 1989-1991 The University of Maryland
[6/21/2017 11:40:15 AM] (c)Copyright 1988 Carnegie Mellon University
[6/21/2017 11:40:15 AM] (c)Copyright 1991-2006 Mentat Inc.
[6/21/2017 11:40:15 AM] (c)Copyright 1996 Morning Star Technologies, Inc.
[6/21/2017 11:40:15 AM] (c)Copyright 1996 Progressive Systems, Inc.
[6/21/2017 11:40:15 AM] 
[6/21/2017 11:40:15 AM] Confidential computer software. Valid license from HP required for
[6/21/2017 11:40:15 AM] possession, use or copying.  Consistent with FAR 12.211 and 12.212,
[6/21/2017 11:40:15 AM] Commercial Computer Software, Computer Software Documentation, and
[6/21/2017 11:40:15 AM] Technical Data for Commercial Items are licensed to the U.S. Government
[6/21/2017 11:40:15 AM] under vendor's standard commercial license.
[6/21/2017 11:40:15 AM] 
[6/21/2017 11:40:15 AM] Warning!! Authorized users only. All activity may be monitored and reported.
[6/21/2017 11:40:15 AM] 
[6/21/2017 11:40:15 AM] You have mail.
[6/21/2017 11:40:16 AM]                                                                                                                                                                                         
[6/21/2017 11:40:16 AM] Value of TERM has been set to "vt100". 
[6/21/2017 11:40:19 AM] LGDAMEH1:/engn0h1/messvcd5] exit
[6/21/2017 11:40:19 AM] logout
[6/21/2017 11:40:21 AM] LGDAMEH1:/>exit
[6/21/2017 11:40:21 AM] logout root
[6/21/2017 11:40:43 AM] LGDAMEH1:/home/sysadm01>exit
[6/21/2017 11:40:43 AM] logout
[6/21/2017 11:40:44 AM] 
[6/21/2017 11:40:44 AM] Connection closed by foreign host.

[END] 6/21/2017 11:40:44 AM
