[BEGIN] 6/21/2017 08:03:23 AM
[6/21/2017 08:03:23 AM] Connecting to 10.119.211.153
[6/21/2017 08:03:23 AM] USER[1007033524], PC[10.119.236.192], TARGET[10.119.211.153]
[6/21/2017 08:03:25 AM] Last successful login:       Mon Jun 19 13:08:17 TST 2017 10.119.200.44  
[6/21/2017 08:03:25 AM] Last login: Mon Jun 19 13:08:19 2017 from 10.119.200.44
[6/21/2017 08:03:25 AM] Warning!! Authorized users only. All activity may be monitored and reported.
[6/21/2017 08:03:25 AM] 
[6/21/2017 08:03:25 AM] 
[6/21/2017 08:03:25 AM] INFORMATION: This session will expire after 8271 hours and 56 minutes.
[6/21/2017 08:03:25 AM] (c)Copyright 1983-2006 Hewlett-Packard Development Company, L.P.
[6/21/2017 08:03:25 AM] (c)Copyright 1979, 1980, 1983, 1985-1993 The Regents of the Univ. of California
[6/21/2017 08:03:25 AM] (c)Copyright 1980, 1984, 1986 Novell, Inc.
[6/21/2017 08:03:25 AM] (c)Copyright 1986-2000 Sun Microsystems, Inc.
[6/21/2017 08:03:25 AM] (c)Copyright 1985, 1986, 1988 Massachusetts Institute of Technology
[6/21/2017 08:03:25 AM] (c)Copyright 1989-1993  The Open Software Foundation, Inc.
[6/21/2017 08:03:25 AM] (c)Copyright 1990 Motorola, Inc.
[6/21/2017 08:03:25 AM] (c)Copyright 1990, 1991, 1992 Cornell University
[6/21/2017 08:03:25 AM] (c)Copyright 1989-1991 The University of Maryland
[6/21/2017 08:03:25 AM] (c)Copyright 1988 Carnegie Mellon University
[6/21/2017 08:03:25 AM] (c)Copyright 1991-2006 Mentat Inc.
[6/21/2017 08:03:25 AM] (c)Copyright 1996 Morning Star Technologies, Inc.
[6/21/2017 08:03:25 AM] (c)Copyright 1996 Progressive Systems, Inc.
[6/21/2017 08:03:25 AM] 
[6/21/2017 08:03:25 AM] Confidential computer software. Valid license from HP required for
[6/21/2017 08:03:25 AM] possession, use or copying.  Consistent with FAR 12.211 and 12.212,
[6/21/2017 08:03:25 AM] Commercial Computer Software, Computer Software Documentation, and
[6/21/2017 08:03:25 AM] Technical Data for Commercial Items are licensed to the U.S. Government
[6/21/2017 08:03:25 AM] under vendor's standard commercial license.
[6/21/2017 08:03:25 AM] 
[6/21/2017 08:03:25 AM] Warning!! Authorized users only. All activity may be monitored and reported.
[6/21/2017 08:03:25 AM] 
[6/21/2017 08:08:28 AM] LGDAMEH3:/home/sysadm01>                                                                                                                                                                
[6/21/2017 08:08:28 AM] Connection closed by foreign host.

[END] 6/21/2017 08:08:28 AM
