[BEGIN] 26/06/2017 03:00:37 PM
[26/06/2017 03:00:37 PM] Connecting to 10.119.211.82
[26/06/2017 03:00:37 PM] USER[1007033524], PC[10.119.236.192], TARGET[10.119.211.82]
[26/06/2017 03:00:38 PM] Warning: your password will expire in 0 days
[26/06/2017 03:00:38 PM] Last login: Sat Jun 24 10:30:52 2017 from 10.119.200.45
[26/06/2017 03:00:38 PM] 
[26/06/2017 03:00:38 PM] INFORMATION: This session will expire after 8144 hours and 59 minutes.
[26/06/2017 03:03:16 PM] [xtmplsk@LGDFMODFSH2 ~]$ su -
[26/06/2017 03:03:18 PM] Password: 
[26/06/2017 03:03:34 PM] [root@LGDFMODFSH2 ~]# useradd xadmlvd
[26/06/2017 03:03:42 PM] [root@LGDFMODFSH2 ~]# passwd xadmlvd
[26/06/2017 03:03:42 PM] Changing password for user xadmlvd.
[26/06/2017 03:03:55 PM] New password:  
[26/06/2017 03:03:56 PM] Retype new password: 
[26/06/2017 03:03:56 PM] passwd: all authentication tokens updated successfully.
[26/06/2017 03:04:07 PM] [root@LGDFMODFSH2 ~]# exit
[26/06/2017 03:04:07 PM] logout
[26/06/2017 03:04:09 PM] [xtmplsk@LGDFMODFSH2 ~]$ exit
[26/06/2017 03:04:09 PM] logout
[26/06/2017 03:04:09 PM] 
[26/06/2017 03:04:09 PM] Connection closed by foreign host.

[END] 26/06/2017 03:04:09 PM
