[BEGIN] 24/Jun/2017 11:39:44 AM
[24/Jun/2017 11:39:44 AM] Connecting to 10.119.211.157
[24/Jun/2017 11:39:44 AM] USER[1007033524], PC[10.119.236.192], TARGET[10.119.211.157]
[24/Jun/2017 11:39:44 AM] Last successful login:       Sat Jun 24 10:30:21 TST 2017 10.119.200.45  
[24/Jun/2017 11:39:44 AM] Last authentication failure: Thu Jun 15 19:10:02 TST 2017 ::ffff:10.119.200.45  
[24/Jun/2017 11:39:44 AM] Last login: Sat Jun 24 10:30:21 2017 from 10.119.200.45
[24/Jun/2017 11:39:44 AM] Warning!! Authorized users only. All activity may be monitored and reported.
[24/Jun/2017 11:39:44 AM] 
[24/Jun/2017 11:39:44 AM] 
[24/Jun/2017 11:39:44 AM] INFORMATION: This session will expire after 8196 hours and 20 minutes.
[24/Jun/2017 11:39:44 AM] (c)Copyright 1983-2006 Hewlett-Packard Development Company, L.P.
[24/Jun/2017 11:39:44 AM] (c)Copyright 1979, 1980, 1983, 1985-1993 The Regents of the Univ. of California
[24/Jun/2017 11:39:44 AM] (c)Copyright 1980, 1984, 1986 Novell, Inc.
[24/Jun/2017 11:39:44 AM] (c)Copyright 1986-2000 Sun Microsystems, Inc.
[24/Jun/2017 11:39:44 AM] (c)Copyright 1985, 1986, 1988 Massachusetts Institute of Technology
[24/Jun/2017 11:39:44 AM] (c)Copyright 1989-1993  The Open Software Foundation, Inc.
[24/Jun/2017 11:39:44 AM] (c)Copyright 1990 Motorola, Inc.
[24/Jun/2017 11:39:44 AM] (c)Copyright 1990, 1991, 1992 Cornell University
[24/Jun/2017 11:39:44 AM] (c)Copyright 1989-1991 The University of Maryland
[24/Jun/2017 11:39:44 AM] (c)Copyright 1988 Carnegie Mellon University
[24/Jun/2017 11:39:44 AM] (c)Copyright 1991-2006 Mentat Inc.
[24/Jun/2017 11:39:44 AM] (c)Copyright 1996 Morning Star Technologies, Inc.
[24/Jun/2017 11:39:44 AM] (c)Copyright 1996 Progressive Systems, Inc.
[24/Jun/2017 11:39:44 AM] 
[24/Jun/2017 11:39:44 AM] Confidential computer software. Valid license from HP required for
[24/Jun/2017 11:39:44 AM] possession, use or copying.  Consistent with FAR 12.211 and 12.212,
[24/Jun/2017 11:39:44 AM] Commercial Computer Software, Computer Software Documentation, and
[24/Jun/2017 11:39:44 AM] Technical Data for Commercial Items are licensed to the U.S. Government
[24/Jun/2017 11:39:44 AM] under vendor's standard commercial license.
[24/Jun/2017 11:39:44 AM] 
[24/Jun/2017 11:39:44 AM] Warning!! Authorized users only. All activity may be monitored and reported.
[24/Jun/2017 11:39:44 AM] 
