[BEGIN] 26/06/2017 03:48:17 PM
[26/06/2017 03:48:17 PM] Connecting to 10.119.211.153
[26/06/2017 03:48:17 PM] USER[1007033524], PC[10.119.236.192], TARGET[10.119.211.153]
[26/06/2017 03:48:20 PM] Last successful login:       Mon Jun 26 14:44:23 TST 2017 10.119.200.44  
[26/06/2017 03:48:20 PM] Last login: Mon Jun 26 14:44:25 2017 from 10.119.200.44
[26/06/2017 03:48:20 PM] Warning!! Authorized users only. All activity may be monitored and reported.
[26/06/2017 03:48:20 PM] 
[26/06/2017 03:48:20 PM] 
[26/06/2017 03:48:20 PM] INFORMATION: This session will expire after 8144 hours and 11 minutes.
[26/06/2017 03:48:20 PM] (c)Copyright 1983-2006 Hewlett-Packard Development Company, L.P.
[26/06/2017 03:48:20 PM] (c)Copyright 1979, 1980, 1983, 1985-1993 The Regents of the Univ. of California
[26/06/2017 03:48:20 PM] (c)Copyright 1980, 1984, 1986 Novell, Inc.
[26/06/2017 03:48:20 PM] (c)Copyright 1986-2000 Sun Microsystems, Inc.
[26/06/2017 03:48:20 PM] (c)Copyright 1985, 1986, 1988 Massachusetts Institute of Technology
[26/06/2017 03:48:20 PM] (c)Copyright 1989-1993  The Open Software Foundation, Inc.
[26/06/2017 03:48:20 PM] (c)Copyright 1990 Motorola, Inc.
[26/06/2017 03:48:20 PM] (c)Copyright 1990, 1991, 1992 Cornell University
[26/06/2017 03:48:20 PM] (c)Copyright 1989-1991 The University of Maryland
[26/06/2017 03:48:20 PM] (c)Copyright 1988 Carnegie Mellon University
[26/06/2017 03:48:20 PM] (c)Copyright 1991-2006 Mentat Inc.
[26/06/2017 03:48:20 PM] (c)Copyright 1996 Morning Star Technologies, Inc.
[26/06/2017 03:48:20 PM] (c)Copyright 1996 Progressive Systems, Inc.
[26/06/2017 03:48:20 PM] 
[26/06/2017 03:48:20 PM] Confidential computer software. Valid license from HP required for
[26/06/2017 03:48:20 PM] possession, use or copying.  Consistent with FAR 12.211 and 12.212,
[26/06/2017 03:48:20 PM] Commercial Computer Software, Computer Software Documentation, and
[26/06/2017 03:48:20 PM] Technical Data for Commercial Items are licensed to the U.S. Government
[26/06/2017 03:48:20 PM] under vendor's standard commercial license.
[26/06/2017 03:48:20 PM] 
[26/06/2017 03:48:20 PM] Warning!! Authorized users only. All activity may be monitored and reported.
[26/06/2017 03:48:20 PM] 
[26/06/2017 03:48:20 PM] You have mail.
[26/06/2017 03:48:26 PM] LGDAMEH3:/home/sysadm01>exit                                                                                                            
[26/06/2017 03:48:26 PM] 
[26/06/2017 03:48:26 PM] Connection closed by foreign host.

[END] 26/06/2017 03:48:26 PM
