[BEGIN] 6/21/2017 11:20:52 AM
[6/21/2017 11:20:52 AM] Connecting to 10.119.211.152
[6/21/2017 11:20:53 AM] USER[1007033524], PC[10.119.236.192], TARGET[10.119.211.152]
[6/21/2017 11:20:54 AM] Last successful login:       Wed Jun 21 10:04:12 TST 2017 ::ffff:10.119.200.44  
[6/21/2017 11:20:54 AM] Last login: Wed Jun 21 10:04:12 2017 from 10.119.200.44
[6/21/2017 11:20:54 AM] Warning!! Authorized users only. All activity may be monitored and reported.
[6/21/2017 11:20:54 AM] 
[6/21/2017 11:20:55 AM] 
[6/21/2017 11:20:55 AM] INFORMATION: This session will expire after 8268 hours and 39 minutes.
[6/21/2017 11:20:55 AM] (c)Copyright 1983-2006 Hewlett-Packard Development Company, L.P.
[6/21/2017 11:20:55 AM] (c)Copyright 1979, 1980, 1983, 1985-1993 The Regents of the Univ. of California
[6/21/2017 11:20:55 AM] (c)Copyright 1980, 1984, 1986 Novell, Inc.
[6/21/2017 11:20:55 AM] (c)Copyright 1986-2000 Sun Microsystems, Inc.
[6/21/2017 11:20:55 AM] (c)Copyright 1985, 1986, 1988 Massachusetts Institute of Technology
[6/21/2017 11:20:55 AM] (c)Copyright 1989-1993  The Open Software Foundation, Inc.
[6/21/2017 11:20:55 AM] (c)Copyright 1990 Motorola, Inc.
[6/21/2017 11:20:55 AM] (c)Copyright 1990, 1991, 1992 Cornell University
[6/21/2017 11:20:55 AM] (c)Copyright 1989-1991 The University of Maryland
[6/21/2017 11:20:55 AM] (c)Copyright 1988 Carnegie Mellon University
[6/21/2017 11:20:55 AM] (c)Copyright 1991-2006 Mentat Inc.
[6/21/2017 11:20:55 AM] (c)Copyright 1996 Morning Star Technologies, Inc.
[6/21/2017 11:20:55 AM] (c)Copyright 1996 Progressive Systems, Inc.
[6/21/2017 11:20:55 AM] 
[6/21/2017 11:20:55 AM] Confidential computer software. Valid license from HP required for
[6/21/2017 11:20:55 AM] possession, use or copying.  Consistent with FAR 12.211 and 12.212,
[6/21/2017 11:20:55 AM] Commercial Computer Software, Computer Software Documentation, and
[6/21/2017 11:20:55 AM] Technical Data for Commercial Items are licensed to the U.S. Government
[6/21/2017 11:20:55 AM] under vendor's standard commercial license.
[6/21/2017 11:20:55 AM] 
[6/21/2017 11:20:55 AM] Warning!! Authorized users only. All activity may be monitored and reported.
[6/21/2017 11:20:55 AM] 
[6/21/2017 11:20:55 AM] You have mail.
[6/21/2017 11:20:56 AM]                                                                                                                                                                                         
[6/21/2017 11:20:56 AM] Value of TERM has been set to "vt100". 
[6/21/2017 11:24:29 AM] LGDAMEH2:/engn0h1/messvcd5] cd bin
[6/21/2017 11:24:32 AM] LGDAMEH2:/engn0h1/messvcd5/bin] ls
[6/21/2017 11:24:32 AM] AAPsvr*           backup/           EDSsvr*           JEUS_down         MATsvr*           PROsvr            RCPsvr*           SQLsv             UIFsvr*
[6/21/2017 11:24:32 AM] APCsvr*           copy_bin*         EIFsvr*           LOGsvr*           MDLsvr*           PRSsvr            RDXsvr*           SQLsvr*           USRRsvr*
[6/21/2017 11:24:32 AM] APSsvr*           DLSsvr*           EPPsvr*           MAILapp*          MPSsvr*           PTFBACKUP/        RTREVPsvr*        svrStop*          ./
[6/21/2017 11:24:32 AM] ARCapp*           DLYsvr*           GUIsvr*           MAILsvr*          msend*            PTFsvr*           RTRsvr*           TAPsvr*           ../
[6/21/2017 11:24:32 AM] ARCapp_MULTIFAB   EDPsvr*           JEUS_boot         make*             PPCsvr*           PTFsvr_MULTIFAB   SMSsvr*           TIMsvr*
[6/21/2017 11:28:47 AM] LGDAMEH2:/engn0h1/messvcd5/bin] cp MAILapp MAILapp_20170621 
[6/21/2017 11:31:56 AM] LGDAMEH2:/engn0h1/messvcd5/bin] whoami
[6/21/2017 11:31:56 AM] messvcd5
[6/21/2017 11:31:56 AM] you have mail in /var/mail/messvcd5
[6/21/2017 11:34:25 AM] LGDAMEH2:/engn0h1/messvcd5/bin] ls
[6/21/2017 11:34:26 AM] AAPsvr*            backup/            EDSsvr*            JEUS_down          make*              PPCsvr*            PTFsvr_MULTIFAB    SMSsvr*            TIMsvr*
[6/21/2017 11:34:26 AM] APCsvr*            copy_bin*          EIFsvr*            LOGsvr*            MATsvr*            PROsvr             RCPsvr*            SQLsv              UIFsvr*
[6/21/2017 11:34:26 AM] APSsvr*            DLSsvr*            EPPsvr*            MAILapp*           MDLsvr*            PRSsvr             RDXsvr*            SQLsvr*            USRRsvr*
[6/21/2017 11:34:26 AM] ARCapp*            DLYsvr*            GUIsvr*            MAILapp_20170621*  MPSsvr*            PTFBACKUP/         RTREVPsvr*         svrStop*           ./
[6/21/2017 11:34:26 AM] ARCapp_MULTIFAB    EDPsvr*            JEUS_boot          MAILsvr*           msend*             PTFsvr*            RTRsvr*            TAPsvr*            ../
[6/21/2017 01:06:10 PM] LGDAMEH2:/engn0h1/messvcd5/bin] copy_bin MAILapp
[6/21/2017 01:06:10 PM] MAILapp
[6/21/2017 01:06:10 PM] you have mail in /var/mail/messvcd5
[6/21/2017 01:07:10 PM] LGDAMEH2:/engn0h1/messvcd5/bin] ll | grep MA
[6/21/2017 01:07:10 PM] 37874 -rwxr-xr-x   1 messvcd5   19391320 Jun 21 13:06 MAILapp*
[6/21/2017 01:07:10 PM] 36976 -rwxr-xr-x   1 messvcd5   18931432 Jun 21 11:28 MAILapp_20170621*
[6/21/2017 01:07:10 PM] 10256 -rwxr-xr-x   1 messvcd5   5250464 Jun  2 12:06 MAILsvr*
[6/21/2017 01:07:10 PM] 111936 -rwxr-xr-x   1 messvcd5   57310368 Jun  2 13:55 MATsvr*
[6/21/2017 01:15:11 PM] LGDAMEH2:/engn0h1/messvcd5/bin] ps -ef | grep EDPsvr
[6/21/2017 01:15:11 PM] messvcd5 28254     1  0  Jun  6  ?        00:05:35 /engn0h1/messvcd5/bin/EDPsvr sys=CCS seq=5 shop=D5C env=EDPsvr_D5C.cfg ftweight=30 type= dest=
[6/21/2017 01:15:11 PM] messvcd5 28246     1  0  Jun  6  ?        00:06:06 /engn0h1/messvcd5/bin/EDPsvr sys=CCS seq=4 shop=D5C env=EDPsvr_D5C.cfg ftweight=30 type= dest=
[6/21/2017 01:15:11 PM] messvcd5 28230     1  0  Jun  6  ?        00:05:31 /engn0h1/messvcd5/bin/EDPsvr sys=CCS seq=2 shop=D5C env=EDPsvr_D5C.cfg ftweight=30 type= dest=
[6/21/2017 01:15:11 PM] messvcd5 28270     1  0  Jun  6  ?        00:06:05 /engn0h1/messvcd5/bin/EDPsvr sys=CCS seq=7 shop=D5C env=EDPsvr_D5C.cfg ftweight=30 type= dest=
[6/21/2017 01:15:11 PM] messvcd5 28262     1  0  Jun  6  ?        00:05:22 /engn0h1/messvcd5/bin/EDPsvr sys=CCS seq=6 shop=D5C env=EDPsvr_D5C.cfg ftweight=30 type= dest=
[6/21/2017 01:15:11 PM] messvcd5 28238     1  0  Jun  6  ?        00:05:24 /engn0h1/messvcd5/bin/EDPsvr sys=CCS seq=3 shop=D5C env=EDPsvr_D5C.cfg ftweight=30 type= dest=
[6/21/2017 01:15:11 PM] messvcd5 28201     1  0  Jun  6  ?        00:07:15 /engn0h1/messvcd5/bin/EDPsvr sys=CCS seq=1 shop=D5C env=EDPsvr_D5C.cfg ftweight=30 type= dest=
[6/21/2017 01:15:11 PM] messvcd5  6707 25071  1 13:15:11 pts/2    00:00:00 grep EDPsvr
[6/21/2017 01:23:09 PM] LGDAMEH2:/engn0h1/messvcd5/bin] exit
[6/21/2017 01:23:09 PM] logout
[6/21/2017 01:23:09 PM] 
[6/21/2017 01:23:09 PM] Connection closed by foreign host.

[END] 6/21/2017 01:23:09 PM
