[BEGIN] 6/21/2017 10:32:45 AM
[6/21/2017 10:32:45 AM] Connecting to 10.119.211.153
[6/21/2017 10:32:45 AM] USER[1007033524], PC[10.119.236.192], TARGET[10.119.211.153]
[6/21/2017 10:32:45 AM] Last successful login:       Wed Jun 21 10:32:18 TST 2017 10.119.200.44  
[6/21/2017 10:32:45 AM] Last login: Wed Jun 21 10:32:20 2017 from 10.119.200.44
[6/21/2017 10:32:45 AM] Warning!! Authorized users only. All activity may be monitored and reported.
[6/21/2017 10:32:45 AM] 
[6/21/2017 10:32:45 AM] 
[6/21/2017 10:32:45 AM] INFORMATION: This session will expire after 8269 hours and 27 minutes.
[6/21/2017 10:32:45 AM] (c)Copyright 1983-2006 Hewlett-Packard Development Company, L.P.
[6/21/2017 10:32:45 AM] (c)Copyright 1979, 1980, 1983, 1985-1993 The Regents of the Univ. of California
[6/21/2017 10:32:45 AM] (c)Copyright 1980, 1984, 1986 Novell, Inc.
[6/21/2017 10:32:45 AM] (c)Copyright 1986-2000 Sun Microsystems, Inc.
[6/21/2017 10:32:45 AM] (c)Copyright 1985, 1986, 1988 Massachusetts Institute of Technology
[6/21/2017 10:32:45 AM] (c)Copyright 1989-1993  The Open Software Foundation, Inc.
[6/21/2017 10:32:45 AM] (c)Copyright 1990 Motorola, Inc.
[6/21/2017 10:32:45 AM] (c)Copyright 1990, 1991, 1992 Cornell University
[6/21/2017 10:32:45 AM] (c)Copyright 1989-1991 The University of Maryland
[6/21/2017 10:32:45 AM] (c)Copyright 1988 Carnegie Mellon University
[6/21/2017 10:32:45 AM] (c)Copyright 1991-2006 Mentat Inc.
[6/21/2017 10:32:45 AM] (c)Copyright 1996 Morning Star Technologies, Inc.
[6/21/2017 10:32:45 AM] (c)Copyright 1996 Progressive Systems, Inc.
[6/21/2017 10:32:45 AM] 
[6/21/2017 10:32:45 AM] Confidential computer software. Valid license from HP required for
[6/21/2017 10:32:45 AM] possession, use or copying.  Consistent with FAR 12.211 and 12.212,
[6/21/2017 10:32:45 AM] Commercial Computer Software, Computer Software Documentation, and
[6/21/2017 10:32:45 AM] Technical Data for Commercial Items are licensed to the U.S. Government
[6/21/2017 10:32:45 AM] under vendor's standard commercial license.
[6/21/2017 10:32:45 AM] 
[6/21/2017 10:32:45 AM] Warning!! Authorized users only. All activity may be monitored and reported.
[6/21/2017 10:32:45 AM] 
[6/21/2017 10:32:45 AM] You have mail.
[6/21/2017 10:32:58 AM] LGDAMEH3:/home/sysadm01>su -                                                                                                                                                            
[6/21/2017 10:32:58 AM] Password: 
[6/21/2017 10:32:59 AM] (c)Copyright 1983-2006 Hewlett-Packard Development Company, L.P.
[6/21/2017 10:32:59 AM] (c)Copyright 1979, 1980, 1983, 1985-1993 The Regents of the Univ. of California
[6/21/2017 10:32:59 AM] (c)Copyright 1980, 1984, 1986 Novell, Inc.
[6/21/2017 10:32:59 AM] (c)Copyright 1986-2000 Sun Microsystems, Inc.
[6/21/2017 10:32:59 AM] (c)Copyright 1985, 1986, 1988 Massachusetts Institute of Technology
[6/21/2017 10:32:59 AM] (c)Copyright 1989-1993  The Open Software Foundation, Inc.
[6/21/2017 10:32:59 AM] (c)Copyright 1990 Motorola, Inc.
[6/21/2017 10:32:59 AM] (c)Copyright 1990, 1991, 1992 Cornell University
[6/21/2017 10:32:59 AM] (c)Copyright 1989-1991 The University of Maryland
[6/21/2017 10:32:59 AM] (c)Copyright 1988 Carnegie Mellon University
[6/21/2017 10:32:59 AM] (c)Copyright 1991-2006 Mentat Inc.
[6/21/2017 10:32:59 AM] (c)Copyright 1996 Morning Star Technologies, Inc.
[6/21/2017 10:32:59 AM] (c)Copyright 1996 Progressive Systems, Inc.
[6/21/2017 10:32:59 AM] 
[6/21/2017 10:32:59 AM] Confidential computer software. Valid license from HP required for
[6/21/2017 10:32:59 AM] possession, use or copying.  Consistent with FAR 12.211 and 12.212,
[6/21/2017 10:32:59 AM] Commercial Computer Software, Computer Software Documentation, and
[6/21/2017 10:32:59 AM] Technical Data for Commercial Items are licensed to the U.S. Government
[6/21/2017 10:32:59 AM] under vendor's standard commercial license.
[6/21/2017 10:32:59 AM] 
[6/21/2017 10:32:59 AM] Warning!! Authorized users only. All activity may be monitored and reported.
[6/21/2017 10:32:59 AM] 
[6/21/2017 10:32:59 AM] You have mail.
[6/21/2017 10:33:00 AM]                                                                                                                                                                                         
[6/21/2017 10:33:00 AM] Value of TERM has been set to "vt100". 
[6/21/2017 10:33:00 AM] WARNING:  YOU ARE SUPERUSER !!
[6/21/2017 10:33:00 AM] 
[6/21/2017 10:33:17 AM] LGDAMEH3:/>cd /engn0h1/messvcd5/cfg
[6/21/2017 10:33:20 AM] LGDAMEH3:/engn0h1/messvcd5/cfg>ls
[6/21/2017 10:33:20 AM] AAPsvr_D5.cfg      DLSsvr_D5C.cfg     EPPsvr_D5C.cfg     MAILsvr_D5.cfg     MULTICAST.CFG      PTFsvr_Env.cfg     SQLsvr_COMD5.cfg   SQLsvr_HISD5.cfg   UIFsvr_D5.cfg      findfile.dat
[6/21/2017 10:33:20 AM] APCsvr_D5C.cfg     DLYsvr_D5.cfg      ERRsvr_D5.cfg      MATsvr_D5.cfg      MULTICAST_BAK.CFG  RCPsvr_D5C.cfg     SQLsvr_D5.cfg      SQLsvr_RPTD5.cfg   UIFsvr_D5C.cfg
[6/21/2017 10:33:20 AM] APSsvr_D5C.cfg     EDPsvr_D5C.cfg     GUIsvr_D5C.cfg     MDLsvr.cfg         PFMsvr_D5C.cfg     RDSsvr_D5C.cfg     SQLsvr_D5C.cfg     TAPsvr_D5C.cfg     USRRsvr_D5.cfg
[6/21/2017 10:33:20 AM] ARCapp_D5.cfg      EDSsvr_D5C.cfg     LOGsvr_D5.cfg      MHSsvr_D5C.cfg     PPCsvr_D5.cfg      RDXsvr_D5C.cfg     SQLsvr_EAHD5.cfg   TIMSVR.CFG         back
[6/21/2017 10:33:20 AM] CONMSG.CFG         EIFMSG.CFG         LOGsvr_D5C.cfg     MOSsvr_D5C.cfg     PROsvr_D5.cfg      RTRsvr_D5C.cfg     SQLsvr_EASD5.cfg   TIMsvr_D5C.cfg     chamge_work.ksh
[6/21/2017 10:33:20 AM] DB.cfg             EIFsvr_D5C.cfg     MAILapp_D5.cfg     MPSsvr_D5.cfg      PTFsvr.cfg         SMSsvr_D5C.cfg     SQLsvr_EDSD5.cfg   UIFMSG.CFG         dump.ksh
[6/21/2017 10:33:31 AM] LGDAMEH3:/engn0h1/messvcd5/cfg>vi UIFMSG.CFG
[6/21/2017 10:33:59 AM] "UIFMSG.CFG" 625 lines, 29745 characters 
*
[6/21/2017 10:33:59 AM] Connection closed by foreign host.ON

[END] 6/21/2017 10:33:59 AM
