[BEGIN] 6/21/2017 10:34:20 AM
[6/21/2017 10:34:20 AM] *
Disconnected from remote host(VH MES AP #3 (LGDAMEH3)) at 10:34:00.
*------------    -------------   (Must Be Single MailBox)
Type `help' to learn how to use Xshell prompt.-----------
[e:\~]$ exit
Looking up proxy server '10.119.200.44'...svr.D5~
Host '10.119.200.44' resolved to 10.119.200.44.5~
Connecting to 10.119.200.44:21080...G1.GUIsvr.D5~
Connection established.          D5.G1.GUIsvr.D5~
To escape to local shell, press 'Ctrl+Alt+]'..D5~
 BHCN            N               D5.G1.GUIsvr.D5~
Connecting to 10.119.211.153     D5.G1.GUIsvr.D5~
[6/21/2017 10:34:20 AM] USER[1007033524], PC[10.119.236.192], TARGET[10.119.211.153]
[6/21/2017 10:34:21 AM] Last successful login:       Wed Jun 21 10:32:42 TST 2017 10.119.200.44  
[6/21/2017 10:34:21 AM] Last login: Wed Jun 21 10:32:44 2017 from 10.119.200.44
[6/21/2017 10:34:21 AM] Warning!! Authorized users only. All activity may be monitored and reported.
[6/21/2017 10:34:21 AM]  CHEP            N               D5.G1.GUIsvr.D5~
[6/21/2017 10:34:22 AM]  CHLT            N               D5.G1.GUIsvr.D5~
[6/21/2017 10:34:22 AM] INFORMATION: This session will expire after 8269 hours and 25 minutes.
[6/21/2017 10:34:22 AM] (c)Copyright 1983-2006 Hewlett-Packard Development Company, L.P.
[6/21/2017 10:34:22 AM] (c)Copyright 1979, 1980, 1983, 1985-1993 The Regents of the Univ. of California
[6/21/2017 10:34:22 AM] (c)Copyright 1980, 1984, 1986 Novell, Inc.svr.D5~
[6/21/2017 10:34:22 AM] (c)Copyright 1986-2000 Sun Microsystems, Inc..D5~
[6/21/2017 10:34:22 AM] (c)Copyright 1985, 1986, 1988 Massachusetts Institute of Technology
[6/21/2017 10:34:22 AM] (c)Copyright 1989-1993  The Open Software Foundation, Inc.
[6/21/2017 10:34:22 AM] (c)Copyright 1990 Motorola, Inc. D5.G1.GUIsvr.D5~
[6/21/2017 10:34:22 AM] (c)Copyright 1990, 1991, 1992 Cornell University~
[6/21/2017 10:34:22 AM] (c)Copyright 1989-1991 The University of Maryland
[6/21/2017 10:34:22 AM] (c)Copyright 1988 Carnegie Mellon Universityr.D5~
[6/21/2017 10:34:22 AM] (c)Copyright 1991-2006 Mentat Inc.acters
[6/21/2017 10:34:22 AM] (c)Copyright 1996 Morning Star Technologies, Inc.
[6/21/2017 10:34:22 AM] (c)Copyright 1996 Progressive Systems, Inc.
[6/21/2017 10:34:22 AM] 
[6/21/2017 10:34:22 AM] Confidential computer software. Valid license from HP required for
[6/21/2017 10:34:22 AM] possession, use or copying.  Consistent with FAR 12.211 and 12.212,
[6/21/2017 10:34:22 AM] Commercial Computer Software, Computer Software Documentation, and
[6/21/2017 10:34:22 AM] Technical Data for Commercial Items are licensed to the U.S. Government
[6/21/2017 10:34:22 AM] under vendor's standard commercial license.
[6/21/2017 10:34:22 AM] 
[6/21/2017 10:34:22 AM] Warning!! Authorized users only. All activity may be monitored and reported.
[6/21/2017 10:34:22 AM] 
[6/21/2017 10:34:22 AM] You have mail.
[6/21/2017 10:34:26 AM] LGDAMEH3:/home/sysadm01>su -                                                                                                                                                            
[6/21/2017 10:34:26 AM] Password: 
[6/21/2017 10:34:26 AM] (c)Copyright 1983-2006 Hewlett-Packard Development Company, L.P.
[6/21/2017 10:34:26 AM] (c)Copyright 1979, 1980, 1983, 1985-1993 The Regents of the Univ. of California
[6/21/2017 10:34:26 AM] (c)Copyright 1980, 1984, 1986 Novell, Inc.
[6/21/2017 10:34:26 AM] (c)Copyright 1986-2000 Sun Microsystems, Inc.
[6/21/2017 10:34:26 AM] (c)Copyright 1985, 1986, 1988 Massachusetts Institute of Technology
[6/21/2017 10:34:26 AM] (c)Copyright 1989-1993  The Open Software Foundation, Inc.
[6/21/2017 10:34:26 AM] (c)Copyright 1990 Motorola, Inc.
[6/21/2017 10:34:26 AM] (c)Copyright 1990, 1991, 1992 Cornell University
[6/21/2017 10:34:26 AM] (c)Copyright 1989-1991 The University of Maryland
[6/21/2017 10:34:26 AM] (c)Copyright 1988 Carnegie Mellon University
[6/21/2017 10:34:26 AM] (c)Copyright 1991-2006 Mentat Inc.
[6/21/2017 10:34:26 AM] (c)Copyright 1996 Morning Star Technologies, Inc.
[6/21/2017 10:34:26 AM] (c)Copyright 1996 Progressive Systems, Inc.
[6/21/2017 10:34:26 AM] 
[6/21/2017 10:34:27 AM] Confidential computer software. Valid license from HP required for
[6/21/2017 10:34:27 AM] possession, use or copying.  Consistent with FAR 12.211 and 12.212,
[6/21/2017 10:34:27 AM] Commercial Computer Software, Computer Software Documentation, and
[6/21/2017 10:34:27 AM] Technical Data for Commercial Items are licensed to the U.S. Government
[6/21/2017 10:34:27 AM] under vendor's standard commercial license.
[6/21/2017 10:34:27 AM] 
[6/21/2017 10:34:27 AM] Warning!! Authorized users only. All activity may be monitored and reported.
[6/21/2017 10:34:27 AM] 
[6/21/2017 10:34:27 AM] You have mail.
[6/21/2017 10:34:28 AM]                                                                                                                                                                                         
[6/21/2017 10:34:28 AM] Value of TERM has been set to "vt100". 
[6/21/2017 10:34:28 AM] WARNING:  YOU ARE SUPERUSER !!
[6/21/2017 10:34:28 AM] 
[6/21/2017 10:34:47 AM] LGDAMEH3:/>cd /engn0h1/messvcd5/cfg
[6/21/2017 10:35:01 AM] LGDAMEH3:/engn0h1/messvcd5/cfg>vi UIFMSG.CFG
[6/21/2017 10:35:20 AM] "UIFMSG.CFG" 625 lines, 29745 characters 
*
*    UIFsvr MESSAGE PATH INFORMATION
*
*COMMAND NAME    WORKLOT CHECK    DEST MAILBOX NAME
*------------    -------------   (Must Be Single MailBox)
*------------    -------------   ------------------------
* UIFsvr        =>  D5.G1.GUIsvr.D5~
 PFMSTART        N               D5.G1.PFMsvr.D5~
 TCHG            N               D5.G1.DLYsvr.D5~
 ADBP            N               D5.G1.GUIsvr.D5~
 CJFM            N               D5.G1.GUIsvr.D5~
 ACST            N               D5.G1.GUIsvr.D5~
 AMAT            N               D5.G1.GUIsvr.D5~
 BHCN            N               D5.G1.GUIsvr.D5~
 BOLA            N               D5.G1.GUIsvr.D5~
 CACC            N               D5.G1.GUIsvr.D5~
 CBBS            N               D5.G1.GUIsvr.D5~
 CCST            N               D5.G1.GUIsvr.D5~
 CEMP            N               D5.G1.GUIsvr.D5~
 CHEP            N               D5.G1.GUIsvr.D5~
 CHLT            N               D5.G1.GUIsvr.D5~
 CMCH            Y               D5.G1.GUIsvr.D5~
 CPLT            Y               D5.G1.GUIsvr.D5~
 CRLT            Y               D5.G1.GUIsvr.D5~
 CRTN            N               D5.G1.GUIsvr.D5~
 CSON            N               D5.G1.GUIsvr.D5~
 DACM            N               D5.G1.GUIsvr.D5~
 DCST            N               D5.G1.GUIsvr.D5~
 DGLT            N               D5.G1.GUIsvr.D5~
 DSTO            N               D5.G1.GUIsvr.D5~
 ESCH            N               D5.G1.GUIsvr.D5~
 FIST            N               D5.G1.GUIsvr.D5~
"UIFMSG.CFG" 625 lines, 29745 characters
*
*    UIFsvr MESSAGE PATH INFORMATION
*
*COMMAND NAME    WORKLOT CHECK    DEST MAILBOX NAME
*------------    -------------   (Must Be Single MailBox)
*------------    -------------   ------------------------
* UIFsvr        =>  D5.G1.GUIsvr.D5~
 PFMSTART        N               D5.G1.PFMsvr.D5~
 TCHG            N               D5.G1.DLYsvr.D5~
 ADBP            N               D5.G1.GUIsvr.D5~
 CJFM            N               D5.G1.GUIsvr.D5~
 ACST            N               D5.G1.GUIsvr.D5~
 AMAT            N               D5.G1.GUIsvr.D5~
 BHCN            N               D5.G1.GUIsvr.D5~
 BOLA            N               D5.G1.GUIsvr.D5~
 CACC            N               D5.G1.GUIsvr.D5~
 CBBS            N               D5.G1.GUIsvr.D5~
 CCST            N               D5.G1.GUIsvr.D5~
 CEMP            N               D5.G1.GUIsvr.D5~
 CHEP            N               D5.G1.GUIsvr.D5~
 CHLT            N               D5.G1.GUIsvr.D5~
 CMCH            Y               D5.G1.GUIsvr.D5~
 CPLT            Y               D5.G1.GUIsvr.D5~
 CRLT            Y               D5.G1.GUIsvr.D5~
 CRTN            N               D5.G1.GUIsvr.D5~
 CSON            N               D5.G1.GUIsvr.D5~
 DACM            N               D5.G1.GUIsvr.D5~
 DCST            N               D5.G1.GUIsvr.D5~
 DGLT            N               D5.G1.GUIsvr.D5~
 DSTO            N               D5.G1.GUIsvr.D5~
 ESCH            N               D5.G1.GUIsvr.D5~
 FIST            N               D5.G1.GUIsvr.D5~
/MATsvr
 CGIS            N               D5.G1.SRTsvr.D5~
 CGIC            N               D5.G1.SRTsvr.D5~
 CPSC            N               D5.G1.SRTsvr.D5~
 CPRS            N               D5.G1.SRTsvr.D5~
 CPRC            N               D5.G1.SRTsvr.D5~
* UIFsvr => D5.G1.RDSsvr.D5~
 DLIS            N               D5.G1.RDSsvr.D5~
 ATDL            N               D5.G1.RDSsvr.D5~
 RULM            N               D5.G1.RDSsvr.D5~
 BTDL            N               D5.G1.RDSsvr.D5~
* UIFsvr => D5.G1.PROsvr.D5~
 PCPW            N               D5.G1.PROsvr.D5~
 PCMD            N               D5.G1.PROsvr.D5~
* UIFsvr => D5.G1.BAYsvr.D5~
 CBAY            N               D5.G1.BAYsvr.D5~
* UIFsvr => D5.G1.MATsvr.D5~
 LTMC            N               D5.G1.MATsvr.D5
 MGUDS           N               D5.G1.MATsvr.D5
 MUUDF           N               D5.G1.MATsvr.D5
 MCBLT           N               D5.G1.MATsvr.D5
 MUFTI           N               D5.G1.MATsvr.D5
 MMIMG           N               D5.G1.MATsvr.D5
 MPIOM           N               D5.G1.MATsvr.D5
 MPDHT           N               D5.G1.MATsvr.D5
 MULNO           N               D5.G1.MATsvr.D5
 MBACP           N               D5.G1.MATsvr.D5
 MMSET           N               D5.G1.MATsvr.D5
 MLRLP           N               D5.G1.MATsvr.D5
 MAMLT           N               D5.G1.MATsvr.D5
 MREMM           N               D5.G1.MATsvr.D5
 MCAPU           N               D5.G1.MATsvr.D5
 MRERC           N               D5.G1.MATsvr.D5
[6/21/2017 10:35:20 AM] 
[6/21/2017 10:35:20 AM] 
[6/21/2017 10:35:20 AM] 
[6/21/2017 10:35:20 AM] 
[6/21/2017 10:35:20 AM] 
[6/21/2017 10:35:20 AM] 
[6/21/2017 10:35:20 AM] 
[6/21/2017 10:35:21 AM] 
[6/21/2017 10:35:21 AM] 
[6/21/2017 10:35:21 AM] 
[6/21/2017 10:35:21 AM] 
[6/21/2017 10:35:21 AM] 
[6/21/2017 10:35:21 AM] 
[6/21/2017 10:35:21 AM] 
[6/21/2017 10:35:21 AM] 
[6/21/2017 10:35:21 AM] 
[6/21/2017 10:35:21 AM] 
[6/21/2017 10:35:21 AM] 
[6/21/2017 10:36:28 AM]  MCBLT           N               D5.G1.MATsvr.D5
 MUFTI           N               D5.G1.MATsvr.D5
 MMIMG           N               D5.G1.MATsvr.D5
 MPIOM           N               D5.G1.MATsvr.D5
 MPDHT           N               D5.G1.MATsvr.D5
 MULNO           N               D5.G1.MATsvr.D5
 MBACP           N               D5.G1.MATsvr.D5
 MMSET           N               D5.G1.MATsvr.D5
 MLRLP           N               D5.G1.MATsvr.D5
 MAMLT           N               D5.G1.MATsvr.D5
 MREMM           N               D5.G1.MATsvr.D5
 MCAPU           N               D5.G1.MATsvr.D5
 MRERC           N               D5.G1.MATsvr.D5
 MSRSC           N               D5.G1.MATsvr.D5
 MSRRC           N               D5.G1.MATsvr.D5
 MISLB           N               D5.G1.MATsvr.D5
 MFBMP           N               D5.G1.MATsvr.D5
 MTKSR           N               D5.G1.MATsvr.D5
 MOFSE           N               D5.G1.MATsvr.D5
 MOUCH           N               D5.G1.MATsvr.D5
* UIFsvr => D5.G1.RCPsvr.D5~
 EEPR            N               D5.G1.RCPsvr.D5~
 EPCS            N               D5.G1.RCPsvr.D5~
 ESPR            N               D5.G1.RCPsvr.D5~
* Add RCPSvr Msg For D5
 EPLR            N               D5.G1.RCPsvr.D5~
 ELPR            N               D5.G1.RCPsvr.D5~
 EPCC            N               D5.G1.RCPsvr.D5~
 EPCR            N               D5.G1.RCPsvr.D5~
* UIFsvr => D5.G1.RPTpro.D5~
 RCMD            N               D5.G1.RPTpro.D5~
/MOSsvr
 TIFC            N               D5.G1.GUIsvr.D5~
 LCDS            N               D5.G1.GUIsvr.D5~
 EILS            N               D5.G1.GUIsvr.D5~
 * UIFsvr send to MIFsvr  ( MES Adv. Project )
 DPAR            Y               D5.G1.MIFsvr.D5~
 DMTL            Y               D5.G1.MIFsvr.D5~
 * UIFsvr send to APSsvr D5.G1.APSsvr.D5
 APDS            N               D5.G1.APSsvr.D5~
 DAPD            N               D5.G1.APSsvr.D5~
 * UIFsvr => D5.G1.EPSsvr.D5
 EPS_RESA        N               D5.G1.EPSsvr.D5
 EPS_ESSC        N               D5.G1.EPSsvr.D5
 * UIFsvr => D5.G1.MOSsvr.D5
 MOS_ACST        N               D5.G1.MOSsvr.D5~
 MOS_DCST        N               D5.G1.MOSsvr.D5~
 MOS_RMVP        N               D5.G1.MOSsvr.D5~
 MOS_DSMT        N               D5.G1.MOSsvr.D5~
 MOS_MVIN        N               D5.G1.MOSsvr.D5~
 MOS_MVOU        N               D5.G1.MOSsvr.D5~
 MOS_ALOC        N               D5.G1.MOSsvr.D5~
 MOS_AMAT        N               D5.G1.MOSsvr.D5~
 MOS_OPCH        N               D5.G1.MOSsvr.D5~
 MOS_UNDO        N               D5.G1.MOSsvr.D5~
 MOS_RMIS        N               D5.G1.MOSsvr.D5~
 MOS_RMCP        N               D5.G1.MOSsvr.D5~
 MOS_RMCS        N               D5.G1.MOSsvr.D5~
 MOS_RNNT        N               D5.G1.MOSsvr.D5~
 MOS_HLLT             N               D5.G1.MOSsvr.D5~
MOS_RLLT             N               D5.G1.MOSsvr.D5~
[6/21/2017 10:37:30 AM]  LCDS            N               D5.G1.GUIsvr.D5~
 EILS            N               D5.G1.GUIsvr.D5~
 * UIFsvr send to MIFsvr  ( MES Adv. Project )
 DPAR            Y               D5.G1.MIFsvr.D5~
 DMTL            Y               D5.G1.MIFsvr.D5~
 * UIFsvr send to APSsvr D5.G1.APSsvr.D5
 APDS            N               D5.G1.APSsvr.D5~
 DAPD            N               D5.G1.APSsvr.D5~
 * UIFsvr => D5.G1.EPSsvr.D5
 EPS_RESA        N               D5.G1.EPSsvr.D5
 EPS_ESSC        N               D5.G1.EPSsvr.D5
 * UIFsvr => D5.G1.MOSsvr.D5
 MOS_ACST        N               D5.G1.MOSsvr.D5~
 MOS_DCST        N               D5.G1.MOSsvr.D5~
 MOS_RMVP        N               D5.G1.MOSsvr.D5~
 MOS_DSMT        N               D5.G1.MOSsvr.D5~
 MOS_MVIN        N               D5.G1.MOSsvr.D5~
 MOS_MVOU        N               D5.G1.MOSsvr.D5~
 MOS_ALOC        N               D5.G1.MOSsvr.D5~
 MOS_AMAT        N               D5.G1.MOSsvr.D5~
 MOS_OPCH        N               D5.G1.MOSsvr.D5~
 MOS_UNDO        N               D5.G1.MOSsvr.D5~
 MOS_RMIS        N               D5.G1.MOSsvr.D5~
 MOS_RMCP        N               D5.G1.MOSsvr.D5~
 MOS_RMCS        N               D5.G1.MOSsvr.D5~
 MOS_RNNT        N               D5.G1.MOSsvr.D5~
 MOS_HLLT        N               D5.G1.MOSsvr.D5~
 MOS_RLLT        N               D5.G1.MOSsvr.D5~
 MOS_MSMC        N               D5.G1.MOSsvr.D5~
 LCDS            N               D5.G1.GUIsvr.D5~
 EILS            N               D5.G1.GUIsvr.D5~
 * UIFsvr send to MIFsvr  ( MES Adv. Project )
 DPAR            Y               D5.G1.MIFsvr.D5~
 DMTL            Y               D5.G1.MIFsvr.D5~
 * UIFsvr send to APSsvr D5.G1.APSsvr.D5
 APDS            N               D5.G1.APSsvr.D5~
 DAPD            N               D5.G1.APSsvr.D5~
 * UIFsvr => D5.G1.EPSsvr.D5
 EPS_RESA        N               D5.G1.EPSsvr.D5
 EPS_ESSC        N               D5.G1.EPSsvr.D5
 * UIFsvr => D5.G1.MOSsvr.D5
 MOS_ACST        N               D5.G1.MOSsvr.D5~
 MOS_DCST        N               D5.G1.MOSsvr.D5~
 MOS_RMVP        N               D5.G1.MOSsvr.D5~
 MOS_DSMT        N               D5.G1.MOSsvr.D5~
 MOS_MVIN        N               D5.G1.MOSsvr.D5~
 MOS_MVOU        N               D5.G1.MOSsvr.D5~
 MOS_ALOC        N               D5.G1.MOSsvr.D5~
 MOS_AMAT        N               D5.G1.MOSsvr.D5~
 MOS_OPCH        N               D5.G1.MOSsvr.D5~
 MOS_UNDO        N               D5.G1.MOSsvr.D5~
 MOS_RMIS        N               D5.G1.MOSsvr.D5~
 MOS_RMCP        N               D5.G1.MOSsvr.D5~
 MOS_RMCS        N               D5.G1.MOSsvr.D5~
 MOS_RNNT        N               D5.G1.MOSsvr.D5~
 MOS_HLLT        N               D5.G1.MOSsvr.D5~
 MOS_RLLT        N               D5.G1.MOSsvr.D5~
 xMOS_MSMC        N               D5.G1.MOSsvr.D5~
Pattern not found
 LCDS            N               D5.G1.GUIsvr.D5~
 EILS            N               D5.G1.GUIsvr.D5~
 * UIFsvr send to MIFsvr  ( MES Adv. Project )
 DPAR            Y               D5.G1.MIFsvr.D5~
 DMTL            Y               D5.G1.MIFsvr.D5~
 * UIFsvr send to APSsvr D5.G1.APSsvr.D5
 APDS            N               D5.G1.APSsvr.D5~
 DAPD            N               D5.G1.APSsvr.D5~
 * UIFsvr => D5.G1.EPSsvr.D5
 EPS_RESA        N               D5.G1.EPSsvr.D5
 EPS_ESSC        N               D5.G1.EPSsvr.D5
 * UIFsvr => D5.G1.MOSsvr.D5
 MOS_ACST        N               D5.G1.MOSsvr.D5~
 MOS_DCST        N               D5.G1.MOSsvr.D5~
 MOS_RMVP        N               D5.G1.MOSsvr.D5~
 MOS_DSMT        N               D5.G1.MOSsvr.D5~
 MOS_MVIN        N               D5.G1.MOSsvr.D5~
 MOS_MVOU        N               D5.G1.MOSsvr.D5~
 MOS_ALOC        N               D5.G1.MOSsvr.D5~
 MOS_AMAT        N               D5.G1.MOSsvr.D5~
 MOS_OPCH        N               D5.G1.MOSsvr.D5~
 MOS_UNDO        N               D5.G1.MOSsvr.D5~
 MOS_RMIS        N               D5.G1.MOSsvr.D5~
 MOS_RMCP        N               D5.G1.MOSsvr.D5~
 MOS_RMCS        N               D5.G1.MOSsvr.D5~
 MOS_RNNT        N               D5.G1.MOSsvr.D5~
 MOS_HLLT        N               D5.G1.MOSsvr.D5~
 MOS_RLLT        N               D5.G1.MOSsvr.D5~
 MOS_MSMC        N               D5.G1.MOSsvr.D5~
 LCDS            N               D5.G1.GUIsvr.D5~
 EILS            N               D5.G1.GUIsvr.D5~
 * UIFsvr send to MIFsvr  ( MES Adv. Project )
 DPAR            Y               D5.G1.MIFsvr.D5~
 DMTL            Y               D5.G1.MIFsvr.D5~
 * UIFsvr send to APSsvr D5.G1.APSsvr.D5
 APDS            N               D5.G1.APSsvr.D5~
 DAPD            N               D5.G1.APSsvr.D5~
 * UIFsvr => D5.G1.EPSsvr.D5
 EPS_RESA        N               D5.G1.EPSsvr.D5
 EPS_ESSC        N               D5.G1.EPSsvr.D5
 * UIFsvr => D5.G1.MOSsvr.D5
 MOS_ACST        N               D5.G1.MOSsvr.D5~
 MOS_DCST        N               D5.G1.MOSsvr.D5~
 MOS_RMVP        N               D5.G1.MOSsvr.D5~
 MOS_DSMT        N               D5.G1.MOSsvr.D5~
 MOS_MVIN        N               D5.G1.MOSsvr.D5~
 MOS_MVOU        N               D5.G1.MOSsvr.D5~
 MOS_ALOC        N               D5.G1.MOSsvr.D5~
 MOS_AMAT        N               D5.G1.MOSsvr.D5~
 MOS_OPCH        N               D5.G1.MOSsvr.D5~
 MOS_UNDO        N               D5.G1.MOSsvr.D5~
 MOS_RMIS        N               D5.G1.MOSsvr.D5~
 MOS_RMCP        N               D5.G1.MOSsvr.D5~
 MOS_RMCS        N               D5.G1.MOSsvr.D5~
 MOS_RNNT        N               D5.G1.MOSsvr.D5~
 MOS_HLLT        N               D5.G1.MOSsvr.D5~
 MOS_RLLT        N               D5.G1.MOSsvr.D5~
 MOS_MSMC        N               D5.G1.MOSsvr.D5~
/GUIsvr
*
*    UIFsvr MESSAGE PATH INFORMATION
*
*COMMAND NAME    WORKLOT CHECK    DEST MAILBOX NAME
*------------    -------------   (Must Be Single MailBox)
*------------    -------------   ------------------------
* UIFsvr        =>  D5.G1.GUIsvr.D5~
 PFMSTART        N               D5.G1.PFMsvr.D5~
 TCHG            N               D5.G1.DLYsvr.D5~
 ADBP            N               D5.G1.GUIsvr.D5~
 CJFM            N               D5.G1.GUIsvr.D5~
 ACST            N               D5.G1.GUIsvr.D5~
 AMAT            N               D5.G1.GUIsvr.D5~
 BHCN            N               D5.G1.GUIsvr.D5~
 BOLA            N               D5.G1.GUIsvr.D5~
 CACC            N               D5.G1.GUIsvr.D5~
 CBBS            N               D5.G1.GUIsvr.D5~
 CCST            N               D5.G1.GUIsvr.D5~
 CEMP            N               D5.G1.GUIsvr.D5~
 CHEP            N               D5.G1.GUIsvr.D5~
 CHLT            N               D5.G1.GUIsvr.D5~
 CMCH            Y               D5.G1.GUIsvr.D5~
 CPLT            Y               D5.G1.GUIsvr.D5~
 CRLT            Y               D5.G1.GUIsvr.D5~
 CRTN            N               D5.G1.GUIsvr.D5~
 CSON            N               D5.G1.GUIsvr.D5~
 DACM            N               D5.G1.GUIsvr.D5~
 DCST            N               D5.G1.GUIsvr.D5~
 DGLT            N               D5.G1.GUIsvr.D5~
 DSTO            N               D5.G1.GUIsvr.D5~
 ESCH            N               D5.G1.GUIsvr.D5~
 FIST            N               D5.G1.GUIsvr.D5~
*
*    UIFsvr MESSAGE PATH INFORMATION
*
*COMMAND NAME    WORKLOT CHECK    DEST MAILBOX NAME
*------------    -------------   (Must Be Single MailBox)
*------------    -------------   ------------------------
* UIFsvr        =>  D5.G1.GUIsvr.D5~
 PFMSTART        N               D5.G1.PFMsvr.D5~
 TCHG            N               D5.G1.DLYsvr.D5~
 ADBP            N               D5.G1.GUIsvr.D5~
 CJFM            N               D5.G1.GUIsvr.D5~
 ACST            N               D5.G1.GUIsvr.D5~
 AMAT            N               D5.G1.GUIsvr.D5~
 BHCN            N               D5.G1.GUIsvr.D5~
 BOLA            N               D5.G1.GUIsvr.D5~
 CACC            N               D5.G1.GUIsvr.D5~
 CBBS            N               D5.G1.GUIsvr.D5~
 CCST            N               D5.G1.GUIsvr.D5~
 CEMP            N               D5.G1.GUIsvr.D5~
 CHEP            N               D5.G1.GUIsvr.D5~
 CHLT            N               D5.G1.GUIsvr.D5~
 CMCH            Y               D5.G1.GUIsvr.D5~
 CPLT            Y               D5.G1.GUIsvr.D5~
 CRLT            Y               D5.G1.GUIsvr.D5~
 CRTN            N               D5.G1.GUIsvr.D5~
 CSON            N               D5.G1.GUIsvr.D5~
 DACM            N               D5.G1.GUIsvr.D5~
 DCST            N               D5.G1.GUIsvr.D5~
 DGLT            N               D5.G1.GUIsvr.D5~
 DSTO            N               D5.G1.GUIsvr.D5~
 ESCH            N               D5.G1.GUIsvr.D5~
 FIST            N               D5.G1.GUIsvr.D5~
[6/21/2017 10:37:30 AM] 
[6/21/2017 10:37:30 AM] 
[6/21/2017 10:37:30 AM] 
[6/21/2017 10:37:30 AM] 
[6/21/2017 10:37:30 AM] 
[6/21/2017 10:37:30 AM] 
[6/21/2017 10:37:30 AM] 
[6/21/2017 10:37:30 AM] 
[6/21/2017 10:37:30 AM] 
[6/21/2017 10:37:30 AM] 
[6/21/2017 10:37:30 AM] 
[6/21/2017 10:37:30 AM] 
[6/21/2017 10:37:30 AM] 
[6/21/2017 10:37:30 AM] 
[6/21/2017 10:37:30 AM] 
[6/21/2017 10:37:30 AM] 
[6/21/2017 10:37:30 AM] 
[6/21/2017 10:37:30 AM] 
[6/21/2017 10:37:30 AM] 
[6/21/2017 10:37:30 AM] 
[6/21/2017 10:37:30 AM] 
[6/21/2017 10:37:30 AM] 
[6/21/2017 10:37:30 AM] 
[6/21/2017 10:37:30 AM] 
[6/21/2017 10:37:30 AM] 
[6/21/2017 10:37:30 AM] 
[6/21/2017 10:37:30 AM] 
[6/21/2017 10:37:31 AM] 
[6/21/2017 10:37:31 AM] 
[6/21/2017 10:37:31 AM] 
[6/21/2017 10:37:31 AM] 
[6/21/2017 10:37:31 AM] 
[6/21/2017 10:37:31 AM] 
[6/21/2017 10:37:31 AM] 
[6/21/2017 10:37:31 AM] 
[6/21/2017 10:37:31 AM] 
[6/21/2017 10:37:31 AM] 
[6/21/2017 10:37:31 AM] 
[6/21/2017 10:37:31 AM] 
[6/21/2017 10:37:31 AM] 
[6/21/2017 10:37:31 AM] 
[6/21/2017 10:37:31 AM] 
[6/21/2017 10:37:32 AM] 
[6/21/2017 10:37:32 AM] 
[6/21/2017 10:37:32 AM] 
[6/21/2017 10:37:32 AM] 
[6/21/2017 10:37:32 AM] 
[6/21/2017 10:37:32 AM] 
[6/21/2017 10:37:32 AM] 
[6/21/2017 10:37:32 AM] 
[6/21/2017 10:37:32 AM] 
[6/21/2017 10:37:32 AM] 
[6/21/2017 10:37:32 AM] 
[6/21/2017 10:37:32 AM] 
[6/21/2017 10:37:32 AM] 
[6/21/2017 10:37:32 AM] 
[6/21/2017 10:37:32 AM] 
[6/21/2017 10:37:32 AM] 
[6/21/2017 10:37:32 AM] 
[6/21/2017 10:37:32 AM] 
[6/21/2017 10:37:32 AM] 
[6/21/2017 10:37:32 AM] 
[6/21/2017 10:37:32 AM] 
[6/21/2017 10:37:32 AM] 
[6/21/2017 10:37:32 AM] 
[6/21/2017 10:37:32 AM] 
[6/21/2017 10:37:32 AM] 
[6/21/2017 10:37:32 AM] 
[6/21/2017 10:37:32 AM] 
[6/21/2017 10:37:32 AM] 
[6/21/2017 10:37:32 AM] 
[6/21/2017 10:37:32 AM] 
[6/21/2017 10:37:33 AM] 
[6/21/2017 10:37:33 AM] 
[6/21/2017 10:37:33 AM] 
[6/21/2017 10:37:33 AM] 
[6/21/2017 10:37:33 AM] 
[6/21/2017 10:37:33 AM] 
[6/21/2017 10:37:33 AM] 
[6/21/2017 10:37:33 AM] 
[6/21/2017 10:37:33 AM] 
[6/21/2017 10:37:33 AM] 
[6/21/2017 10:37:33 AM] 
[6/21/2017 10:37:34 AM] 
[6/21/2017 10:37:34 AM] 
[6/21/2017 10:37:34 AM] 
[6/21/2017 10:37:34 AM] 
[6/21/2017 10:37:34 AM] 
[6/21/2017 10:37:34 AM] 
[6/21/2017 10:37:34 AM] 
[6/21/2017 10:37:34 AM] 
[6/21/2017 10:37:34 AM] 
[6/21/2017 10:37:34 AM] 
[6/21/2017 10:37:34 AM] 
[6/21/2017 10:37:34 AM] 
[6/21/2017 10:37:34 AM] 
[6/21/2017 10:37:34 AM] 
[6/21/2017 10:37:34 AM] 
[6/21/2017 10:37:34 AM] 
[6/21/2017 10:37:34 AM] 
[6/21/2017 10:37:34 AM] 
[6/21/2017 10:37:34 AM] 
[6/21/2017 10:37:34 AM] 
[6/21/2017 10:37:34 AM] 
[6/21/2017 10:37:34 AM] 
[6/21/2017 10:37:34 AM] 
[6/21/2017 10:37:34 AM] 
[6/21/2017 10:37:34 AM] 
[6/21/2017 10:37:34 AM] 
[6/21/2017 10:37:34 AM] 
[6/21/2017 10:37:34 AM] 
[6/21/2017 10:37:34 AM] 
[6/21/2017 10:37:34 AM] 
[6/21/2017 10:37:34 AM] 
[6/21/2017 10:37:34 AM] 
[6/21/2017 10:37:35 AM] 
[6/21/2017 10:37:35 AM] 
[6/21/2017 10:37:35 AM] 
[6/21/2017 10:37:35 AM] 
[6/21/2017 10:37:35 AM] 
[6/21/2017 10:37:35 AM] 
[6/21/2017 10:37:35 AM] 
[6/21/2017 10:37:35 AM] 
[6/21/2017 10:37:35 AM] 
[6/21/2017 10:37:35 AM] 
[6/21/2017 10:37:35 AM] 
[6/21/2017 10:37:35 AM] 
[6/21/2017 10:37:35 AM] 
[6/21/2017 10:37:35 AM] 
[6/21/2017 10:37:35 AM] 
[6/21/2017 10:37:35 AM] 
[6/21/2017 10:37:35 AM] 
[6/21/2017 10:37:35 AM] 
[6/21/2017 10:37:35 AM] 
[6/21/2017 10:37:35 AM] 
[6/21/2017 10:37:35 AM] 
[6/21/2017 10:37:35 AM] 
[6/21/2017 10:37:35 AM] 
[6/21/2017 10:37:35 AM] 
[6/21/2017 10:37:39 AM] 
[6/21/2017 10:37:39 AM] 
[6/21/2017 10:37:39 AM] 
[6/21/2017 10:37:39 AM] 
[6/21/2017 10:37:39 AM] 
[6/21/2017 10:37:39 AM] 
[6/21/2017 10:37:39 AM] 
[6/21/2017 10:37:39 AM] 
[6/21/2017 10:37:40 AM] 
[6/21/2017 10:37:40 AM] 
[6/21/2017 10:37:40 AM] 
[6/21/2017 10:37:40 AM] 
[6/21/2017 10:37:40 AM] 
[6/21/2017 10:37:40 AM] 
[6/21/2017 10:37:40 AM] 
[6/21/2017 10:37:40 AM] 
[6/21/2017 10:37:40 AM] 
[6/21/2017 10:37:40 AM] 
[6/21/2017 10:37:40 AM] 
[6/21/2017 10:37:40 AM] 
[6/21/2017 10:37:40 AM] 
[6/21/2017 10:37:40 AM] 
[6/21/2017 10:37:40 AM] 
[6/21/2017 10:37:40 AM] 
[6/21/2017 10:37:40 AM] 
[6/21/2017 10:37:40 AM] 
[6/21/2017 10:37:40 AM] 
[6/21/2017 10:37:40 AM] 
[6/21/2017 10:37:40 AM] 
[6/21/2017 10:37:40 AM] 
[6/21/2017 10:37:40 AM] 
[6/21/2017 10:37:40 AM] 
[6/21/2017 10:37:40 AM] 
[6/21/2017 10:37:40 AM] 
[6/21/2017 10:37:40 AM] 
[6/21/2017 10:37:40 AM] 
[6/21/2017 10:37:40 AM] 
[6/21/2017 10:37:40 AM] 
[6/21/2017 10:37:40 AM] 
[6/21/2017 10:37:40 AM] 
[6/21/2017 10:37:41 AM] 
[6/21/2017 10:37:41 AM] 
[6/21/2017 10:37:41 AM] 
[6/21/2017 10:37:41 AM] 
[6/21/2017 10:37:41 AM] 
[6/21/2017 10:37:41 AM] 
[6/21/2017 10:37:41 AM] 
[6/21/2017 10:37:41 AM] 
[6/21/2017 10:37:41 AM] 
[6/21/2017 10:37:41 AM] 
[6/21/2017 10:37:41 AM] 
[6/21/2017 10:37:41 AM] 
[6/21/2017 10:37:41 AM] 
[6/21/2017 10:37:41 AM] 
[6/21/2017 10:37:41 AM] 
[6/21/2017 10:37:41 AM] 
[6/21/2017 10:37:42 AM] 
[6/21/2017 10:37:42 AM] 
[6/21/2017 10:37:42 AM] 
[6/21/2017 10:37:42 AM] 
[6/21/2017 10:37:42 AM] 
[6/21/2017 10:37:42 AM] 
[6/21/2017 10:37:42 AM] 
[6/21/2017 10:37:42 AM] 
[6/21/2017 10:37:42 AM] 
[6/21/2017 10:37:42 AM] 
[6/21/2017 10:37:42 AM] 
[6/21/2017 10:37:42 AM] 
[6/21/2017 10:37:42 AM] 
[6/21/2017 10:37:42 AM] 
[6/21/2017 10:37:42 AM] 
[6/21/2017 10:37:42 AM] 
[6/21/2017 10:37:42 AM] 
[6/21/2017 10:37:42 AM] 
[6/21/2017 10:37:42 AM] 
[6/21/2017 10:37:42 AM] 
[6/21/2017 10:37:42 AM] 
[6/21/2017 10:37:42 AM] 
[6/21/2017 10:37:42 AM] 
[6/21/2017 10:37:42 AM] 
[6/21/2017 10:37:42 AM] 
[6/21/2017 10:37:42 AM] 
[6/21/2017 10:37:42 AM] 
[6/21/2017 10:37:42 AM] 
[6/21/2017 10:37:42 AM] 
[6/21/2017 10:37:42 AM] 
[6/21/2017 10:37:42 AM] 
[6/21/2017 10:37:42 AM] 
[6/21/2017 10:37:42 AM] 
[6/21/2017 10:37:43 AM] 
[6/21/2017 10:37:43 AM] 
[6/21/2017 10:37:43 AM] 
[6/21/2017 10:37:43 AM] 
[6/21/2017 10:37:43 AM] 
[6/21/2017 10:37:43 AM] 
[6/21/2017 10:37:43 AM] 
[6/21/2017 10:37:43 AM] 
[6/21/2017 10:37:43 AM] 
[6/21/2017 10:37:43 AM] 
[6/21/2017 10:37:43 AM] 
[6/21/2017 10:37:43 AM] 
[6/21/2017 10:37:43 AM] 
[6/21/2017 10:37:43 AM] 
[6/21/2017 10:37:43 AM] 
[6/21/2017 10:37:43 AM] 
[6/21/2017 10:37:43 AM] 
[6/21/2017 10:37:43 AM] 
[6/21/2017 10:37:43 AM] 
[6/21/2017 10:37:43 AM] 
[6/21/2017 10:37:43 AM] 
[6/21/2017 10:37:44 AM] 
[6/21/2017 10:37:44 AM] 
[6/21/2017 10:37:44 AM] 
[6/21/2017 10:37:44 AM] 
[6/21/2017 10:37:44 AM] 
[6/21/2017 10:37:44 AM] 
[6/21/2017 10:37:44 AM] 
[6/21/2017 10:37:44 AM] 
[6/21/2017 10:37:44 AM] 
[6/21/2017 10:37:44 AM] 
[6/21/2017 10:37:44 AM] 
[6/21/2017 10:37:44 AM] 
[6/21/2017 10:37:44 AM] 
[6/21/2017 10:37:45 AM] 
[6/21/2017 10:37:45 AM] 
[6/21/2017 10:37:45 AM] 
[6/21/2017 10:37:45 AM] 
[6/21/2017 10:37:45 AM] 
[6/21/2017 10:37:45 AM] 
[6/21/2017 10:37:45 AM] 
[6/21/2017 10:37:45 AM] 
[6/21/2017 10:37:45 AM] 
[6/21/2017 10:37:45 AM] 
[6/21/2017 10:37:45 AM] 
[6/21/2017 10:37:45 AM] 
[6/21/2017 10:37:45 AM] 
[6/21/2017 10:37:45 AM] 
[6/21/2017 10:37:45 AM] 
[6/21/2017 10:37:45 AM] 
[6/21/2017 10:37:45 AM] 
[6/21/2017 10:37:45 AM] 
[6/21/2017 10:37:45 AM] 
[6/21/2017 10:37:45 AM] 
[6/21/2017 10:37:45 AM] 
[6/21/2017 10:37:45 AM] 
[6/21/2017 10:37:45 AM] 
[6/21/2017 10:37:45 AM] 
[6/21/2017 10:37:45 AM] 
[6/21/2017 10:37:45 AM] 
[6/21/2017 10:37:46 AM] 
[6/21/2017 10:37:46 AM] 
[6/21/2017 10:37:46 AM] 
[6/21/2017 10:37:46 AM] 
[6/21/2017 10:37:46 AM] 
[6/21/2017 10:37:46 AM] 
[6/21/2017 10:37:46 AM] 
[6/21/2017 10:37:46 AM] 
[6/21/2017 10:37:46 AM] 
[6/21/2017 10:37:46 AM] 
[6/21/2017 10:37:46 AM] 
[6/21/2017 10:37:46 AM] 
[6/21/2017 10:37:46 AM] 
[6/21/2017 10:37:46 AM] 
[6/21/2017 10:37:46 AM] 
[6/21/2017 10:37:46 AM] 
[6/21/2017 10:37:46 AM] 
[6/21/2017 10:37:46 AM] 
[6/21/2017 10:37:46 AM] 
[6/21/2017 10:37:46 AM] 
[6/21/2017 10:37:46 AM] 
[6/21/2017 10:37:46 AM] 
[6/21/2017 10:37:46 AM] 
[6/21/2017 10:37:46 AM] 
[6/21/2017 10:37:46 AM] 
[6/21/2017 10:37:46 AM] 
[6/21/2017 10:37:46 AM] 
[6/21/2017 10:37:46 AM] 
[6/21/2017 10:37:46 AM] 
[6/21/2017 10:37:46 AM] 
[6/21/2017 10:37:46 AM] 
[6/21/2017 10:37:46 AM] 
[6/21/2017 10:37:46 AM] 
[6/21/2017 10:37:47 AM] 
[6/21/2017 10:37:47 AM] 
[6/21/2017 10:37:47 AM] 
[6/21/2017 10:37:47 AM] 
[6/21/2017 10:37:47 AM] 
[6/21/2017 10:37:47 AM] 
[6/21/2017 10:37:47 AM] 
[6/21/2017 10:37:47 AM] 
[6/21/2017 10:37:47 AM] 
[6/21/2017 10:37:47 AM] 
[6/21/2017 10:37:47 AM] 
[6/21/2017 10:37:47 AM] 
[6/21/2017 10:37:47 AM] 
[6/21/2017 10:37:47 AM] 
[6/21/2017 10:37:47 AM] 
[6/21/2017 10:37:47 AM] 
[6/21/2017 10:37:47 AM] 
[6/21/2017 10:37:47 AM] 
[6/21/2017 10:37:47 AM] 
[6/21/2017 10:37:47 AM] 
[6/21/2017 10:37:47 AM] 
[6/21/2017 10:37:47 AM] 
[6/21/2017 10:37:47 AM] 
[6/21/2017 10:37:47 AM] 
[6/21/2017 10:37:47 AM] 
[6/21/2017 10:37:47 AM] 
[6/21/2017 10:37:47 AM] 
[6/21/2017 10:37:47 AM] 
[6/21/2017 10:37:47 AM] 
[6/21/2017 10:37:47 AM] 
[6/21/2017 10:37:47 AM] 
[6/21/2017 10:37:47 AM] 
[6/21/2017 10:37:47 AM] 
[6/21/2017 10:37:47 AM] 
[6/21/2017 10:37:48 AM] 
[6/21/2017 10:37:48 AM] 
[6/21/2017 10:37:48 AM] 
[6/21/2017 10:37:48 AM] 
[6/21/2017 10:37:48 AM] 
[6/21/2017 10:37:48 AM] 
[6/21/2017 10:37:48 AM] 
[6/21/2017 10:37:48 AM] 
[6/21/2017 10:37:48 AM] 
[6/21/2017 10:37:48 AM] 
[6/21/2017 10:37:48 AM] 
[6/21/2017 10:37:48 AM] 
[6/21/2017 10:37:48 AM] 
[6/21/2017 10:37:48 AM] 
[6/21/2017 10:37:48 AM] 
[6/21/2017 10:37:48 AM] 
[6/21/2017 10:38:27 AM]  ECSL            N               D5.G1.GUIsvr.D5~
 PRPM            N               D5.G1.GUIsvr.D5~
 ACHK            N               D5.G1.GUIsvr.D5~
 REOI            N               D5.G1.GUIsvr.D5~
 HECO            N               D5.G1.GUIsvr.D5~
 JMMC            N               D5.G1.GUIsvr.D5~
 ICIM            N               D5.G1.GUIsvr.D5~
 EGHP            N               D5.G1.GUIsvr.D5~
 RNAC            N               D5.G1.GUIsvr.D5~
 UCPC            N               D5.G1.GUIsvr.D5~
 UECI            N               D5.G1.GUIsvr.D5~
 GJSC            N               D5.G1.GUIsvr.D5~
 ROEM            N               D5.G1.GUIsvr.D5~
 UAMT            N               D5.G1.GUIsvr.D5~
 ROAP            N               D5.G1.TAPsvr.D5~
 RANL            N               D5.G1.GUIsvr.D5~
 CHAP            N               D5.G1.TAPsvr.D5~
 ESAC            N               D5.G1.TAPsvr.D5~
 GASM            N               D5.G1.GUIsvr.D5~
 EWNU            N               D5.G1.GUIsvr.D5~
//------------------------------------------------
* UIFsvr => D5.G1.OPTsvr.D5~
 COSC            Y               D5.G1.OPTsvr.D5C
 COSL            Y               D5.G1.OPTsvr.D5C
 COSS            Y               D5.G1.OPTsvr.D5C
 COSR            Y               D5.G1.OPTsvr.D5C
 CLSG            Y               D5.G1.LSGsvr.D5C
 COLS            Y               D5.G1.LSTsvr.D5C
* UIFsvr => D5.G1.MIFsvr.D5~
 DMAP            Y               D5.G1.MIFsvr.D5
 EAPD            Y               D5.G1.MIFsvr.D5
 RRTA            Y               D5.G1.MIFsvr.D5
 ECSL            N               D5.G1.GUIsvr.D5~
 PRPM            N               D5.G1.GUIsvr.D5~
 ACHK            N               D5.G1.GUIsvr.D5~
 REOI            N               D5.G1.GUIsvr.D5~
 HECO            N               D5.G1.GUIsvr.D5~
 JMMC            N               D5.G1.GUIsvr.D5~
 ICIM            N               D5.G1.GUIsvr.D5~
 EGHP            N               D5.G1.GUIsvr.D5~
 RNAC            N               D5.G1.GUIsvr.D5~
 UCPC            N               D5.G1.GUIsvr.D5~
 UECI            N               D5.G1.GUIsvr.D5~
 GJSC            N               D5.G1.GUIsvr.D5~
 ROEM            N               D5.G1.GUIsvr.D5~
 UAMT            N               D5.G1.GUIsvr.D5~
 ROAP            N               D5.G1.TAPsvr.D5~
 RANL            N               D5.G1.GUIsvr.D5~
 CHAP            N               D5.G1.TAPsvr.D5~
 ESAC            N               D5.G1.TAPsvr.D5~
 GASM            N               D5.G1.GUIsvr.D5~
 EWNU            N               D5.G1.GUIsvr.D5~
//------------------------------------------------
* UIFsvr => D5.G1.OPTsvr.D5~
 COSC            Y               D5.G1.OPTsvr.D5C
 COSL            Y               D5.G1.OPTsvr.D5C
 COSS            Y               D5.G1.OPTsvr.D5C
 COSR            Y               D5.G1.OPTsvr.D5C
 CLSG            Y               D5.G1.LSGsvr.D5C
 COLS            Y               D5.G1.LSTsvr.D5C
* UIFsvr => D5.G1.MIFsvr.D5~
 DMAP            Y               D5.G1.MIFsvr.D5
 EAPD            Y               D5.G1.MIFsvr.D5
 RRTA            Y               D5.G1.MIFsvr.D5
[6/21/2017 10:38:27 AM] 
[6/21/2017 10:38:27 AM] 
[6/21/2017 10:38:27 AM] 
[6/21/2017 10:38:29 AM] 
[6/21/2017 10:38:29 AM] 
[6/21/2017 10:38:29 AM] 
[6/21/2017 10:38:29 AM] 
[6/21/2017 10:38:29 AM] 
[6/21/2017 10:38:30 AM] 
[6/21/2017 10:38:30 AM] 
[6/21/2017 10:38:30 AM] 
[6/21/2017 10:38:30 AM] 
[6/21/2017 10:38:30 AM] 
[6/21/2017 10:38:30 AM] 
[6/21/2017 10:38:30 AM] 
[6/21/2017 10:38:30 AM] 
[6/21/2017 10:38:30 AM] 
[6/21/2017 10:38:30 AM] 
[6/21/2017 10:38:30 AM] 
[6/21/2017 10:38:30 AM] 
[6/21/2017 10:38:30 AM] 
[6/21/2017 10:38:30 AM] 
[6/21/2017 10:38:30 AM] 
[6/21/2017 10:38:30 AM] 
[6/21/2017 10:38:30 AM] 
[6/21/2017 10:38:30 AM] 
[6/21/2017 10:38:30 AM] 
[6/21/2017 10:38:30 AM] 
[6/21/2017 10:38:30 AM] 
[6/21/2017 10:38:30 AM] 
[6/21/2017 10:38:30 AM] 
[6/21/2017 10:38:30 AM] 
[6/21/2017 10:38:30 AM] 
[6/21/2017 10:38:31 AM] 
[6/21/2017 10:38:31 AM] 
[6/21/2017 10:38:31 AM] 
[6/21/2017 10:38:31 AM] 
[6/21/2017 10:38:31 AM] 
[6/21/2017 10:38:31 AM] 
[6/21/2017 10:38:31 AM] 
[6/21/2017 10:38:31 AM] 
[6/21/2017 10:38:31 AM] 
[6/21/2017 10:38:31 AM] 
[6/21/2017 10:38:31 AM] 
[6/21/2017 10:38:31 AM] 
[6/21/2017 10:38:31 AM] 
[6/21/2017 10:38:31 AM] 
[6/21/2017 10:38:31 AM] 
[6/21/2017 10:38:31 AM] 
[6/21/2017 10:38:31 AM] 
[6/21/2017 10:38:31 AM] 
[6/21/2017 10:38:31 AM] 
[6/21/2017 10:38:31 AM] 
[6/21/2017 10:38:31 AM] 
[6/21/2017 10:38:31 AM] 
[6/21/2017 10:38:32 AM] 
[6/21/2017 10:38:32 AM] 
[6/21/2017 10:38:58 AM]  SMDL            N               D5.G1.MHSsvr.D5~
 CFRM            N               D5.G1.MHSsvr.D5~
 CRNG            N               D5.G1.MHSsvr.D5~
 CLRS            N               D5.G1.MHSsvr.D5~
 CURS            N               D5.G1.MHSsvr.D5~
 CTLE            N               D5.G1.MHSsvr.D5~
 SMCF            N               D5.G1.MHSsvr.D5~
 CTMR            N               D5.G1.MHSsvr.D5~
 CUSE            N               D5.G1.MHSsvr.D5~
 CMRC            N               D5.G1.MHSsvr.D5~
 CEAT            N               D5.G1.MHSsvr.D5~
 CEDT            N               D5.G1.MHSsvr.D5~
 STEC            N               D5.G1.MHSsvr.D5~
* UIFsvr => D5.G1.SRTsvr.D5~
 CMOD            N               D5.G1.SRTsvr.D5~
 COPT            N               D5.G1.SRTsvr.D5~
 COPC            N               D5.G1.SRTsvr.D5~
 CPST            N               D5.G1.SRTsvr.D5~
 CGIS            N               D5.G1.SRTsvr.D5~
 CGIC            N               D5.G1.SRTsvr.D5~
 CPSC            N               D5.G1.SRTsvr.D5~
 CPRS            N               D5.G1.SRTsvr.D5~
 CPRC            N               D5.G1.SRTsvr.D5~
* UIFsvr => D5.G1.RDSsvr.D5~
 DLIS            N               D5.G1.RDSsvr.D5~
 ATDL            N               D5.G1.RDSsvr.D5~
"UIFMSG.CFG" 633 lines, 30143 characters 
[6/21/2017 10:39:12 AM] LGDAMEH3:/engn0h1/messvcd5/cfg>ls 
[6/21/2017 10:39:12 AM] AAPsvr_D5.cfg      DLSsvr_D5C.cfg     EPPsvr_D5C.cfg     MAILsvr_D5.cfg     MULTICAST.CFG      PTFsvr_Env.cfg     SQLsvr_COMD5.cfg   SQLsvr_HISD5.cfg   UIFsvr_D5.cfg      findfile.dat
[6/21/2017 10:39:12 AM] APCsvr_D5C.cfg     DLYsvr_D5.cfg      ERRsvr_D5.cfg      MATsvr_D5.cfg      MULTICAST_BAK.CFG  RCPsvr_D5C.cfg     SQLsvr_D5.cfg      SQLsvr_RPTD5.cfg   UIFsvr_D5C.cfg
[6/21/2017 10:39:12 AM] APSsvr_D5C.cfg     EDPsvr_D5C.cfg     GUIsvr_D5C.cfg     MDLsvr.cfg         PFMsvr_D5C.cfg     RDSsvr_D5C.cfg     SQLsvr_D5C.cfg     TAPsvr_D5C.cfg     USRRsvr_D5.cfg
[6/21/2017 10:39:12 AM] ARCapp_D5.cfg      EDSsvr_D5C.cfg     LOGsvr_D5.cfg      MHSsvr_D5C.cfg     PPCsvr_D5.cfg      RDXsvr_D5C.cfg     SQLsvr_EAHD5.cfg   TIMSVR.CFG         back
[6/21/2017 10:39:12 AM] CONMSG.CFG         EIFMSG.CFG         LOGsvr_D5C.cfg     MOSsvr_D5C.cfg     PROsvr_D5.cfg      RTRsvr_D5C.cfg     SQLsvr_EASD5.cfg   TIMsvr_D5C.cfg     chamge_work.ksh
[6/21/2017 10:39:12 AM] DB.cfg             EIFsvr_D5C.cfg     MAILapp_D5.cfg     MPSsvr_D5.cfg      PTFsvr.cfg         SMSsvr_D5C.cfg     SQLsvr_EDSD5.cfg   UIFMSG.CFG         dump.ksh
[6/21/2017 10:39:26 AM] LGDAMEH3:/engn0h1/messvcd5/cfg>ls | grep MAT
[6/21/2017 10:39:26 AM] MATsvr_D5.cfg
[6/21/2017 10:39:39 AM] LGDAMEH3:/engn0h1/messvcd5/cfg>vi MATsvr_D5.cfg
[6/21/2017 10:39:41 AM] 
[6/21/2017 10:39:42 AM] 
[6/21/2017 10:39:42 AM] 
[6/21/2017 10:39:42 AM] 
[6/21/2017 10:39:42 AM] 
[6/21/2017 10:39:42 AM] 
[6/21/2017 10:39:42 AM] 
[6/21/2017 10:39:42 AM] 
[6/21/2017 10:39:42 AM] 
[6/21/2017 10:39:42 AM] 
[6/21/2017 10:39:42 AM] 
[6/21/2017 10:39:42 AM] 
[6/21/2017 10:39:42 AM] 
[6/21/2017 10:39:42 AM] 
[6/21/2017 10:39:42 AM] 
[6/21/2017 10:39:42 AM] 
[6/21/2017 10:39:42 AM] 
[6/21/2017 10:39:42 AM] 
[6/21/2017 10:39:42 AM] 
[6/21/2017 10:39:42 AM] 
[6/21/2017 10:39:42 AM] 
[6/21/2017 10:39:42 AM] 
[6/21/2017 10:39:42 AM] 
[6/21/2017 10:39:42 AM] 
[6/21/2017 10:39:42 AM] 
[6/21/2017 10:39:42 AM] 
[6/21/2017 10:39:42 AM] 
[6/21/2017 10:39:42 AM] 
[6/21/2017 10:39:42 AM] 
[6/21/2017 10:39:42 AM] 
[6/21/2017 10:39:42 AM] 
[6/21/2017 10:39:42 AM] 
[6/21/2017 10:39:42 AM] 
[6/21/2017 10:39:43 AM] 
[6/21/2017 10:39:43 AM] 
[6/21/2017 10:39:43 AM] 
[6/21/2017 10:39:43 AM] 
[6/21/2017 10:39:43 AM] 
[6/21/2017 10:39:43 AM] 
[6/21/2017 10:39:43 AM] 
[6/21/2017 10:39:43 AM] 
[6/21/2017 10:39:43 AM] 
[6/21/2017 10:39:43 AM] 
[6/21/2017 10:39:43 AM] 
[6/21/2017 10:39:43 AM] 
[6/21/2017 10:39:43 AM] 
[6/21/2017 10:39:43 AM] 
[6/21/2017 10:39:43 AM] 
[6/21/2017 10:39:43 AM] 
[6/21/2017 10:39:43 AM] 
[6/21/2017 10:39:43 AM] 
[6/21/2017 10:39:43 AM] 
[6/21/2017 10:39:43 AM] 
[6/21/2017 10:39:43 AM] 
[6/21/2017 10:39:43 AM] 
[6/21/2017 10:39:43 AM] 
[6/21/2017 10:39:43 AM] 
[6/21/2017 10:39:43 AM] 
[6/21/2017 10:39:43 AM] 
[6/21/2017 10:39:43 AM] 
[6/21/2017 10:39:43 AM] 
[6/21/2017 10:39:43 AM] 
[6/21/2017 10:39:43 AM] 
[6/21/2017 10:39:43 AM] 
[6/21/2017 10:39:43 AM] 
[6/21/2017 10:39:43 AM] 
[6/21/2017 10:39:43 AM] 
[6/21/2017 10:39:44 AM] 
[6/21/2017 10:39:44 AM] 
[6/21/2017 10:39:44 AM] 
[6/21/2017 10:39:44 AM] 
[6/21/2017 10:39:44 AM] 
[6/21/2017 10:39:44 AM] 
[6/21/2017 10:39:44 AM] 
[6/21/2017 10:39:44 AM] 
[6/21/2017 10:39:44 AM] 
[6/21/2017 10:39:44 AM] 
[6/21/2017 10:39:44 AM] 
[6/21/2017 10:39:44 AM] 
[6/21/2017 10:39:44 AM] 
[6/21/2017 10:39:44 AM] 
[6/21/2017 10:39:44 AM] 
[6/21/2017 10:39:44 AM] 
[6/21/2017 10:39:44 AM] 
[6/21/2017 10:39:44 AM] 
[6/21/2017 10:39:44 AM] 
[6/21/2017 10:39:44 AM] 
[6/21/2017 10:39:44 AM] 
[6/21/2017 10:39:44 AM] 
[6/21/2017 10:39:44 AM] 
[6/21/2017 10:39:44 AM] 
[6/21/2017 10:39:44 AM] 
[6/21/2017 10:39:44 AM] 
[6/21/2017 10:39:44 AM] 
[6/21/2017 10:39:44 AM] 
[6/21/2017 10:39:44 AM] 
[6/21/2017 10:39:44 AM] 
[6/21/2017 10:39:44 AM] 
[6/21/2017 10:39:44 AM] 
[6/21/2017 10:39:45 AM] 
[6/21/2017 10:39:45 AM] 
[6/21/2017 10:39:45 AM] 
[6/21/2017 10:39:45 AM] 
[6/21/2017 10:39:45 AM] 
[6/21/2017 10:39:45 AM] 
[6/21/2017 10:39:45 AM] 
[6/21/2017 10:39:46 AM] 
[6/21/2017 10:39:46 AM] 
[6/21/2017 10:39:46 AM] 
[6/21/2017 10:39:46 AM] 
[6/21/2017 10:39:46 AM] 
[6/21/2017 10:39:46 AM] 
[6/21/2017 10:39:46 AM] 
[6/21/2017 10:39:46 AM] 
[6/21/2017 10:39:46 AM] 
[6/21/2017 10:39:46 AM] 
[6/21/2017 10:39:46 AM] 
[6/21/2017 10:39:46 AM] 
[6/21/2017 10:39:47 AM] 
[6/21/2017 10:39:47 AM] 
[6/21/2017 10:39:47 AM] 
[6/21/2017 10:39:47 AM] 
[6/21/2017 10:39:47 AM] 
[6/21/2017 10:39:47 AM] 
[6/21/2017 10:39:47 AM] 
[6/21/2017 10:39:47 AM] 
[6/21/2017 10:39:47 AM] 
[6/21/2017 10:39:47 AM] 
[6/21/2017 10:39:47 AM] 
[6/21/2017 10:39:47 AM] 
[6/21/2017 10:39:47 AM] 
[6/21/2017 10:39:47 AM] 
[6/21/2017 10:39:47 AM] 
[6/21/2017 10:39:47 AM] 
[6/21/2017 10:39:47 AM] 
[6/21/2017 10:39:47 AM] 
[6/21/2017 10:39:47 AM] 
[6/21/2017 10:39:47 AM] 
[6/21/2017 10:39:47 AM] 
[6/21/2017 10:39:47 AM] 
[6/21/2017 10:39:47 AM] 
[6/21/2017 10:39:47 AM] 
[6/21/2017 10:39:47 AM] 
[6/21/2017 10:39:47 AM] 
[6/21/2017 10:39:47 AM] 
[6/21/2017 10:39:47 AM] 
[6/21/2017 10:39:47 AM] 
[6/21/2017 10:39:47 AM] 
[6/21/2017 10:39:47 AM] 
[6/21/2017 10:39:47 AM] 
[6/21/2017 10:39:47 AM] 
[6/21/2017 10:39:48 AM] 
[6/21/2017 10:39:48 AM] 
[6/21/2017 10:39:48 AM] 
[6/21/2017 10:39:48 AM] 
[6/21/2017 10:39:48 AM] 
[6/21/2017 10:39:48 AM] 
[6/21/2017 10:39:48 AM] 
[6/21/2017 10:39:48 AM] 
[6/21/2017 10:39:48 AM] 
[6/21/2017 10:39:49 AM] 
[6/21/2017 10:39:49 AM] 
[6/21/2017 10:39:49 AM] 
[6/21/2017 10:39:49 AM] 
[6/21/2017 10:39:49 AM] 
[6/21/2017 10:39:49 AM] 
[6/21/2017 10:39:49 AM] 
[6/21/2017 10:39:49 AM] 
[6/21/2017 10:40:11 AM] "MATsvr_D5.cfg" 203 lines, 7939 characters 
[6/21/2017 11:15:30 AM] LGDAMEH3:/engn0h1/messvcd5/cfg>exit
[6/21/2017 11:15:30 AM] logout root
[6/21/2017 11:15:35 AM] LGDAMEH3:/home/sysadm01>exit
[6/21/2017 11:15:35 AM] logout
[6/21/2017 11:15:36 AM] 
[6/21/2017 11:15:36 AM] Connection closed by foreign host.

[END] 6/21/2017 11:15:36 AM
