[BEGIN] 6/21/2017 10:40:17 AM
[6/21/2017 10:40:17 AM] Disconnected from remote host(VH MES AP #4 (LGDAMEH4)) at 10:32:13.
Type `help' to learn how to use Xshell prompt.
[e:\~]$ 
Looking up proxy server '10.119.200.44'...
Host '10.119.200.44' resolved to 10.119.200.44.
Connecting to 10.119.200.44:21080...
Connection established.
To escape to local shell, press 'Ctrl+Alt+]'.
Connecting to 10.119.211.154
[6/21/2017 10:40:17 AM] USER[1007033524], PC[10.119.236.192], TARGET[10.119.211.154]
[6/21/2017 10:40:19 AM] Last successful login:       Wed Jun 21 10:20:53 TST 2017 10.119.200.44  
[6/21/2017 10:40:19 AM] Last authentication failure: Tue Jun 13 18:51:42 TST 2017 ::ffff:10.119.200.45  
[6/21/2017 10:40:19 AM] Last login: Wed Jun 21 10:20:55 2017 from 10.119.200.44
[6/21/2017 10:40:19 AM] Warning!! Authorized users only. All activity may be monitored and reported.
[6/21/2017 10:40:19 AM] 
[6/21/2017 10:40:19 AM] 
[6/21/2017 10:40:19 AM] INFORMATION: This session will expire after 8269 hours and 19 minutes.
[6/21/2017 10:40:19 AM] (c)Copyright 1983-2006 Hewlett-Packard Development Company, L.P.
[6/21/2017 10:40:19 AM] (c)Copyright 1979, 1980, 1983, 1985-1993 The Regents of the Univ. of California
[6/21/2017 10:40:19 AM] (c)Copyright 1980, 1984, 1986 Novell, Inc.
[6/21/2017 10:40:19 AM] (c)Copyright 1986-2000 Sun Microsystems, Inc.
[6/21/2017 10:40:19 AM] (c)Copyright 1985, 1986, 1988 Massachusetts Institute of Technology
[6/21/2017 10:40:19 AM] (c)Copyright 1989-1993  The Open Software Foundation, Inc.
[6/21/2017 10:40:19 AM] (c)Copyright 1990 Motorola, Inc.
[6/21/2017 10:40:19 AM] (c)Copyright 1990, 1991, 1992 Cornell University
[6/21/2017 10:40:19 AM] (c)Copyright 1989-1991 The University of Maryland
[6/21/2017 10:40:19 AM] (c)Copyright 1988 Carnegie Mellon University
[6/21/2017 10:40:19 AM] (c)Copyright 1991-2006 Mentat Inc.
[6/21/2017 10:40:19 AM] (c)Copyright 1996 Morning Star Technologies, Inc.
[6/21/2017 10:40:19 AM] (c)Copyright 1996 Progressive Systems, Inc.
[6/21/2017 10:40:19 AM] 
[6/21/2017 10:40:19 AM] Confidential computer software. Valid license from HP required for
[6/21/2017 10:40:19 AM] possession, use or copying.  Consistent with FAR 12.211 and 12.212,
[6/21/2017 10:40:19 AM] Commercial Computer Software, Computer Software Documentation, and
[6/21/2017 10:40:19 AM] Technical Data for Commercial Items are licensed to the U.S. Government
[6/21/2017 10:40:19 AM] under vendor's standard commercial license.
[6/21/2017 10:40:19 AM] 
[6/21/2017 10:40:19 AM] Warning!! Authorized users only. All activity may be monitored and reported.
[6/21/2017 10:40:19 AM] 
[6/21/2017 10:40:24 AM] LGDAMEH4:/home/sysadm01>su -                                                                                                                                                            
[6/21/2017 10:40:24 AM] Password: 
[6/21/2017 10:40:24 AM] (c)Copyright 1983-2006 Hewlett-Packard Development Company, L.P.
[6/21/2017 10:40:24 AM] (c)Copyright 1979, 1980, 1983, 1985-1993 The Regents of the Univ. of California
[6/21/2017 10:40:24 AM] (c)Copyright 1980, 1984, 1986 Novell, Inc.
[6/21/2017 10:40:24 AM] (c)Copyright 1986-2000 Sun Microsystems, Inc.
[6/21/2017 10:40:24 AM] (c)Copyright 1985, 1986, 1988 Massachusetts Institute of Technology
[6/21/2017 10:40:24 AM] (c)Copyright 1989-1993  The Open Software Foundation, Inc.
[6/21/2017 10:40:24 AM] (c)Copyright 1990 Motorola, Inc.
[6/21/2017 10:40:24 AM] (c)Copyright 1990, 1991, 1992 Cornell University
[6/21/2017 10:40:24 AM] (c)Copyright 1989-1991 The University of Maryland
[6/21/2017 10:40:24 AM] (c)Copyright 1988 Carnegie Mellon University
[6/21/2017 10:40:24 AM] (c)Copyright 1991-2006 Mentat Inc.
[6/21/2017 10:40:24 AM] (c)Copyright 1996 Morning Star Technologies, Inc.
[6/21/2017 10:40:24 AM] (c)Copyright 1996 Progressive Systems, Inc.
[6/21/2017 10:40:24 AM] 
[6/21/2017 10:40:24 AM] Confidential computer software. Valid license from HP required for
[6/21/2017 10:40:24 AM] possession, use or copying.  Consistent with FAR 12.211 and 12.212,
[6/21/2017 10:40:24 AM] Commercial Computer Software, Computer Software Documentation, and
[6/21/2017 10:40:24 AM] Technical Data for Commercial Items are licensed to the U.S. Government
[6/21/2017 10:40:24 AM] under vendor's standard commercial license.
[6/21/2017 10:40:24 AM] 
[6/21/2017 10:40:24 AM] Warning!! Authorized users only. All activity may be monitored and reported.
[6/21/2017 10:40:24 AM] 
[6/21/2017 10:40:24 AM] You have mail.
[6/21/2017 10:40:25 AM]                                                                                                                                                                                         
[6/21/2017 10:40:25 AM] Value of TERM has been set to "vt100". 
[6/21/2017 10:40:25 AM] WARNING:  YOU ARE SUPERUSER !!
[6/21/2017 10:40:25 AM] 
[6/21/2017 10:40:35 AM] LGDAMEH4:/>cd /engn0h1/messvcd5/cfg
[6/21/2017 10:40:44 AM] LGDAMEH4:/engn0h1/messvcd5/cfg>ls | grep MAT
[6/21/2017 10:40:44 AM] MATsvr_D5.cfg
[6/21/2017 10:41:02 AM] LGDAMEH4:/engn0h1/messvcd5/cfg>vi 
[6/21/2017 10:41:20 AM] ~
~
~
~
~
~
~
~
~
~
~
~
~
~
~
~
~
~
~
~
~
~
~
~
~
~
~
~
~
~
~
:c^E^B?
~
~
~
~
~
~
~
~
~
~
~
~
~
~
~
~
~
~
~
~
~
~
~
~
~
~
~
~
~
~
~
:q
[6/21/2017 10:41:24 AM] LGDAMEH4:/engn0h1/messvcd5/cfg>vi MATsvr_D5.cfg
[6/21/2017 10:41:26 AM] "MATsvr_D5.cfg" 202 lines, 7903 characters 
######################################################################
#                                                                    #
#  Script  ID :   MATsvr_D5.cfg                                     #
#                                                                    #
#  Description:   Define Configuration for MATsvr in ALL Shop        #
#                                                                    #
#  Contents   :   1. DB environment                                  #
#                 2. TIB/rv environment                              #
#                    1) Receive Option                               #
#                    2) Send Option                                  #
#                    2) Monitoring Option                            #
#                    2) Event Manager Option                         #
#                 3. Process environment                             #
#                 4. Local Process environment                       #
#                                                                    #
######################################################################
#                       MODIFICATION LOG                             #
#                                                                    #
#     DATE         AUTHOR                DESCRIPTION                 #
#  -----------  ----------------   --------------------------------  #
#  2008/01/02   LG CNS PI-MES Pjt.    Initial Release                #
#                                                                    #
######################################################################
######################################################################
#                                                                    #
#      1. DB ENVIRONMENT                                             #
#                                                                    #
######################################################################
######################################################################
#                                                                    #
[6/21/2017 10:41:26 AM] 
[6/21/2017 10:41:26 AM] 
[6/21/2017 10:41:26 AM] 
[6/21/2017 10:41:26 AM] 
[6/21/2017 10:41:26 AM] 
[6/21/2017 10:41:26 AM] 
[6/21/2017 10:41:27 AM] 
[6/21/2017 10:41:27 AM] 
[6/21/2017 10:41:27 AM] 
[6/21/2017 10:41:27 AM] 
[6/21/2017 10:41:27 AM] 
[6/21/2017 10:41:27 AM] 
[6/21/2017 10:41:27 AM] 
[6/21/2017 10:41:27 AM] 
[6/21/2017 10:41:27 AM] 
[6/21/2017 10:41:27 AM] 
[6/21/2017 10:41:27 AM] 
[6/21/2017 10:41:27 AM] 
[6/21/2017 10:41:27 AM] 
[6/21/2017 10:41:27 AM] 
[6/21/2017 10:41:27 AM] 
[6/21/2017 10:41:27 AM] 
[6/21/2017 10:41:27 AM] 
[6/21/2017 10:41:27 AM] 
[6/21/2017 10:41:27 AM] 
[6/21/2017 10:41:27 AM] 
[6/21/2017 10:41:27 AM] 
[6/21/2017 10:41:27 AM] 
[6/21/2017 10:41:27 AM] 
[6/21/2017 10:41:27 AM] 
[6/21/2017 10:41:27 AM] 
[6/21/2017 10:41:27 AM] 
[6/21/2017 10:41:27 AM] 
[6/21/2017 10:41:27 AM] 
[6/21/2017 10:41:27 AM] 
[6/21/2017 10:41:27 AM] 
[6/21/2017 10:41:27 AM] 
[6/21/2017 10:41:27 AM] 
[6/21/2017 10:41:27 AM] 
[6/21/2017 10:41:27 AM] 
[6/21/2017 10:41:28 AM] 
[6/21/2017 10:41:28 AM] 
[6/21/2017 10:41:28 AM] 
[6/21/2017 10:41:28 AM] 
[6/21/2017 10:41:28 AM] 
[6/21/2017 10:41:28 AM] 
[6/21/2017 10:41:28 AM] 
[6/21/2017 10:41:28 AM] 
[6/21/2017 10:41:28 AM] 
[6/21/2017 10:41:28 AM] 
[6/21/2017 10:41:28 AM] 
[6/21/2017 10:41:28 AM] 
[6/21/2017 10:41:28 AM] 
[6/21/2017 10:41:28 AM] 
[6/21/2017 10:41:28 AM] 
[6/21/2017 10:41:28 AM] 
[6/21/2017 10:41:28 AM] 
[6/21/2017 10:41:28 AM] 
[6/21/2017 10:41:28 AM] 
[6/21/2017 10:41:28 AM] 
[6/21/2017 10:41:28 AM] 
[6/21/2017 10:41:28 AM] 
[6/21/2017 10:41:28 AM] 
[6/21/2017 10:41:28 AM] 
[6/21/2017 10:41:28 AM] 
[6/21/2017 10:41:28 AM] 
[6/21/2017 10:41:28 AM] 
[6/21/2017 10:41:28 AM] 
[6/21/2017 10:41:28 AM] 
[6/21/2017 10:41:28 AM] 
[6/21/2017 10:41:28 AM] 
[6/21/2017 10:41:28 AM] 
[6/21/2017 10:41:28 AM] 
[6/21/2017 10:41:29 AM] 
[6/21/2017 10:41:29 AM] 
[6/21/2017 10:41:29 AM] 
[6/21/2017 10:41:29 AM] 
[6/21/2017 10:41:29 AM] 
[6/21/2017 10:41:29 AM] 
[6/21/2017 10:41:29 AM] 
[6/21/2017 10:41:29 AM] 
[6/21/2017 10:41:29 AM] 
[6/21/2017 10:41:29 AM] 
[6/21/2017 10:41:29 AM] 
[6/21/2017 10:41:29 AM] 
[6/21/2017 10:41:29 AM] 
[6/21/2017 10:41:29 AM] 
[6/21/2017 10:41:29 AM] 
[6/21/2017 10:41:29 AM] 
[6/21/2017 10:41:29 AM] 
[6/21/2017 10:41:29 AM] 
[6/21/2017 10:41:29 AM] 
[6/21/2017 10:41:29 AM] 
[6/21/2017 10:41:29 AM] 
[6/21/2017 10:41:29 AM] 
[6/21/2017 10:41:29 AM] 
[6/21/2017 10:41:29 AM] 
[6/21/2017 10:41:29 AM] 
[6/21/2017 10:41:30 AM] 
[6/21/2017 10:41:30 AM] 
[6/21/2017 10:41:30 AM] 
[6/21/2017 10:41:30 AM] 
[6/21/2017 10:41:30 AM] 
[6/21/2017 10:41:30 AM] 
[6/21/2017 10:41:30 AM] 
[6/21/2017 10:41:30 AM] 
[6/21/2017 10:41:30 AM] 
[6/21/2017 10:41:30 AM] 
[6/21/2017 10:41:30 AM] 
[6/21/2017 10:41:30 AM] 
[6/21/2017 10:41:30 AM] 
[6/21/2017 10:41:30 AM] 
[6/21/2017 10:41:30 AM] 
[6/21/2017 10:41:30 AM] 
[6/21/2017 10:41:30 AM] 
[6/21/2017 10:41:30 AM] 
[6/21/2017 10:41:30 AM] 
[6/21/2017 10:41:30 AM] 
[6/21/2017 10:41:30 AM] 
[6/21/2017 10:41:30 AM] 
[6/21/2017 10:41:30 AM] 
[6/21/2017 10:41:30 AM] 
[6/21/2017 10:41:30 AM] 
[6/21/2017 10:41:30 AM] 
[6/21/2017 10:41:30 AM] 
[6/21/2017 10:41:30 AM] 
[6/21/2017 10:41:31 AM] 
[6/21/2017 10:41:31 AM] 
[6/21/2017 10:41:31 AM] 
[6/21/2017 10:41:31 AM] 
[6/21/2017 10:41:31 AM] 
[6/21/2017 10:41:31 AM] 
[6/21/2017 10:41:31 AM] 
[6/21/2017 10:41:31 AM] 
[6/21/2017 10:41:31 AM] 
[6/21/2017 10:41:31 AM] 
[6/21/2017 10:41:31 AM] 
[6/21/2017 10:41:31 AM] 
[6/21/2017 10:41:31 AM] 
[6/21/2017 10:41:31 AM] 
[6/21/2017 10:41:31 AM] 
[6/21/2017 10:41:32 AM] 
[6/21/2017 10:41:32 AM] 
[6/21/2017 10:41:32 AM] 
[6/21/2017 10:41:32 AM] 
[6/21/2017 10:41:32 AM] 
[6/21/2017 10:41:32 AM] 
[6/21/2017 10:41:32 AM] 
[6/21/2017 10:41:32 AM] 
[6/21/2017 10:41:32 AM] 
[6/21/2017 10:41:32 AM] 
[6/21/2017 10:41:32 AM] 
[6/21/2017 10:41:32 AM] 
[6/21/2017 10:41:32 AM] 
[6/21/2017 10:41:32 AM] 
[6/21/2017 10:41:32 AM] 
[6/21/2017 10:41:32 AM] 
[6/21/2017 10:41:33 AM] 
[6/21/2017 10:41:33 AM] 
[6/21/2017 10:41:33 AM] 
[6/21/2017 10:41:33 AM] 
[6/21/2017 10:41:33 AM] 
[6/21/2017 10:41:33 AM] 
[6/21/2017 10:41:33 AM] 
[6/21/2017 10:41:33 AM] 
[6/21/2017 10:41:33 AM] 
[6/21/2017 10:41:33 AM] 
[6/21/2017 10:41:33 AM] 
[6/21/2017 10:41:33 AM] 
[6/21/2017 10:41:48 AM] ######################################################################
#                                                                    #
#      4. Local Process ENVIRONMENT                                  #
#                                                                    #
######################################################################
[LOCAL PROCESS ENVIRONMENT]
######################################################################
#                                                                    #
#      5. Local Variables                                            #
#                                                                    #
######################################################################
[LOCAL VARIABLES]
MON_ALMINF        = D5.G2.MON.PS.ALMINF
TIMsvr           = D5.G1.TIMsvr.D5C
MATsvr           = D5.G1.MATsvr.D5
PERIOD           = 180
MAT_FILLINGLABELINF = D5.G2.MAT.PS.FILLINGLABELINF
MAT_EQPFLAGINF = D5.G2.MON.PS.MAT_EQPFLAGINF
MAT_DOCNOTICEINF = D5.G2.MAT.PS.MAT_DOCNOTICEINF
EIFsvr           = D5.G1.EIFsvr.
MAILsvr          = D5.G1.MAILsvr.D5
######################################################################
#                                                                    #
#      7. MES Engine ENVIRONMENT                                     #
#                                                                    #
######################################################################
[ENGINE ENVIRONMENT]
ENGINE_SUBJECT = D5.G1.OPCEngine.D5
ENGINE_GROUP   = MESNEGN
"MATsvr_D5.cfg" 203 lines, 7939 characters 
[6/21/2017 10:42:05 AM] LGDAMEH4:/engn0h1/messvcd5/cfg>vi UIFMSG.CFG
[6/21/2017 10:42:26 AM] "UIFMSG.CFG" 625 lines, 29744 characters 
*
*    UIFsvr MESSAGE PATH INFORMATION
*
*COMMAND NAME    WORKLOT CHECK    DEST MAILBOX NAME
*------------    -------------   (Must Be Single MailBox)
*------------    -------------   ------------------------
* UIFsvr        =>  D5.G1.GUIsvr.D5~
 PFMSTART        N               D5.G1.PFMsvr.D5~
 TCHG            N               D5.G1.DLYsvr.D5~
 ADBP            N               D5.G1.GUIsvr.D5~
 CJFM            N               D5.G1.GUIsvr.D5~
 ACST            N               D5.G1.GUIsvr.D5~
 AMAT            N               D5.G1.GUIsvr.D5~
 BHCN            N               D5.G1.GUIsvr.D5~
 BOLA            N               D5.G1.GUIsvr.D5~
 CACC            N               D5.G1.GUIsvr.D5~
 CBBS            N               D5.G1.GUIsvr.D5~
 CCST            N               D5.G1.GUIsvr.D5~
 CEMP            N               D5.G1.GUIsvr.D5~
 CHEP            N               D5.G1.GUIsvr.D5~
 CHLT            N               D5.G1.GUIsvr.D5~
 CMCH            Y               D5.G1.GUIsvr.D5~
 CPLT            Y               D5.G1.GUIsvr.D5~
 CRLT            Y               D5.G1.GUIsvr.D5~
 CRTN            N               D5.G1.GUIsvr.D5~
 CSON            N               D5.G1.GUIsvr.D5~
 DACM            N               D5.G1.GUIsvr.D5~
 DCST            N               D5.G1.GUIsvr.D5~
 DGLT            N               D5.G1.GUIsvr.D5~
 DSTO            N               D5.G1.GUIsvr.D5~
 ESCH            N               D5.G1.GUIsvr.D5~
 FIST            N               D5.G1.GUIsvr.D5~
"UIFMSG.CFG" 625 lines, 29744 characters
*
*    UIFsvr MESSAGE PATH INFORMATION
*
*COMMAND NAME    WORKLOT CHECK    DEST MAILBOX NAME
*------------    -------------   (Must Be Single MailBox)
*------------    -------------   ------------------------
* UIFsvr        =>  D5.G1.GUIsvr.D5~
 PFMSTART        N               D5.G1.PFMsvr.D5~
 TCHG            N               D5.G1.DLYsvr.D5~
 ADBP            N               D5.G1.GUIsvr.D5~
 CJFM            N               D5.G1.GUIsvr.D5~
 ACST            N               D5.G1.GUIsvr.D5~
 AMAT            N               D5.G1.GUIsvr.D5~
 BHCN            N               D5.G1.GUIsvr.D5~
 BOLA            N               D5.G1.GUIsvr.D5~
 CACC            N               D5.G1.GUIsvr.D5~
 CBBS            N               D5.G1.GUIsvr.D5~
 CCST            N               D5.G1.GUIsvr.D5~
 CEMP            N               D5.G1.GUIsvr.D5~
 CHEP            N               D5.G1.GUIsvr.D5~
 CHLT            N               D5.G1.GUIsvr.D5~
 CMCH            Y               D5.G1.GUIsvr.D5~
 CPLT            Y               D5.G1.GUIsvr.D5~
 CRLT            Y               D5.G1.GUIsvr.D5~
 CRTN            N               D5.G1.GUIsvr.D5~
 CSON            N               D5.G1.GUIsvr.D5~
 DACM            N               D5.G1.GUIsvr.D5~
 DCST            N               D5.G1.GUIsvr.D5~
 DGLT            N               D5.G1.GUIsvr.D5~
 DSTO            N               D5.G1.GUIsvr.D5~
 ESCH            N               D5.G1.GUIsvr.D5~
 FIST            N               D5.G1.GUIsvr.D5~
/MATsvr
 CGIS            N               D5.G1.SRTsvr.D5~
 CGIC            N               D5.G1.SRTsvr.D5~
 CPSC            N               D5.G1.SRTsvr.D5~
 CPRS            N               D5.G1.SRTsvr.D5~
 CPRC            N               D5.G1.SRTsvr.D5~
* UIFsvr => D5.G1.RDSsvr.D5~
 DLIS            N               D5.G1.RDSsvr.D5~
 ATDL            N               D5.G1.RDSsvr.D5~
 RULM            N               D5.G1.RDSsvr.D5~
 BTDL            N               D5.G1.RDSsvr.D5~
* UIFsvr => D5.G1.PROsvr.D5~
 PCPW            N               D5.G1.PROsvr.D5~
 PCMD            N               D5.G1.PROsvr.D5~
* UIFsvr => D5.G1.BAYsvr.D5~
 CBAY            N               D5.G1.BAYsvr.D5~
* UIFsvr => D5.G1.MATsvr.D5~
 LTMC            N               D5.G1.MATsvr.D5
 MGUDS           N               D5.G1.MATsvr.D5
 MUUDF           N               D5.G1.MATsvr.D5
 MCBLT           N               D5.G1.MATsvr.D5
 MUFTI           N               D5.G1.MATsvr.D5
 MMIMG           N               D5.G1.MATsvr.D5
 MPIOM           N               D5.G1.MATsvr.D5
 MPDHT           N               D5.G1.MATsvr.D5
 MULNO           N               D5.G1.MATsvr.D5
 MBACP           N               D5.G1.MATsvr.D5
 MMSET           N               D5.G1.MATsvr.D5
 MLRLP           N               D5.G1.MATsvr.D5
 MAMLT           N               D5.G1.MATsvr.D5
 MREMM           N               D5.G1.MATsvr.D5
 MCAPU           N               D5.G1.MATsvr.D5
 MRERC           N               D5.G1.MATsvr.D5
[6/21/2017 10:42:26 AM] 
[6/21/2017 10:42:26 AM] 
[6/21/2017 10:42:26 AM] 
[6/21/2017 10:42:26 AM] 
[6/21/2017 10:42:26 AM] 
[6/21/2017 10:42:26 AM] 
[6/21/2017 10:42:26 AM] 
[6/21/2017 10:42:26 AM] 
[6/21/2017 10:42:26 AM] 
[6/21/2017 10:42:26 AM] 
[6/21/2017 10:42:26 AM] 
[6/21/2017 10:42:26 AM] 
[6/21/2017 10:42:26 AM] 
[6/21/2017 10:42:26 AM] 
[6/21/2017 10:42:26 AM] 
[6/21/2017 10:42:26 AM] 
[6/21/2017 10:42:26 AM] 
[6/21/2017 10:42:26 AM] 
[6/21/2017 10:42:26 AM] 
[6/21/2017 10:42:26 AM] 
[6/21/2017 10:42:26 AM] 
[6/21/2017 10:43:20 AM]  MPIOM           N               D5.G1.MATsvr.D5
 MPDHT           N               D5.G1.MATsvr.D5
 MULNO           N               D5.G1.MATsvr.D5
 MBACP           N               D5.G1.MATsvr.D5
 MMSET           N               D5.G1.MATsvr.D5
 MLRLP           N               D5.G1.MATsvr.D5
 MAMLT           N               D5.G1.MATsvr.D5
 MREMM           N               D5.G1.MATsvr.D5
 MCAPU           N               D5.G1.MATsvr.D5
 MRERC           N               D5.G1.MATsvr.D5
 MSRSC           N               D5.G1.MATsvr.D5
 MSRRC           N               D5.G1.MATsvr.D5
 MISLB           N               D5.G1.MATsvr.D5
 MFBMP           N               D5.G1.MATsvr.D5
 MTKSR           N               D5.G1.MATsvr.D5
 MOFSE           N               D5.G1.MATsvr.D5
 MOUCH           N               D5.G1.MATsvr.D5
* UIFsvr => D5.G1.RCPsvr.D5~
 EEPR            N               D5.G1.RCPsvr.D5~
 EPCS            N               D5.G1.RCPsvr.D5~
 ESPR            N               D5.G1.RCPsvr.D5~
* Add RCPSvr Msg For D5
 EPLR            N               D5.G1.RCPsvr.D5~
 ELPR            N               D5.G1.RCPsvr.D5~
 EPCC            N               D5.G1.RCPsvr.D5~
 EPCR            N               D5.G1.RCPsvr.D5~
* UIFsvr => D5.G1.RPTpro.D5~
 RCMD            N               D5.G1.RPTpro.D5~
* UIFsvr => D5.G1.EMSsvr.D5~
 UINO            N               D5.G1.EMSsvr.D5
/MOSsvr
 TIFC            N               D5.G1.GUIsvr.D5~
 LCDS            N               D5.G1.GUIsvr.D5~
 EILS            N               D5.G1.GUIsvr.D5~
 * UIFsvr send to MIFsvr  ( MES Adv. Project )
 DPAR            Y               D5.G1.MIFsvr.D5~
 DMTL            Y               D5.G1.MIFsvr.D5~
 * UIFsvr send to APSsvr D5.G1.APSsvr.D5
 APDS            N               D5.G1.APSsvr.D5~
 DAPD            N               D5.G1.APSsvr.D5~
 * UIFsvr => D5.G1.EPSsvr.D5
 EPS_RESA        N               D5.G1.EPSsvr.D5
 EPS_ESSC        N               D5.G1.EPSsvr.D5
 * UIFsvr => D5.G1.MOSsvr.D5
 MOS_ACST        N               D5.G1.MOSsvr.D5~
 MOS_DCST        N               D5.G1.MOSsvr.D5~
 MOS_RMVP        N               D5.G1.MOSsvr.D5~
 MOS_DSMT        N               D5.G1.MOSsvr.D5~
 MOS_MVIN        N               D5.G1.MOSsvr.D5~
 MOS_MVOU        N               D5.G1.MOSsvr.D5~
 MOS_ALOC        N               D5.G1.MOSsvr.D5~
 MOS_AMAT        N               D5.G1.MOSsvr.D5~
 MOS_OPCH        N               D5.G1.MOSsvr.D5~
 MOS_UNDO        N               D5.G1.MOSsvr.D5~
 MOS_RMIS        N               D5.G1.MOSsvr.D5~
 MOS_RMCP        N               D5.G1.MOSsvr.D5~
 MOS_RMCS        N               D5.G1.MOSsvr.D5~
 MOS_RNNT        N               D5.G1.MOSsvr.D5~
 MOS_HLLT             N               D5.G1.MOSsvr.D5~
MOS_RLLT             N               D5.G1.MOSsvr.D5~
[6/21/2017 10:43:52 AM]  LCDS            N               D5.G1.GUIsvr.D5~
 EILS            N               D5.G1.GUIsvr.D5~
 * UIFsvr send to MIFsvr  ( MES Adv. Project )
 DPAR            Y               D5.G1.MIFsvr.D5~
 DMTL            Y               D5.G1.MIFsvr.D5~
 * UIFsvr send to APSsvr D5.G1.APSsvr.D5
 APDS            N               D5.G1.APSsvr.D5~
 DAPD            N               D5.G1.APSsvr.D5~
 * UIFsvr => D5.G1.EPSsvr.D5
 EPS_RESA        N               D5.G1.EPSsvr.D5
 EPS_ESSC        N               D5.G1.EPSsvr.D5
 * UIFsvr => D5.G1.MOSsvr.D5
 MOS_ACST        N               D5.G1.MOSsvr.D5~
 MOS_DCST        N               D5.G1.MOSsvr.D5~
 MOS_RMVP        N               D5.G1.MOSsvr.D5~
 MOS_DSMT        N               D5.G1.MOSsvr.D5~
 MOS_MVIN        N               D5.G1.MOSsvr.D5~
 MOS_MVOU        N               D5.G1.MOSsvr.D5~
 MOS_ALOC        N               D5.G1.MOSsvr.D5~
 MOS_AMAT        N               D5.G1.MOSsvr.D5~
 MOS_OPCH        N               D5.G1.MOSsvr.D5~
 MOS_UNDO        N               D5.G1.MOSsvr.D5~
 MOS_RMIS        N               D5.G1.MOSsvr.D5~
 MOS_RMCP        N               D5.G1.MOSsvr.D5~
 MOS_RMCS        N               D5.G1.MOSsvr.D5~
 MOS_RNNT        N               D5.G1.MOSsvr.D5~
 MOS_HLLT        N               D5.G1.MOSsvr.D5~
 MOS_RLLT             N               D5.G1.MOSsvr.D5~
 MOS_MSMC             N               D5.G1.MOSsvr.D5~
 LCDS            N               D5.G1.GUIsvr.D5~
 EILS            N               D5.G1.GUIsvr.D5~
 * UIFsvr send to MIFsvr  ( MES Adv. Project )
 DPAR            Y               D5.G1.MIFsvr.D5~
 DMTL            Y               D5.G1.MIFsvr.D5~
 * UIFsvr send to APSsvr D5.G1.APSsvr.D5
 APDS            N               D5.G1.APSsvr.D5~
 DAPD            N               D5.G1.APSsvr.D5~
 * UIFsvr => D5.G1.EPSsvr.D5
 EPS_RESA        N               D5.G1.EPSsvr.D5
 EPS_ESSC        N               D5.G1.EPSsvr.D5
 * UIFsvr => D5.G1.MOSsvr.D5
 MOS_ACST        N               D5.G1.MOSsvr.D5~
 MOS_DCST        N               D5.G1.MOSsvr.D5~
 MOS_RMVP        N               D5.G1.MOSsvr.D5~
 MOS_DSMT        N               D5.G1.MOSsvr.D5~
 MOS_MVIN        N               D5.G1.MOSsvr.D5~
 MOS_MVOU        N               D5.G1.MOSsvr.D5~
 MOS_ALOC        N               D5.G1.MOSsvr.D5~
 MOS_AMAT        N               D5.G1.MOSsvr.D5~
 MOS_OPCH        N               D5.G1.MOSsvr.D5~
 MOS_UNDO        N               D5.G1.MOSsvr.D5~
 MOS_RMIS        N               D5.G1.MOSsvr.D5~
 MOS_RMCP        N               D5.G1.MOSsvr.D5~
 MOS_RMCS        N               D5.G1.MOSsvr.D5~
 MOS_RNNT        N               D5.G1.MOSsvr.D5~
 MOS_HLLT        N               D5.G1.MOSsvr.D5~
 MOS_RLLT        N               D5.G1.MOSsvr.D5~
 MOS_MSMC        N               D5.G1.MOSsvr.D5~
 LCDS            N               D5.G1.GUIsvr.D5~
 EILS            N               D5.G1.GUIsvr.D5~
 * UIFsvr send to MIFsvr  ( MES Adv. Project )
 DPAR            Y               D5.G1.MIFsvr.D5~
 DMTL            Y               D5.G1.MIFsvr.D5~
 * UIFsvr send to APSsvr D5.G1.APSsvr.D5
 APDS            N               D5.G1.APSsvr.D5~
 DAPD            N               D5.G1.APSsvr.D5~
 * UIFsvr => D5.G1.EPSsvr.D5
 EPS_RESA        N               D5.G1.EPSsvr.D5
 EPS_ESSC        N               D5.G1.EPSsvr.D5
 * UIFsvr => D5.G1.MOSsvr.D5
 MOS_ACST        N               D5.G1.MOSsvr.D5~
 MOS_DCST        N               D5.G1.MOSsvr.D5~
 MOS_RMVP        N               D5.G1.MOSsvr.D5~
 MOS_DSMT        N               D5.G1.MOSsvr.D5~
 MOS_MVIN        N               D5.G1.MOSsvr.D5~
 MOS_MVOU        N               D5.G1.MOSsvr.D5~
 MOS_ALOC        N               D5.G1.MOSsvr.D5~
 MOS_AMAT        N               D5.G1.MOSsvr.D5~
 MOS_OPCH        N               D5.G1.MOSsvr.D5~
 MOS_UNDO        N               D5.G1.MOSsvr.D5~
 MOS_RMIS        N               D5.G1.MOSsvr.D5~
 MOS_RMCP        N               D5.G1.MOSsvr.D5~
 MOS_RMCS        N               D5.G1.MOSsvr.D5~
 MOS_RNNT        N               D5.G1.MOSsvr.D5~
 MOS_HLLT        N               D5.G1.MOSsvr.D5~
 MOS_RLLT        N               D5.G1.MOSsvr.D5~
 MOS_MSMC        N               D5.G1.MOSsvr.D5~
/GUIsvr
*
*    UIFsvr MESSAGE PATH INFORMATION
*
*COMMAND NAME    WORKLOT CHECK    DEST MAILBOX NAME
*------------    -------------   (Must Be Single MailBox)
*------------    -------------   ------------------------
* UIFsvr        =>  D5.G1.GUIsvr.D5~
 PFMSTART        N               D5.G1.PFMsvr.D5~
 TCHG            N               D5.G1.DLYsvr.D5~
 ADBP            N               D5.G1.GUIsvr.D5~
 CJFM            N               D5.G1.GUIsvr.D5~
 ACST            N               D5.G1.GUIsvr.D5~
 AMAT            N               D5.G1.GUIsvr.D5~
 BHCN            N               D5.G1.GUIsvr.D5~
 BOLA            N               D5.G1.GUIsvr.D5~
 CACC            N               D5.G1.GUIsvr.D5~
 CBBS            N               D5.G1.GUIsvr.D5~
 CCST            N               D5.G1.GUIsvr.D5~
 CEMP            N               D5.G1.GUIsvr.D5~
 CHEP            N               D5.G1.GUIsvr.D5~
 CHLT            N               D5.G1.GUIsvr.D5~
 CMCH            Y               D5.G1.GUIsvr.D5~
 CPLT            Y               D5.G1.GUIsvr.D5~
 CRLT            Y               D5.G1.GUIsvr.D5~
 CRTN            N               D5.G1.GUIsvr.D5~
 CSON            N               D5.G1.GUIsvr.D5~
 DACM            N               D5.G1.GUIsvr.D5~
 DCST            N               D5.G1.GUIsvr.D5~
 DGLT            N               D5.G1.GUIsvr.D5~
 DSTO            N               D5.G1.GUIsvr.D5~
 ESCH            N               D5.G1.GUIsvr.D5~
 FIST            N               D5.G1.GUIsvr.D5~
[6/21/2017 10:43:52 AM] 
[6/21/2017 10:43:52 AM] 
[6/21/2017 10:43:52 AM] 
[6/21/2017 10:43:52 AM] 
[6/21/2017 10:43:52 AM] 
[6/21/2017 10:43:52 AM] 
[6/21/2017 10:43:52 AM] 
[6/21/2017 10:43:52 AM] 
[6/21/2017 10:43:52 AM] 
[6/21/2017 10:43:52 AM] 
[6/21/2017 10:43:52 AM] 
[6/21/2017 10:43:52 AM] 
[6/21/2017 10:43:52 AM] 
[6/21/2017 10:43:52 AM] 
[6/21/2017 10:43:52 AM] 
[6/21/2017 10:43:52 AM] 
[6/21/2017 10:43:52 AM] 
[6/21/2017 10:43:52 AM] 
[6/21/2017 10:43:52 AM] 
[6/21/2017 10:43:52 AM] 
[6/21/2017 10:43:52 AM] 
[6/21/2017 10:43:52 AM] 
[6/21/2017 10:43:52 AM] 
[6/21/2017 10:43:52 AM] 
[6/21/2017 10:43:52 AM] 
[6/21/2017 10:43:52 AM] 
[6/21/2017 10:43:52 AM] 
[6/21/2017 10:43:52 AM] 
[6/21/2017 10:43:52 AM] 
[6/21/2017 10:43:53 AM] 
[6/21/2017 10:43:53 AM] 
[6/21/2017 10:43:53 AM] 
[6/21/2017 10:43:53 AM] 
[6/21/2017 10:43:53 AM] 
[6/21/2017 10:43:53 AM] 
[6/21/2017 10:43:53 AM] 
[6/21/2017 10:43:53 AM] 
[6/21/2017 10:43:53 AM] 
[6/21/2017 10:43:53 AM] 
[6/21/2017 10:43:53 AM] 
[6/21/2017 10:43:53 AM] 
[6/21/2017 10:43:53 AM] 
[6/21/2017 10:43:53 AM] 
[6/21/2017 10:43:53 AM] 
[6/21/2017 10:43:53 AM] 
[6/21/2017 10:43:53 AM] 
[6/21/2017 10:43:53 AM] 
[6/21/2017 10:43:53 AM] 
[6/21/2017 10:43:53 AM] 
[6/21/2017 10:43:53 AM] 
[6/21/2017 10:43:53 AM] 
[6/21/2017 10:43:53 AM] 
[6/21/2017 10:43:53 AM] 
[6/21/2017 10:43:53 AM] 
[6/21/2017 10:43:53 AM] 
[6/21/2017 10:43:53 AM] 
[6/21/2017 10:43:53 AM] 
[6/21/2017 10:43:53 AM] 
[6/21/2017 10:43:53 AM] 
[6/21/2017 10:43:53 AM] 
[6/21/2017 10:43:53 AM] 
[6/21/2017 10:43:53 AM] 
[6/21/2017 10:43:54 AM] 
[6/21/2017 10:43:54 AM] 
[6/21/2017 10:43:54 AM] 
[6/21/2017 10:43:54 AM] 
[6/21/2017 10:43:54 AM] 
[6/21/2017 10:43:54 AM] 
[6/21/2017 10:43:54 AM] 
[6/21/2017 10:43:54 AM] 
[6/21/2017 10:43:54 AM] 
[6/21/2017 10:43:54 AM] 
[6/21/2017 10:43:54 AM] 
[6/21/2017 10:43:54 AM] 
[6/21/2017 10:43:54 AM] 
[6/21/2017 10:43:54 AM] 
[6/21/2017 10:43:54 AM] 
[6/21/2017 10:43:54 AM] 
[6/21/2017 10:43:54 AM] 
[6/21/2017 10:43:54 AM] 
[6/21/2017 10:43:54 AM] 
[6/21/2017 10:43:54 AM] 
[6/21/2017 10:43:54 AM] 
[6/21/2017 10:43:54 AM] 
[6/21/2017 10:43:54 AM] 
[6/21/2017 10:43:54 AM] 
[6/21/2017 10:43:54 AM] 
[6/21/2017 10:43:54 AM] 
[6/21/2017 10:43:54 AM] 
[6/21/2017 10:43:54 AM] 
[6/21/2017 10:43:54 AM] 
[6/21/2017 10:43:54 AM] 
[6/21/2017 10:43:54 AM] 
[6/21/2017 10:43:54 AM] 
[6/21/2017 10:43:54 AM] 
[6/21/2017 10:43:54 AM] 
[6/21/2017 10:43:55 AM] 
[6/21/2017 10:43:55 AM] 
[6/21/2017 10:43:55 AM] 
[6/21/2017 10:43:55 AM] 
[6/21/2017 10:43:55 AM] 
[6/21/2017 10:43:55 AM] 
[6/21/2017 10:43:55 AM] 
[6/21/2017 10:43:55 AM] 
[6/21/2017 10:43:55 AM] 
[6/21/2017 10:43:55 AM] 
[6/21/2017 10:43:55 AM] 
[6/21/2017 10:43:55 AM] 
[6/21/2017 10:43:55 AM] 
[6/21/2017 10:43:55 AM] 
[6/21/2017 10:43:55 AM] 
[6/21/2017 10:43:55 AM] 
[6/21/2017 10:43:55 AM] 
[6/21/2017 10:43:55 AM] 
[6/21/2017 10:43:55 AM] 
[6/21/2017 10:43:55 AM] 
[6/21/2017 10:43:55 AM] 
[6/21/2017 10:43:55 AM] 
[6/21/2017 10:43:55 AM] 
[6/21/2017 10:43:55 AM] 
[6/21/2017 10:43:55 AM] 
[6/21/2017 10:43:55 AM] 
[6/21/2017 10:43:55 AM] 
[6/21/2017 10:43:55 AM] 
[6/21/2017 10:43:55 AM] 
[6/21/2017 10:43:55 AM] 
[6/21/2017 10:43:55 AM] 
[6/21/2017 10:43:55 AM] 
[6/21/2017 10:43:55 AM] 
[6/21/2017 10:43:56 AM] 
[6/21/2017 10:43:56 AM] 
[6/21/2017 10:43:56 AM] 
[6/21/2017 10:43:56 AM] 
[6/21/2017 10:43:56 AM] 
[6/21/2017 10:43:56 AM] 
[6/21/2017 10:43:56 AM] 
[6/21/2017 10:43:56 AM] 
[6/21/2017 10:43:56 AM] 
[6/21/2017 10:43:56 AM] 
[6/21/2017 10:43:56 AM] 
[6/21/2017 10:43:56 AM] 
[6/21/2017 10:43:56 AM] 
[6/21/2017 10:43:56 AM] 
[6/21/2017 10:43:56 AM] 
[6/21/2017 10:43:56 AM] 
[6/21/2017 10:43:56 AM] 
[6/21/2017 10:43:56 AM] 
[6/21/2017 10:43:56 AM] 
[6/21/2017 10:43:56 AM] 
[6/21/2017 10:43:56 AM] 
[6/21/2017 10:43:56 AM] 
[6/21/2017 10:43:56 AM] 
[6/21/2017 10:43:56 AM] 
[6/21/2017 10:43:56 AM] 
[6/21/2017 10:43:56 AM] 
[6/21/2017 10:43:56 AM] 
[6/21/2017 10:43:56 AM] 
[6/21/2017 10:43:56 AM] 
[6/21/2017 10:43:56 AM] 
[6/21/2017 10:43:56 AM] 
[6/21/2017 10:43:56 AM] 
[6/21/2017 10:43:56 AM] 
[6/21/2017 10:43:56 AM] 
[6/21/2017 10:43:56 AM] 
[6/21/2017 10:43:57 AM] 
[6/21/2017 10:43:57 AM] 
[6/21/2017 10:43:57 AM] 
[6/21/2017 10:43:57 AM] 
[6/21/2017 10:43:57 AM] 
[6/21/2017 10:43:57 AM] 
[6/21/2017 10:43:57 AM] 
[6/21/2017 10:43:57 AM] 
[6/21/2017 10:43:57 AM] 
[6/21/2017 10:43:57 AM] 
[6/21/2017 10:43:57 AM] 
[6/21/2017 10:43:57 AM] 
[6/21/2017 10:43:57 AM] 
[6/21/2017 10:43:58 AM] 
[6/21/2017 10:43:58 AM] 
[6/21/2017 10:43:58 AM] 
[6/21/2017 10:43:58 AM] 
[6/21/2017 10:43:58 AM] 
[6/21/2017 10:43:58 AM] 
[6/21/2017 10:43:58 AM] 
[6/21/2017 10:43:58 AM] 
[6/21/2017 10:43:58 AM] 
[6/21/2017 10:43:58 AM] 
[6/21/2017 10:43:58 AM] 
[6/21/2017 10:43:58 AM] 
[6/21/2017 10:43:58 AM] 
[6/21/2017 10:43:58 AM] 
[6/21/2017 10:43:58 AM] 
[6/21/2017 10:43:58 AM] 
[6/21/2017 10:43:58 AM] 
[6/21/2017 10:43:58 AM] 
[6/21/2017 10:43:58 AM] 
[6/21/2017 10:43:58 AM] 
[6/21/2017 10:43:58 AM] 
[6/21/2017 10:43:58 AM] 
[6/21/2017 10:43:58 AM] 
[6/21/2017 10:43:58 AM] 
[6/21/2017 10:43:58 AM] 
[6/21/2017 10:43:58 AM] 
[6/21/2017 10:43:58 AM] 
[6/21/2017 10:43:58 AM] 
[6/21/2017 10:43:58 AM] 
[6/21/2017 10:43:58 AM] 
[6/21/2017 10:43:59 AM] 
[6/21/2017 10:43:59 AM] 
[6/21/2017 10:43:59 AM] 
[6/21/2017 10:43:59 AM] 
[6/21/2017 10:43:59 AM] 
[6/21/2017 10:43:59 AM] 
[6/21/2017 10:43:59 AM] 
[6/21/2017 10:43:59 AM] 
[6/21/2017 10:43:59 AM] 
[6/21/2017 10:43:59 AM] 
[6/21/2017 10:43:59 AM] 
[6/21/2017 10:43:59 AM] 
[6/21/2017 10:43:59 AM] 
[6/21/2017 10:43:59 AM] 
[6/21/2017 10:43:59 AM] 
[6/21/2017 10:43:59 AM] 
[6/21/2017 10:43:59 AM] 
[6/21/2017 10:43:59 AM] 
[6/21/2017 10:43:59 AM] 
[6/21/2017 10:43:59 AM] 
[6/21/2017 10:43:59 AM] 
[6/21/2017 10:43:59 AM] 
[6/21/2017 10:43:59 AM] 
[6/21/2017 10:43:59 AM] 
[6/21/2017 10:43:59 AM] 
[6/21/2017 10:43:59 AM] 
[6/21/2017 10:43:59 AM] 
[6/21/2017 10:43:59 AM] 
[6/21/2017 10:43:59 AM] 
[6/21/2017 10:43:59 AM] 
[6/21/2017 10:43:59 AM] 
[6/21/2017 10:43:59 AM] 
[6/21/2017 10:43:59 AM] 
[6/21/2017 10:43:59 AM] 
[6/21/2017 10:44:00 AM] 
[6/21/2017 10:44:00 AM] 
[6/21/2017 10:44:00 AM] 
[6/21/2017 10:44:00 AM] 
[6/21/2017 10:44:01 AM] 
[6/21/2017 10:44:01 AM] 
[6/21/2017 10:44:01 AM] 
[6/21/2017 10:44:01 AM] 
[6/21/2017 10:44:01 AM] 
[6/21/2017 10:44:01 AM] 
[6/21/2017 10:44:01 AM] 
[6/21/2017 10:44:01 AM] 
[6/21/2017 10:44:01 AM] 
[6/21/2017 10:44:01 AM] 
[6/21/2017 10:44:01 AM] 
[6/21/2017 10:44:01 AM] 
[6/21/2017 10:44:01 AM] 
[6/21/2017 10:44:01 AM] 
[6/21/2017 10:44:01 AM] 
[6/21/2017 10:44:01 AM] 
[6/21/2017 10:44:01 AM] 
[6/21/2017 10:44:01 AM] 
[6/21/2017 10:44:01 AM] 
[6/21/2017 10:44:01 AM] 
[6/21/2017 10:44:01 AM] 
[6/21/2017 10:44:01 AM] 
[6/21/2017 10:44:01 AM] 
[6/21/2017 10:44:01 AM] 
[6/21/2017 10:44:01 AM] 
[6/21/2017 10:44:01 AM] 
[6/21/2017 10:44:01 AM] 
[6/21/2017 10:44:01 AM] 
[6/21/2017 10:44:01 AM] 
[6/21/2017 10:44:01 AM] 
[6/21/2017 10:44:01 AM] 
[6/21/2017 10:44:02 AM] 
[6/21/2017 10:44:02 AM] 
[6/21/2017 10:44:02 AM] 
[6/21/2017 10:44:02 AM] 
[6/21/2017 10:44:02 AM] 
[6/21/2017 10:44:02 AM] 
[6/21/2017 10:44:02 AM] 
[6/21/2017 10:44:02 AM] 
[6/21/2017 10:44:02 AM] 
[6/21/2017 10:44:02 AM] 
[6/21/2017 10:44:02 AM] 
[6/21/2017 10:44:02 AM] 
[6/21/2017 10:44:02 AM] 
[6/21/2017 10:44:02 AM] 
[6/21/2017 10:44:02 AM] 
[6/21/2017 10:44:02 AM] 
[6/21/2017 10:44:02 AM] 
[6/21/2017 10:44:03 AM] 
[6/21/2017 10:44:03 AM] 
[6/21/2017 10:44:03 AM] 
[6/21/2017 10:44:03 AM] 
[6/21/2017 10:44:03 AM] 
[6/21/2017 10:44:03 AM] 
[6/21/2017 10:44:03 AM] 
[6/21/2017 10:44:03 AM] 
[6/21/2017 10:44:03 AM] 
[6/21/2017 10:44:03 AM] 
[6/21/2017 10:44:03 AM] 
[6/21/2017 10:44:03 AM] 
[6/21/2017 10:44:03 AM] 
[6/21/2017 10:44:03 AM] 
[6/21/2017 10:44:03 AM] 
[6/21/2017 10:44:03 AM] 
[6/21/2017 10:44:03 AM] 
[6/21/2017 10:44:03 AM] 
[6/21/2017 10:44:03 AM] 
[6/21/2017 10:44:03 AM] 
[6/21/2017 10:44:03 AM] 
[6/21/2017 10:44:03 AM] 
[6/21/2017 10:44:03 AM] 
[6/21/2017 10:44:03 AM] 
[6/21/2017 10:44:03 AM] 
[6/21/2017 10:44:03 AM] 
[6/21/2017 10:44:03 AM] 
[6/21/2017 10:44:03 AM] 
[6/21/2017 10:44:03 AM] 
[6/21/2017 10:44:03 AM] 
[6/21/2017 10:44:03 AM] 
[6/21/2017 10:44:03 AM] 
[6/21/2017 10:44:03 AM] 
[6/21/2017 10:44:04 AM] 
[6/21/2017 10:44:04 AM] 
[6/21/2017 10:44:04 AM] 
[6/21/2017 10:44:04 AM] 
[6/21/2017 10:44:04 AM] 
[6/21/2017 10:44:04 AM] 
[6/21/2017 10:44:04 AM] 
[6/21/2017 10:44:04 AM] 
[6/21/2017 10:44:04 AM] 
[6/21/2017 10:44:04 AM] 
[6/21/2017 10:44:04 AM] 
[6/21/2017 10:44:04 AM] 
[6/21/2017 10:44:04 AM] 
[6/21/2017 10:44:04 AM] 
[6/21/2017 10:44:04 AM] 
[6/21/2017 10:44:04 AM] 
[6/21/2017 10:44:04 AM] 
[6/21/2017 10:44:04 AM] 
[6/21/2017 10:44:04 AM] 
[6/21/2017 10:44:04 AM] 
[6/21/2017 10:44:04 AM] 
[6/21/2017 10:44:04 AM] 
[6/21/2017 10:44:04 AM] 
[6/21/2017 10:44:04 AM] 
[6/21/2017 10:44:04 AM] 
[6/21/2017 10:44:04 AM] 
[6/21/2017 10:44:04 AM] 
[6/21/2017 10:44:04 AM] 
[6/21/2017 10:44:04 AM] 
[6/21/2017 10:44:04 AM] 
[6/21/2017 10:44:04 AM] 
[6/21/2017 10:44:04 AM] 
[6/21/2017 10:44:04 AM] 
[6/21/2017 10:44:05 AM] 
[6/21/2017 10:44:05 AM] 
[6/21/2017 10:44:05 AM] 
[6/21/2017 10:44:05 AM] 
[6/21/2017 10:44:05 AM] 
[6/21/2017 10:44:05 AM] 
[6/21/2017 10:44:05 AM] 
[6/21/2017 10:44:05 AM] 
[6/21/2017 10:44:05 AM] 
[6/21/2017 10:44:05 AM] 
[6/21/2017 10:44:05 AM] 
[6/21/2017 10:44:44 AM] 
[6/21/2017 10:44:44 AM] 
[6/21/2017 10:44:44 AM] 
[6/21/2017 10:44:44 AM] 
[6/21/2017 10:44:44 AM] 
[6/21/2017 10:44:46 AM] 
[6/21/2017 10:44:46 AM] 
[6/21/2017 10:44:46 AM] 
[6/21/2017 10:44:46 AM] 
[6/21/2017 10:44:46 AM] 
[6/21/2017 10:44:46 AM] 
[6/21/2017 10:44:46 AM] 
[6/21/2017 10:44:46 AM] 
[6/21/2017 10:44:46 AM] 
[6/21/2017 10:44:46 AM] 
[6/21/2017 10:44:47 AM] 
[6/21/2017 10:44:47 AM] 
[6/21/2017 10:44:47 AM] 
[6/21/2017 10:44:47 AM] 
[6/21/2017 10:44:47 AM] 
[6/21/2017 10:44:47 AM] 
[6/21/2017 10:44:47 AM] 
[6/21/2017 10:44:47 AM] 
[6/21/2017 10:44:47 AM] 
[6/21/2017 10:44:47 AM] 
[6/21/2017 10:44:47 AM] 
[6/21/2017 10:44:47 AM] 
[6/21/2017 10:44:47 AM] 
[6/21/2017 10:44:47 AM] 
[6/21/2017 10:44:47 AM] 
[6/21/2017 10:44:47 AM] 
[6/21/2017 10:44:47 AM] 
[6/21/2017 10:44:47 AM] 
[6/21/2017 10:44:47 AM] 
[6/21/2017 10:44:47 AM] 
[6/21/2017 10:44:47 AM] 
[6/21/2017 10:44:47 AM] 
[6/21/2017 10:44:47 AM] 
[6/21/2017 10:44:47 AM] 
[6/21/2017 10:44:47 AM] 
[6/21/2017 10:44:47 AM] 
[6/21/2017 10:44:47 AM] 
[6/21/2017 10:44:47 AM] 
[6/21/2017 10:44:47 AM] 
[6/21/2017 10:44:47 AM] 
[6/21/2017 10:44:47 AM] 
[6/21/2017 10:44:47 AM] 
[6/21/2017 10:44:47 AM] 
[6/21/2017 10:44:48 AM] 
[6/21/2017 10:44:48 AM] 
[6/21/2017 10:44:48 AM] 
[6/21/2017 10:44:48 AM] 
[6/21/2017 10:44:48 AM] 
[6/21/2017 10:44:48 AM] 
[6/21/2017 10:44:48 AM] 
[6/21/2017 10:44:48 AM] 
[6/21/2017 10:44:48 AM] 
[6/21/2017 10:44:48 AM] 
[6/21/2017 10:45:07 AM] "UIFMSG.CFG" 633 lines, 30142 characters 
[6/21/2017 11:14:21 AM] LGDAMEH4:/engn0h1/messvcd5/cfg>ll                                               
[6/21/2017 11:14:22 AM] total 772
[6/21/2017 11:14:22 AM] -rw-r--r--   1 messvcd5   messvcd5      8241 Apr 25 08:03 AAPsvr_D5.cfg
[6/21/2017 11:14:22 AM] -rw-r--r--   1 messvcd5   messvcd5      9726 Apr 25 08:03 APCsvr_D5C.cfg
[6/21/2017 11:14:22 AM] -rw-r--r--   1 messvcd5   messvcd5      9796 Apr 25 08:03 APSsvr_D5C.cfg
[6/21/2017 11:14:22 AM] -rw-r--r--   1 messvcd5   messvcd5      2516 May 30 11:34 ARCapp_D5.cfg
[6/21/2017 11:14:22 AM] -rw-r--r--   1 messvcd5   messvcd5       264 Apr 25 08:03 CONMSG.CFG
[6/21/2017 11:14:22 AM] -rw-r--r--   1 messvcd5   messvcd5      1223 Apr 25 08:03 DB.cfg
[6/21/2017 11:14:22 AM] -rw-r--r--   1 messvcd5   messvcd5      6914 Apr 25 08:04 DLSsvr_D5C.cfg
[6/21/2017 11:14:22 AM] -rw-r--r--   1 messvcd5   messvcd5      8095 Apr 25 08:03 DLYsvr_D5.cfg
[6/21/2017 11:14:22 AM] -rw-r--r--   1 messvcd5   messvcd5      9891 Jun  5 12:51 EDPsvr_D5C.cfg
[6/21/2017 11:14:22 AM] -rw-r--r--   1 messvcd5   messvcd5      8709 Apr 25 08:03 EDSsvr_D5C.cfg
[6/21/2017 11:14:22 AM] -rw-r--r--   1 messvcd5   messvcd5      6418 Jun 15 16:04 EIFMSG.CFG
[6/21/2017 11:14:22 AM] -rw-r--r--   1 messvcd5   messvcd5      7916 Apr 25 08:03 EIFsvr_D5C.cfg
[6/21/2017 11:14:22 AM] -rw-r--r--   1 messvcd5   messvcd5      9597 Apr 25 08:03 EPPsvr_D5C.cfg
[6/21/2017 11:14:22 AM] -rw-r--r--   1 messvcd5   messvcd5      9957 Apr 25 08:03 GUIsvr_D5C.cfg
[6/21/2017 11:14:22 AM] -rw-r--r--   1 messvcd5   messvcd5      6992 Apr 25 17:40 LOGsvr_D5.cfg
[6/21/2017 11:14:22 AM] -rw-r--r--   1 messvcd5   messvcd5      7002 Apr 25 17:39 LOGsvr_D5C.cfg
[6/21/2017 11:14:22 AM] -rw-r--r--   1 messvcd5   messvcd5      7014 Apr 25 08:03 MAILapp_D5.cfg
[6/21/2017 11:14:22 AM] -rw-r--r--   1 messvcd5   messvcd5      8058 Apr 25 08:03 MAILsvr_D5.cfg
[6/21/2017 11:14:22 AM] -rw-r--r--   1 messvcd5   messvcd5      7939 Jun 21 10:41 MATsvr_D5.cfg
[6/21/2017 11:14:22 AM] -rw-r--r--   1 messvcd5   messvcd5      7922 Jun  5 12:55 MDLsvr.cfg
[6/21/2017 11:14:22 AM] -rw-r--r--   1 messvcd5   messvcd5      8172 Apr 25 08:04 MHSsvr_D5C.cfg
[6/21/2017 11:14:22 AM] -rw-r--r--   1 messvcd5   messvcd5      9920 Apr 25 08:03 MOSsvr_D5C.cfg
[6/21/2017 11:14:22 AM] -rw-r--r--   1 messvcd5   messvcd5      7693 Apr 25 08:03 MPSsvr_D5.cfg
[6/21/2017 11:14:22 AM] -rw-r--r--   1 messvcd5   messvcd5       873 Apr 25 08:48 MULTICAST.CFG
[6/21/2017 11:14:22 AM] -rw-r--r--   1 messvcd5   messvcd5       874 Apr 25 08:03 MULTICAST_BAK.CFG
[6/21/2017 11:14:22 AM] -rw-r--r--   1 messvcd5   messvcd5      8703 Apr 25 08:03 PFMsvr_D5C.cfg
[6/21/2017 11:14:22 AM] -rw-r--r--   1 messvcd5   messvcd5      7535 Apr 25 08:03 PPCsvr_D5.cfg
[6/21/2017 11:14:22 AM] -rw-r--r--   1 messvcd5   messvcd5      6463 Apr 25 08:03 PROsvr_D5.cfg
[6/21/2017 11:14:22 AM] -rw-r--r--   1 messvcd5   messvcd5      6935 Jun  2 16:22 PTFsvr.cfg
[6/21/2017 11:14:22 AM] -rw-r--r--   1 messvcd5   messvcd5      3433 Jun  1 18:28 PTFsvr_Env.cfg
[6/21/2017 11:14:22 AM] -rw-r--r--   1 messvcd5   messvcd5      7558 Apr 25 08:03 RCPsvr_D5C.cfg
[6/21/2017 11:14:22 AM] -rw-r--r--   1 messvcd5   messvcd5      7430 Apr 25 17:35 RDSsvr_D5C.cfg
[6/21/2017 11:14:22 AM] -rw-r--r--   1 messvcd5   messvcd5      9652 Apr 25 08:03 RDXsvr_D5C.cfg
[6/21/2017 11:14:22 AM] -rw-r--r--   1 messvcd5   messvcd5      6899 Apr 25 08:03 RTRsvr_D5C.cfg
[6/21/2017 11:14:22 AM] -rw-r--r--   1 messvcd5   messvcd5      9652 Apr 25 08:03 SMSsvr_D5C.cfg
[6/21/2017 11:14:22 AM] -rw-r--r--   1 messvcd5   messvcd5      6813 Apr 25 08:03 SQLsvr_COMD5.cfg
[6/21/2017 11:14:22 AM] -rw-r--r--   1 messvcd5   messvcd5      6786 Apr 25 08:03 SQLsvr_D5.cfg
[6/21/2017 11:14:22 AM] -rw-r--r--   1 messvcd5   messvcd5      6795 Apr 25 08:03 SQLsvr_D5C.cfg
[6/21/2017 11:14:22 AM] -rw-r--r--   1 messvcd5   messvcd5      6896 Apr 25 16:42 SQLsvr_EAHD5.cfg
[6/21/2017 11:14:22 AM] -rw-r--r--   1 messvcd5   messvcd5      6896 Apr 25 16:43 SQLsvr_EASD5.cfg
[6/21/2017 11:14:22 AM] -rw-r--r--   1 messvcd5   messvcd5      6813 Apr 25 08:03 SQLsvr_EDSD5.cfg
[6/21/2017 11:14:22 AM] -rw-r--r--   1 messvcd5   messvcd5      6813 Apr 25 08:03 SQLsvr_HISD5.cfg
[6/21/2017 11:14:22 AM] -rw-r--r--   1 messvcd5   messvcd5      6813 Apr 25 08:03 SQLsvr_RPTD5.cfg
[6/21/2017 11:14:22 AM] -rw-r--r--   1 messvcd5   messvcd5      9633 Apr 25 08:03 TAPsvr_D5C.cfg
[6/21/2017 11:14:22 AM] -rw-r--r--   1 messvcd5   messvcd5       321 Apr 25 08:03 TIMSVR.CFG
[6/21/2017 11:14:22 AM] -rw-r--r--   1 messvcd5   messvcd5      6975 Apr 25 08:04 TIMsvr_D5C.cfg
[6/21/2017 11:14:22 AM] -rw-rw-r--   1 messvcd5   messvcd5     30142 Jun 21 10:45 UIFMSG.CFG
[6/21/2017 11:14:22 AM] -rw-r--r--   1 messvcd5   messvcd5      8026 Apr 25 08:03 UIFsvr_D5.cfg
[6/21/2017 11:14:22 AM] -rw-r--r--   1 messvcd5   messvcd5      8066 Apr 25 08:03 UIFsvr_D5C.cfg
[6/21/2017 11:14:22 AM] -rw-r--r--   1 messvcd5   messvcd5      7251 Apr 25 08:03 USRRsvr_D5.cfg
[6/21/2017 11:14:22 AM] drwxr-xr-x   2 messvcd5   messvcd5        96 Jun  3 11:48 back
[6/21/2017 11:14:22 AM] -rwxr-xr-x   1 messvcd5   messvcd5       148 Apr 25 08:03 chamge_work.ksh
[6/21/2017 11:14:22 AM] -rwxr-xr-x   1 messvcd5   messvcd5        35 Jun 11  2013 dump.ksh
[6/21/2017 11:14:22 AM] -rw-r--r--   1 messvcd5   messvcd5        88 Apr 25 08:03 findfile.dat
[6/21/2017 11:15:13 AM] LGDAMEH4:/engn0h1/messvcd5/cfg>exit
[6/21/2017 11:15:13 AM] logout root
[6/21/2017 11:15:15 AM] LGDAMEH4:/home/sysadm01>exit
[6/21/2017 11:15:15 AM] logout
[6/21/2017 11:15:15 AM] 
[6/21/2017 11:15:15 AM] Connection closed by foreign host.

[END] 6/21/2017 11:15:15 AM
