[BEGIN] 6/21/2017 11:24:47 AM
[6/21/2017 11:24:47 AM] Connecting to 10.119.211.153
[6/21/2017 11:24:47 AM] USER[1007033524], PC[10.119.236.192], TARGET[10.119.211.153]
[6/21/2017 11:24:49 AM] Last successful login:       Wed Jun 21 10:19:19 TST 2017 ::ffff:10.119.200.44  
[6/21/2017 11:24:49 AM] Last login: Wed Jun 21 10:19:19 2017 from 10.119.200.44
[6/21/2017 11:24:49 AM] Warning!! Authorized users only. All activity may be monitored and reported.
[6/21/2017 11:24:49 AM] 
[6/21/2017 11:24:49 AM] 
[6/21/2017 11:24:49 AM] INFORMATION: This session will expire after 8268 hours and 35 minutes.
[6/21/2017 11:24:49 AM] (c)Copyright 1983-2006 Hewlett-Packard Development Company, L.P.
[6/21/2017 11:24:49 AM] (c)Copyright 1979, 1980, 1983, 1985-1993 The Regents of the Univ. of California
[6/21/2017 11:24:49 AM] (c)Copyright 1980, 1984, 1986 Novell, Inc.
[6/21/2017 11:24:49 AM] (c)Copyright 1986-2000 Sun Microsystems, Inc.
[6/21/2017 11:24:49 AM] (c)Copyright 1985, 1986, 1988 Massachusetts Institute of Technology
[6/21/2017 11:24:49 AM] (c)Copyright 1989-1993  The Open Software Foundation, Inc.
[6/21/2017 11:24:49 AM] (c)Copyright 1990 Motorola, Inc.
[6/21/2017 11:24:49 AM] (c)Copyright 1990, 1991, 1992 Cornell University
[6/21/2017 11:24:49 AM] (c)Copyright 1989-1991 The University of Maryland
[6/21/2017 11:24:49 AM] (c)Copyright 1988 Carnegie Mellon University
[6/21/2017 11:24:49 AM] (c)Copyright 1991-2006 Mentat Inc.
[6/21/2017 11:24:49 AM] (c)Copyright 1996 Morning Star Technologies, Inc.
[6/21/2017 11:24:49 AM] (c)Copyright 1996 Progressive Systems, Inc.
[6/21/2017 11:24:49 AM] 
[6/21/2017 11:24:49 AM] Confidential computer software. Valid license from HP required for
[6/21/2017 11:24:49 AM] possession, use or copying.  Consistent with FAR 12.211 and 12.212,
[6/21/2017 11:24:49 AM] Commercial Computer Software, Computer Software Documentation, and
[6/21/2017 11:24:49 AM] Technical Data for Commercial Items are licensed to the U.S. Government
[6/21/2017 11:24:49 AM] under vendor's standard commercial license.
[6/21/2017 11:24:49 AM] 
[6/21/2017 11:24:49 AM] Warning!! Authorized users only. All activity may be monitored and reported.
[6/21/2017 11:24:49 AM] 
[6/21/2017 11:24:49 AM] You have mail.
[6/21/2017 11:24:50 AM]                                                                                                                                                                                         
[6/21/2017 11:24:50 AM] Value of TERM has been set to "vt100". 
[6/21/2017 11:25:00 AM] LGDAMEH3:/engn0h1/messvcd5] cd bin
[6/21/2017 11:28:51 AM] LGDAMEH3:/engn0h1/messvcd5/bin] cp MAILapp MAILapp_20170621
[6/21/2017 11:31:56 AM] LGDAMEH3:/engn0h1/messvcd5/bin] whoami
[6/21/2017 11:31:56 AM] messvcd5
[6/21/2017 11:34:25 AM] LGDAMEH3:/engn0h1/messvcd5/bin] ls
[6/21/2017 11:34:26 AM] AAPsvr*            backup/            EDSsvr*            JEUS_down          make*              PPCsvr*            PTFsvr_MULTIFAB    SMSsvr*            UIFsvr*
[6/21/2017 11:34:26 AM] APCsvr*            copy_bin*          EIFsvr*            LOGsvr*            MATsvr*            PROsvr             RCPsvr*            SQLsvr*            USRRsvr*
[6/21/2017 11:34:26 AM] APSsvr*            DLSsvr*            EPPsvr*            MAILapp*           MDLsvr*            PRSsvr             RDXsvr*            svrStop*           ./
[6/21/2017 11:34:26 AM] ARCapp*            DLYsvr*            GUIsvr*            MAILapp_20170621*  MPSsvr*            PTFBACKUP/         RTREVPsvr*         TAPsvr*            ../
[6/21/2017 11:34:26 AM] ARCapp_MULTIFAB    EDPsvr*            JEUS_boot          MAILsvr*           msend*             PTFsvr*            RTRsvr*            TIMsvr*
[6/21/2017 01:06:16 PM] LGDAMEH3:/engn0h1/messvcd5/bin] copy_bin MAILapp
[6/21/2017 01:06:16 PM] MAILapp
[6/21/2017 01:06:22 PM] LGDAMEH3:/engn0h1/messvcd5/bin] copy_bin MAILapp
[6/21/2017 01:06:22 PM] MAILapp
[6/21/2017 01:07:06 PM] LGDAMEH3:/engn0h1/messvcd5/bin] ll | grep MA
[6/21/2017 01:07:06 PM] 37874 -rwxr-xr-x   1 messvcd5   19391320 Jun 21 13:06 MAILapp*
[6/21/2017 01:07:06 PM] 36976 -rwxr-xr-x   1 messvcd5   18931432 Jun 21 11:28 MAILapp_20170621*
[6/21/2017 01:07:06 PM] 10256 -rwxr-xr-x   1 messvcd5   5250464 Jun  2 12:06 MAILsvr*
[6/21/2017 01:07:06 PM] 111952 -rwxr-xr-x   1 messvcd5   57310368 Jun  2 13:55 MATsvr*
[6/21/2017 01:15:20 PM] LGDAMEH3:/engn0h1/messvcd5/bin] ps -ef | grep EDPsvr
[6/21/2017 01:15:20 PM] messvcd5 24461     1  0  Jun  6  ?        00:05:34 /engn0h1/messvcd5/bin/EDPsvr sys=CCS seq=15 shop=D5C env=EDPsvr_D5C.cfg ftweight=30 type= dest=
[6/21/2017 01:15:20 PM] messvcd5 24453     1  0  Jun  6  ?        00:05:27 /engn0h1/messvcd5/bin/EDPsvr sys=CCS seq=14 shop=D5C env=EDPsvr_D5C.cfg ftweight=30 type= dest=
[6/21/2017 01:15:20 PM] messvcd5 24469     1  0  Jun  6  ?        00:05:47 /engn0h1/messvcd5/bin/EDPsvr sys=CCS seq=16 shop=D5C env=EDPsvr_D5C.cfg ftweight=30 type= dest=
[6/21/2017 01:15:20 PM] messvcd5 24477     1  0  Jun  6  ?        00:05:31 /engn0h1/messvcd5/bin/EDPsvr sys=CCS seq=17 shop=D5C env=EDPsvr_D5C.cfg ftweight=30 type= dest=
[6/21/2017 01:15:20 PM] messvcd5 24445     1  0  Jun  6  ?        00:05:52 /engn0h1/messvcd5/bin/EDPsvr sys=CCS seq=13 shop=D5C env=EDPsvr_D5C.cfg ftweight=30 type= dest=
[6/21/2017 01:15:20 PM] messvcd5 24437     1  0  Jun  6  ?        00:05:47 /engn0h1/messvcd5/bin/EDPsvr sys=CCS seq=12 shop=D5C env=EDPsvr_D5C.cfg ftweight=30 type= dest=
[6/21/2017 01:15:20 PM] messvcd5 24427     1  0  Jun  6  ?        00:05:51 /engn0h1/messvcd5/bin/EDPsvr sys=CCS seq=11 shop=D5C env=EDPsvr_D5C.cfg ftweight=30 type= dest=
[6/21/2017 01:15:20 PM] messvcd5 13109  4353  0 13:15:20 pts/2    00:00:00 grep EDPsvr
[6/21/2017 01:23:09 PM] LGDAMEH3:/engn0h1/messvcd5/bin] exit
[6/21/2017 01:23:09 PM] logout
[6/21/2017 01:23:09 PM] 
[6/21/2017 01:23:09 PM] Connection closed by foreign host.

[END] 6/21/2017 01:23:09 PM
